Using pre-set license
Built from '2021.3/staging' branch; Version is '2021.3.19f1 (c9714fde33b6) revision 13201743'; Using compiler version '192829333'; Build Type 'Release'
OS: 'Windows 11  (10.0.22621) 64bit Professional' Language: 'en' Physical Memory: 16145 MB
BatchMode: 1, IsHumanControllingUs: 0, StartBugReporterOnCrash: 0, Is64bit: 1, IsPro: 1

COMMAND LINE ARGUMENTS:
C:\Program Files\Unity\Hub\Editor\2021.3.19f1\Editor\Unity.exe
-adb2
-batchMode
-noUpm
-name
AssetImportWorker8
-projectPath
C:/Users/marlo/The one with the tanks
-logFile
Logs/AssetImportWorker8.log
-srvPort
62256
Successfully changed project path to: C:/Users/marlo/The one with the tanks
C:/Users/marlo/The one with the tanks
[UnityMemory] Configuration Parameters - Can be set up in boot.config
    "memorysetup-bucket-allocator-granularity=16"
    "memorysetup-bucket-allocator-bucket-count=8"
    "memorysetup-bucket-allocator-block-size=33554432"
    "memorysetup-bucket-allocator-block-count=8"
    "memorysetup-main-allocator-block-size=16777216"
    "memorysetup-thread-allocator-block-size=16777216"
    "memorysetup-gfx-main-allocator-block-size=16777216"
    "memorysetup-gfx-thread-allocator-block-size=16777216"
    "memorysetup-cache-allocator-block-size=4194304"
    "memorysetup-typetree-allocator-block-size=2097152"
    "memorysetup-profiler-bucket-allocator-granularity=16"
    "memorysetup-profiler-bucket-allocator-bucket-count=8"
    "memorysetup-profiler-bucket-allocator-block-size=33554432"
    "memorysetup-profiler-bucket-allocator-block-count=8"
    "memorysetup-profiler-allocator-block-size=16777216"
    "memorysetup-profiler-editor-allocator-block-size=1048576"
    "memorysetup-temp-allocator-size-main=16777216"
    "memorysetup-job-temp-allocator-block-size=2097152"
    "memorysetup-job-temp-allocator-block-size-background=1048576"
    "memorysetup-job-temp-allocator-reduction-small-platforms=262144"
    "memorysetup-temp-allocator-size-background-worker=32768"
    "memorysetup-temp-allocator-size-job-worker=262144"
    "memorysetup-temp-allocator-size-preload-manager=33554432"
    "memorysetup-temp-allocator-size-nav-mesh-worker=65536"
    "memorysetup-temp-allocator-size-audio-worker=65536"
    "memorysetup-temp-allocator-size-cloud-worker=32768"
    "memorysetup-temp-allocator-size-gi-baking-worker=262144"
    "memorysetup-temp-allocator-size-gfx=262144"
Player connection [43128] Host "[IP] 192.168.1.213 [Port] 0 [Flags] 2 [Guid] 676268225 [EditorId] 676268225 [Version] 1048832 [Id] WindowsEditor(7,MarlonLapDeskTo) [Debug] 1 [PackageName] WindowsEditor [ProjectName] Editor" joined multi-casting on [225.0.0.222:54997]...

Player connection [43128] Host "[IP] 192.168.1.213 [Port] 0 [Flags] 2 [Guid] 676268225 [EditorId] 676268225 [Version] 1048832 [Id] WindowsEditor(7,MarlonLapDeskTo) [Debug] 1 [PackageName] WindowsEditor [ProjectName] Editor" joined alternative multi-casting on [225.0.0.222:34997]...

Refreshing native plugins compatible for Editor in 184.69 ms, found 3 plugins.
Preloading 0 native plugins for Editor in 0.00 ms.
Initialize engine version: 2021.3.19f1 (c9714fde33b6)
[Subsystems] Discovering subsystems at path C:/Program Files/Unity/Hub/Editor/2021.3.19f1/Editor/Data/Resources/UnitySubsystems
[Subsystems] Discovering subsystems at path C:/Users/marlo/The one with the tanks/Assets
GfxDevice: creating device client; threaded=0; jobified=0
Direct3D:
    Version:  Direct3D 11.0 [level 11.1]
    Renderer: NVIDIA GeForce GTX 1650 Ti (ID=0x1f95)
    Vendor:   NVIDIA
    VRAM:     3949 MB
    Driver:   31.0.15.3161
Initialize mono
Mono path[0] = 'C:/Program Files/Unity/Hub/Editor/2021.3.19f1/Editor/Data/Managed'
Mono path[1] = 'C:/Program Files/Unity/Hub/Editor/2021.3.19f1/Editor/Data/MonoBleedingEdge/lib/mono/unityjit-win32'
Mono config path = 'C:/Program Files/Unity/Hub/Editor/2021.3.19f1/Editor/Data/MonoBleedingEdge/etc'
Using monoOptions --debugger-agent=transport=dt_socket,embedding=1,server=y,suspend=n,address=127.0.0.1:56880
Begin MonoManager ReloadAssembly
Registering precompiled unity dll's ...
Register platform support module: C:/Program Files/Unity/Hub/Editor/2021.3.19f1/Editor/Data/PlaybackEngines/WebGLSupport/UnityEditor.WebGL.Extensions.dll
Register platform support module: C:/Program Files/Unity/Hub/Editor/2021.3.19f1/Editor/Data/PlaybackEngines/WindowsStandaloneSupport/UnityEditor.WindowsStandalone.Extensions.dll
Registered in 0.008932 seconds.
Native extension for WindowsStandalone target not found
Native extension for WebGL target not found
Refreshing native plugins compatible for Editor in 127.90 ms, found 3 plugins.
Preloading 0 native plugins for Editor in 0.00 ms.
Mono: successfully reloaded assembly
- Completed reload, in  0.832 seconds
Domain Reload Profiling:
	ReloadAssembly (833ms)
		BeginReloadAssembly (91ms)
			ExecutionOrderSort (0ms)
			DisableScriptedObjects (0ms)
			BackupInstance (0ms)
			ReleaseScriptingObjects (0ms)
			CreateAndSetChildDomain (1ms)
		EndReloadAssembly (596ms)
			LoadAssemblies (89ms)
			RebuildTransferFunctionScriptingTraits (0ms)
			SetupTypeCache (133ms)
			ReleaseScriptCaches (0ms)
			RebuildScriptCaches (35ms)
			SetupLoadedEditorAssemblies (365ms)
				LogAssemblyErrors (0ms)
				InitializePlatformSupportModulesInManaged (11ms)
				SetLoadedEditorAssemblies (0ms)
				RefreshPlugins (128ms)
				BeforeProcessingInitializeOnLoad (1ms)
				ProcessInitializeOnLoadAttributes (167ms)
				ProcessInitializeOnLoadMethodAttributes (57ms)
				AfterProcessingInitializeOnLoad (0ms)
				EditorAssembliesLoaded (0ms)
			ExecutionOrderSort2 (0ms)
			AwakeInstancesAfterBackupRestoration (0ms)
Platform modules already initialized, skipping
Registering precompiled user dll's ...
Registered in 0.006319 seconds.
Begin MonoManager ReloadAssembly
Symbol file LoadedFromMemory doesn't match image C:\Users\marlo\The one with the tanks\Library\PackageCache\com.unity.visualscripting@1.8.0\Editor\VisualScripting.Core\Dependencies\YamlDotNet\Unity.VisualScripting.YamlDotNet.dll
Symbol file LoadedFromMemory doesn't match image C:\Users\marlo\The one with the tanks\Library\PackageCache\com.unity.visualscripting@1.8.0\Editor\VisualScripting.Core\Dependencies\DotNetZip\Unity.VisualScripting.IonicZip.dll
Native extension for WindowsStandalone target not found
Native extension for WebGL target not found
Refreshing native plugins compatible for Editor in 118.71 ms, found 3 plugins.
Preloading 0 native plugins for Editor in 0.00 ms.
Mono: successfully reloaded assembly
- Completed reload, in  1.431 seconds
Domain Reload Profiling:
	ReloadAssembly (1432ms)
		BeginReloadAssembly (130ms)
			ExecutionOrderSort (0ms)
			DisableScriptedObjects (10ms)
			BackupInstance (0ms)
			ReleaseScriptingObjects (0ms)
			CreateAndSetChildDomain (21ms)
		EndReloadAssembly (1158ms)
			LoadAssemblies (95ms)
			RebuildTransferFunctionScriptingTraits (0ms)
			SetupTypeCache (354ms)
			ReleaseScriptCaches (1ms)
			RebuildScriptCaches (66ms)
			SetupLoadedEditorAssemblies (579ms)
				LogAssemblyErrors (0ms)
				InitializePlatformSupportModulesInManaged (6ms)
				SetLoadedEditorAssemblies (0ms)
				RefreshPlugins (119ms)
				BeforeProcessingInitializeOnLoad (106ms)
				ProcessInitializeOnLoadAttributes (322ms)
				ProcessInitializeOnLoadMethodAttributes (18ms)
				AfterProcessingInitializeOnLoad (7ms)
				EditorAssembliesLoaded (0ms)
			ExecutionOrderSort2 (0ms)
			AwakeInstancesAfterBackupRestoration (7ms)
Platform modules already initialized, skipping
========================================================================
Worker process is ready to serve import requests
Launched and connected shader compiler UnityShaderCompiler.exe after 0.04 seconds
Refreshing native plugins compatible for Editor in 0.83 ms, found 3 plugins.
Preloading 0 native plugins for Editor in 0.00 ms.
Unloading 3712 Unused Serialized files (Serialized files now loaded: 0)
Unloading 63 unused Assets / (234.5 KB). Loaded Objects now: 4163.
Memory consumption went from 228.1 MB to 227.8 MB.
Total: 3.564900 ms (FindLiveObjects: 0.314600 ms CreateObjectMapping: 0.279600 ms MarkObjects: 2.819900 ms  DeleteObjects: 0.149900 ms)

AssetImportParameters requested are different than current active one (requested -> active):
  custom:video-decoder-ogg-theora: a1e56fd34408186e4bbccfd4996cb3dc -> 
  custom:container-muxer-webm: aa71ff27fc2769a1b78a27578f13a17b -> 
  custom:container-demuxer-webm: 4f35f7cbe854078d1ac9338744f61a02 -> 
  custom:video-encoder-webm-vp8: eb34c28f22e8b96e1ab97ce403110664 -> 
  custom:audio-encoder-webm-vorbis: bf7c407c2cedff20999df2af8eb42d56 -> 
  custom:framework-win-MediaFoundation: 216162199b28c13a410421893ffa2e32 -> 
  custom:container-demuxer-ogg: 62fdf1f143b41e24485cea50d1cbac27 -> 
  custom:video-decoder-webm-vp8: 9c59270c3fd7afecdb556c50c9e8de78 -> 
  custom:audio-decoder-ogg-vorbis: bf7c407c2cedff20999df2af8eb42d56 -> 
========================================================================
Received Import Request.
  Time since last request: 861114.912143 seconds.
  path: Assets/Prefabs/Obstacles/CircleOpenWithHoles.prefab
  artifactKey: Guid(5e85f8a54c9df544ea5ea59637c01b5e) Importer(815301076,1909f56bfc062723c751e8b465ee728b)
Start importing Assets/Prefabs/Obstacles/CircleOpenWithHoles.prefab using Guid(5e85f8a54c9df544ea5ea59637c01b5e) Importer(815301076,1909f56bfc062723c751e8b465ee728b)  -> (artifact id: 'a489346d77116a47735b283a4cc6b630') in 0.206891 seconds 
========================================================================
Received Import Request.
  Time since last request: 16.595629 seconds.
  path: Assets/Prefabs/Obstacles/CircleOpenWithHoles.prefab
  artifactKey: Guid(5e85f8a54c9df544ea5ea59637c01b5e) Importer(815301076,1909f56bfc062723c751e8b465ee728b)
Start importing Assets/Prefabs/Obstacles/CircleOpenWithHoles.prefab using Guid(5e85f8a54c9df544ea5ea59637c01b5e) Importer(815301076,1909f56bfc062723c751e8b465ee728b)  -> (artifact id: '29b642c948253f58d478cac1c8c24a0e') in 0.027867 seconds 
========================================================================
Received Import Request.
  Time since last request: 2.904064 seconds.
  path: Assets/Prefabs/Obstacles/OuterCircleWithHoles.prefab
  artifactKey: Guid(e5aab9edfb362d348b8d9eb8ff5006f2) Importer(815301076,1909f56bfc062723c751e8b465ee728b)
Start importing Assets/Prefabs/Obstacles/OuterCircleWithHoles.prefab using Guid(e5aab9edfb362d348b8d9eb8ff5006f2) Importer(815301076,1909f56bfc062723c751e8b465ee728b)  -> (artifact id: '46d22327db547064c868bf2406bcd1c2') in 0.020459 seconds 
========================================================================
Received Prepare
Registering precompiled user dll's ...
Registered in 0.006683 seconds.
Begin MonoManager ReloadAssembly
Symbol file LoadedFromMemory doesn't match image C:\Users\marlo\The one with the tanks\Library\PackageCache\com.unity.visualscripting@1.8.0\Editor\VisualScripting.Core\Dependencies\YamlDotNet\Unity.VisualScripting.YamlDotNet.dll
Symbol file LoadedFromMemory doesn't match image C:\Users\marlo\The one with the tanks\Library\PackageCache\com.unity.visualscripting@1.8.0\Editor\VisualScripting.Core\Dependencies\DotNetZip\Unity.VisualScripting.IonicZip.dll
Native extension for WindowsStandalone target not found
Native extension for WebGL target not found
Refreshing native plugins compatible for Editor in 2.67 ms, found 3 plugins.
Preloading 0 native plugins for Editor in 0.00 ms.
Mono: successfully reloaded assembly
- Completed reload, in  1.638 seconds
Domain Reload Profiling:
	ReloadAssembly (1639ms)
		BeginReloadAssembly (183ms)
			ExecutionOrderSort (0ms)
			DisableScriptedObjects (6ms)
			BackupInstance (0ms)
			ReleaseScriptingObjects (0ms)
			CreateAndSetChildDomain (52ms)
		EndReloadAssembly (1322ms)
			LoadAssemblies (105ms)
			RebuildTransferFunctionScriptingTraits (0ms)
			SetupTypeCache (421ms)
			ReleaseScriptCaches (2ms)
			RebuildScriptCaches (75ms)
			SetupLoadedEditorAssemblies (628ms)
				LogAssemblyErrors (0ms)
				InitializePlatformSupportModulesInManaged (21ms)
				SetLoadedEditorAssemblies (2ms)
				RefreshPlugins (3ms)
				BeforeProcessingInitializeOnLoad (120ms)
				ProcessInitializeOnLoadAttributes (433ms)
				ProcessInitializeOnLoadMethodAttributes (38ms)
				AfterProcessingInitializeOnLoad (11ms)
				EditorAssembliesLoaded (0ms)
			ExecutionOrderSort2 (0ms)
			AwakeInstancesAfterBackupRestoration (9ms)
Platform modules already initialized, skipping
Refreshing native plugins compatible for Editor in 9.12 ms, found 3 plugins.
Preloading 0 native plugins for Editor in 0.00 ms.
Unloading 3662 Unused Serialized files (Serialized files now loaded: 0)
Unloading 54 unused Assets / (227.5 KB). Loaded Objects now: 4175.
Memory consumption went from 227.3 MB to 227.1 MB.
Total: 4.724900 ms (FindLiveObjects: 0.376900 ms CreateObjectMapping: 0.302800 ms MarkObjects: 3.789500 ms  DeleteObjects: 0.254100 ms)

AssetImportParameters requested are different than current active one (requested -> active):
  custom:video-decoder-ogg-theora: a1e56fd34408186e4bbccfd4996cb3dc -> 
  custom:container-muxer-webm: aa71ff27fc2769a1b78a27578f13a17b -> 
  custom:container-demuxer-webm: 4f35f7cbe854078d1ac9338744f61a02 -> 
  custom:video-encoder-webm-vp8: eb34c28f22e8b96e1ab97ce403110664 -> 
  custom:audio-encoder-webm-vorbis: bf7c407c2cedff20999df2af8eb42d56 -> 
  custom:framework-win-MediaFoundation: 216162199b28c13a410421893ffa2e32 -> 
  custom:container-demuxer-ogg: 62fdf1f143b41e24485cea50d1cbac27 -> 
  custom:video-decoder-webm-vp8: 9c59270c3fd7afecdb556c50c9e8de78 -> 
  custom:audio-decoder-ogg-vorbis: bf7c407c2cedff20999df2af8eb42d56 -> 
========================================================================
Received Prepare
Registering precompiled user dll's ...
Registered in 0.008333 seconds.
Begin MonoManager ReloadAssembly
Symbol file LoadedFromMemory doesn't match image C:\Users\marlo\The one with the tanks\Library\PackageCache\com.unity.visualscripting@1.8.0\Editor\VisualScripting.Core\Dependencies\YamlDotNet\Unity.VisualScripting.YamlDotNet.dll
Symbol file LoadedFromMemory doesn't match image C:\Users\marlo\The one with the tanks\Library\PackageCache\com.unity.visualscripting@1.8.0\Editor\VisualScripting.Core\Dependencies\DotNetZip\Unity.VisualScripting.IonicZip.dll
Native extension for WindowsStandalone target not found
Native extension for WebGL target not found
Refreshing native plugins compatible for Editor in 1.03 ms, found 3 plugins.
Preloading 0 native plugins for Editor in 0.00 ms.
Mono: successfully reloaded assembly
- Completed reload, in  1.760 seconds
Domain Reload Profiling:
	ReloadAssembly (1762ms)
		BeginReloadAssembly (227ms)
			ExecutionOrderSort (0ms)
			DisableScriptedObjects (8ms)
			BackupInstance (0ms)
			ReleaseScriptingObjects (0ms)
			CreateAndSetChildDomain (54ms)
		EndReloadAssembly (1343ms)
			LoadAssemblies (147ms)
			RebuildTransferFunctionScriptingTraits (0ms)
			SetupTypeCache (453ms)
			ReleaseScriptCaches (1ms)
			RebuildScriptCaches (61ms)
			SetupLoadedEditorAssemblies (608ms)
				LogAssemblyErrors (0ms)
				InitializePlatformSupportModulesInManaged (24ms)
				SetLoadedEditorAssemblies (1ms)
				RefreshPlugins (1ms)
				BeforeProcessingInitializeOnLoad (99ms)
				ProcessInitializeOnLoadAttributes (440ms)
				ProcessInitializeOnLoadMethodAttributes (32ms)
				AfterProcessingInitializeOnLoad (11ms)
				EditorAssembliesLoaded (0ms)
			ExecutionOrderSort2 (0ms)
			AwakeInstancesAfterBackupRestoration (12ms)
Platform modules already initialized, skipping
Refreshing native plugins compatible for Editor in 8.22 ms, found 3 plugins.
Preloading 0 native plugins for Editor in 0.00 ms.
Unloading 3662 Unused Serialized files (Serialized files now loaded: 0)
Unloading 54 unused Assets / (227.5 KB). Loaded Objects now: 4178.
Memory consumption went from 227.4 MB to 227.1 MB.
Total: 4.626800 ms (FindLiveObjects: 0.431400 ms CreateObjectMapping: 0.339100 ms MarkObjects: 3.658000 ms  DeleteObjects: 0.196300 ms)

AssetImportParameters requested are different than current active one (requested -> active):
  custom:video-decoder-ogg-theora: a1e56fd34408186e4bbccfd4996cb3dc -> 
  custom:container-muxer-webm: aa71ff27fc2769a1b78a27578f13a17b -> 
  custom:container-demuxer-webm: 4f35f7cbe854078d1ac9338744f61a02 -> 
  custom:video-encoder-webm-vp8: eb34c28f22e8b96e1ab97ce403110664 -> 
  custom:audio-encoder-webm-vorbis: bf7c407c2cedff20999df2af8eb42d56 -> 
  custom:framework-win-MediaFoundation: 216162199b28c13a410421893ffa2e32 -> 
  custom:container-demuxer-ogg: 62fdf1f143b41e24485cea50d1cbac27 -> 
  custom:video-decoder-webm-vp8: 9c59270c3fd7afecdb556c50c9e8de78 -> 
  custom:audio-decoder-ogg-vorbis: bf7c407c2cedff20999df2af8eb42d56 -> 
========================================================================
Received Import Request.
  Time since last request: 193.179570 seconds.
  path: Assets/Prefabs/Obstacles/HolesCorner1MissingSide.prefab
  artifactKey: Guid(d25fd13ca5c5e6940a552ca5e37b50e6) Importer(815301076,1909f56bfc062723c751e8b465ee728b)
Start importing Assets/Prefabs/Obstacles/HolesCorner1MissingSide.prefab using Guid(d25fd13ca5c5e6940a552ca5e37b50e6) Importer(815301076,1909f56bfc062723c751e8b465ee728b)  -> (artifact id: '8c5fa4d0d80ed9d42f796f48b9bc63ce') in 0.070013 seconds 
========================================================================
Received Import Request.
  Time since last request: 12.200892 seconds.
  path: Assets/Prefabs/Obstacles/HolesCorner1MissingBottom.prefab
  artifactKey: Guid(a61f959fbb4150945bc45746e21623ed) Importer(815301076,1909f56bfc062723c751e8b465ee728b)
Start importing Assets/Prefabs/Obstacles/HolesCorner1MissingBottom.prefab using Guid(a61f959fbb4150945bc45746e21623ed) Importer(815301076,1909f56bfc062723c751e8b465ee728b)  -> (artifact id: '6973a75e77ec28fd90b9dae4e8f9ed04') in 0.010394 seconds 
========================================================================
Received Import Request.
  Time since last request: 13.042280 seconds.
  path: Assets/Prefabs/Obstacles/HolesCorner1MissingSide.prefab
  artifactKey: Guid(d25fd13ca5c5e6940a552ca5e37b50e6) Importer(815301076,1909f56bfc062723c751e8b465ee728b)
Start importing Assets/Prefabs/Obstacles/HolesCorner1MissingSide.prefab using Guid(d25fd13ca5c5e6940a552ca5e37b50e6) Importer(815301076,1909f56bfc062723c751e8b465ee728b)  -> (artifact id: 'a0fd2290f80b4e8be30f8da390e60af4') in 0.008649 seconds 
========================================================================
Received Prepare
Registering precompiled user dll's ...
Registered in 0.008025 seconds.
Begin MonoManager ReloadAssembly
Symbol file LoadedFromMemory doesn't match image C:\Users\marlo\The one with the tanks\Library\PackageCache\com.unity.visualscripting@1.8.0\Editor\VisualScripting.Core\Dependencies\YamlDotNet\Unity.VisualScripting.YamlDotNet.dll
Symbol file LoadedFromMemory doesn't match image C:\Users\marlo\The one with the tanks\Library\PackageCache\com.unity.visualscripting@1.8.0\Editor\VisualScripting.Core\Dependencies\DotNetZip\Unity.VisualScripting.IonicZip.dll
Native extension for WindowsStandalone target not found
Native extension for WebGL target not found
Refreshing native plugins compatible for Editor in 3.05 ms, found 3 plugins.
Preloading 0 native plugins for Editor in 0.00 ms.
Mono: successfully reloaded assembly
- Completed reload, in  1.669 seconds
Domain Reload Profiling:
	ReloadAssembly (1670ms)
		BeginReloadAssembly (196ms)
			ExecutionOrderSort (0ms)
			DisableScriptedObjects (6ms)
			BackupInstance (0ms)
			ReleaseScriptingObjects (0ms)
			CreateAndSetChildDomain (62ms)
		EndReloadAssembly (1323ms)
			LoadAssemblies (115ms)
			RebuildTransferFunctionScriptingTraits (0ms)
			SetupTypeCache (407ms)
			ReleaseScriptCaches (1ms)
			RebuildScriptCaches (61ms)
			SetupLoadedEditorAssemblies (646ms)
				LogAssemblyErrors (0ms)
				InitializePlatformSupportModulesInManaged (23ms)
				SetLoadedEditorAssemblies (1ms)
				RefreshPlugins (3ms)
				BeforeProcessingInitializeOnLoad (119ms)
				ProcessInitializeOnLoadAttributes (456ms)
				ProcessInitializeOnLoadMethodAttributes (31ms)
				AfterProcessingInitializeOnLoad (13ms)
				EditorAssembliesLoaded (0ms)
			ExecutionOrderSort2 (0ms)
			AwakeInstancesAfterBackupRestoration (11ms)
Platform modules already initialized, skipping
Refreshing native plugins compatible for Editor in 7.50 ms, found 3 plugins.
Preloading 0 native plugins for Editor in 0.00 ms.
Unloading 3662 Unused Serialized files (Serialized files now loaded: 0)
Unloading 54 unused Assets / (227.4 KB). Loaded Objects now: 4181.
Memory consumption went from 227.4 MB to 227.1 MB.
Total: 6.753400 ms (FindLiveObjects: 0.412900 ms CreateObjectMapping: 0.592500 ms MarkObjects: 5.487000 ms  DeleteObjects: 0.259200 ms)

AssetImportParameters requested are different than current active one (requested -> active):
  custom:video-decoder-ogg-theora: a1e56fd34408186e4bbccfd4996cb3dc -> 
  custom:container-muxer-webm: aa71ff27fc2769a1b78a27578f13a17b -> 
  custom:container-demuxer-webm: 4f35f7cbe854078d1ac9338744f61a02 -> 
  custom:video-encoder-webm-vp8: eb34c28f22e8b96e1ab97ce403110664 -> 
  custom:audio-encoder-webm-vorbis: bf7c407c2cedff20999df2af8eb42d56 -> 
  custom:framework-win-MediaFoundation: 216162199b28c13a410421893ffa2e32 -> 
  custom:container-demuxer-ogg: 62fdf1f143b41e24485cea50d1cbac27 -> 
  custom:video-decoder-webm-vp8: 9c59270c3fd7afecdb556c50c9e8de78 -> 
  custom:audio-decoder-ogg-vorbis: bf7c407c2cedff20999df2af8eb42d56 -> 
========================================================================
Received Prepare
Registering precompiled user dll's ...
Registered in 0.006451 seconds.
Begin MonoManager ReloadAssembly
Symbol file LoadedFromMemory doesn't match image C:\Users\marlo\The one with the tanks\Library\PackageCache\com.unity.visualscripting@1.8.0\Editor\VisualScripting.Core\Dependencies\YamlDotNet\Unity.VisualScripting.YamlDotNet.dll
Symbol file LoadedFromMemory doesn't match image C:\Users\marlo\The one with the tanks\Library\PackageCache\com.unity.visualscripting@1.8.0\Editor\VisualScripting.Core\Dependencies\DotNetZip\Unity.VisualScripting.IonicZip.dll
Native extension for WindowsStandalone target not found
Native extension for WebGL target not found
Refreshing native plugins compatible for Editor in 1.09 ms, found 3 plugins.
Preloading 0 native plugins for Editor in 0.00 ms.
Mono: successfully reloaded assembly
- Completed reload, in  1.641 seconds
Domain Reload Profiling:
	ReloadAssembly (1642ms)
		BeginReloadAssembly (186ms)
			ExecutionOrderSort (0ms)
			DisableScriptedObjects (6ms)
			BackupInstance (0ms)
			ReleaseScriptingObjects (0ms)
			CreateAndSetChildDomain (47ms)
		EndReloadAssembly (1306ms)
			LoadAssemblies (115ms)
			RebuildTransferFunctionScriptingTraits (0ms)
			SetupTypeCache (410ms)
			ReleaseScriptCaches (1ms)
			RebuildScriptCaches (55ms)
			SetupLoadedEditorAssemblies (618ms)
				LogAssemblyErrors (0ms)
				InitializePlatformSupportModulesInManaged (22ms)
				SetLoadedEditorAssemblies (1ms)
				RefreshPlugins (1ms)
				BeforeProcessingInitializeOnLoad (114ms)
				ProcessInitializeOnLoadAttributes (441ms)
				ProcessInitializeOnLoadMethodAttributes (29ms)
				AfterProcessingInitializeOnLoad (11ms)
				EditorAssembliesLoaded (0ms)
			ExecutionOrderSort2 (0ms)
			AwakeInstancesAfterBackupRestoration (12ms)
Platform modules already initialized, skipping
Refreshing native plugins compatible for Editor in 8.50 ms, found 3 plugins.
Preloading 0 native plugins for Editor in 0.00 ms.
Unloading 3662 Unused Serialized files (Serialized files now loaded: 0)
Unloading 54 unused Assets / (227.6 KB). Loaded Objects now: 4184.
Memory consumption went from 227.4 MB to 227.1 MB.
Total: 7.400600 ms (FindLiveObjects: 0.883300 ms CreateObjectMapping: 1.064000 ms MarkObjects: 5.251300 ms  DeleteObjects: 0.200500 ms)

AssetImportParameters requested are different than current active one (requested -> active):
  custom:video-decoder-ogg-theora: a1e56fd34408186e4bbccfd4996cb3dc -> 
  custom:container-muxer-webm: aa71ff27fc2769a1b78a27578f13a17b -> 
  custom:container-demuxer-webm: 4f35f7cbe854078d1ac9338744f61a02 -> 
  custom:video-encoder-webm-vp8: eb34c28f22e8b96e1ab97ce403110664 -> 
  custom:audio-encoder-webm-vorbis: bf7c407c2cedff20999df2af8eb42d56 -> 
  custom:framework-win-MediaFoundation: 216162199b28c13a410421893ffa2e32 -> 
  custom:container-demuxer-ogg: 62fdf1f143b41e24485cea50d1cbac27 -> 
  custom:video-decoder-webm-vp8: 9c59270c3fd7afecdb556c50c9e8de78 -> 
  custom:audio-decoder-ogg-vorbis: bf7c407c2cedff20999df2af8eb42d56 -> 
========================================================================
Received Prepare
Registering precompiled user dll's ...
Registered in 0.006431 seconds.
Begin MonoManager ReloadAssembly
Symbol file LoadedFromMemory doesn't match image C:\Users\marlo\The one with the tanks\Library\PackageCache\com.unity.visualscripting@1.8.0\Editor\VisualScripting.Core\Dependencies\YamlDotNet\Unity.VisualScripting.YamlDotNet.dll
Symbol file LoadedFromMemory doesn't match image C:\Users\marlo\The one with the tanks\Library\PackageCache\com.unity.visualscripting@1.8.0\Editor\VisualScripting.Core\Dependencies\DotNetZip\Unity.VisualScripting.IonicZip.dll
Native extension for WindowsStandalone target not found
Native extension for WebGL target not found
Refreshing native plugins compatible for Editor in 0.97 ms, found 3 plugins.
Preloading 0 native plugins for Editor in 0.00 ms.
Mono: successfully reloaded assembly
- Completed reload, in  1.616 seconds
Domain Reload Profiling:
	ReloadAssembly (1617ms)
		BeginReloadAssembly (186ms)
			ExecutionOrderSort (0ms)
			DisableScriptedObjects (8ms)
			BackupInstance (0ms)
			ReleaseScriptingObjects (0ms)
			CreateAndSetChildDomain (46ms)
		EndReloadAssembly (1293ms)
			LoadAssemblies (118ms)
			RebuildTransferFunctionScriptingTraits (0ms)
			SetupTypeCache (382ms)
			ReleaseScriptCaches (2ms)
			RebuildScriptCaches (59ms)
			SetupLoadedEditorAssemblies (641ms)
				LogAssemblyErrors (0ms)
				InitializePlatformSupportModulesInManaged (25ms)
				SetLoadedEditorAssemblies (1ms)
				RefreshPlugins (1ms)
				BeforeProcessingInitializeOnLoad (107ms)
				ProcessInitializeOnLoadAttributes (463ms)
				ProcessInitializeOnLoadMethodAttributes (33ms)
				AfterProcessingInitializeOnLoad (11ms)
				EditorAssembliesLoaded (0ms)
			ExecutionOrderSort2 (0ms)
			AwakeInstancesAfterBackupRestoration (10ms)
Platform modules already initialized, skipping
Refreshing native plugins compatible for Editor in 7.87 ms, found 3 plugins.
Preloading 0 native plugins for Editor in 0.00 ms.
Unloading 3662 Unused Serialized files (Serialized files now loaded: 0)
Unloading 54 unused Assets / (227.6 KB). Loaded Objects now: 4187.
Memory consumption went from 227.4 MB to 227.2 MB.
Total: 5.317100 ms (FindLiveObjects: 0.420100 ms CreateObjectMapping: 0.385400 ms MarkObjects: 4.314200 ms  DeleteObjects: 0.196000 ms)

AssetImportParameters requested are different than current active one (requested -> active):
  custom:video-decoder-ogg-theora: a1e56fd34408186e4bbccfd4996cb3dc -> 
  custom:container-muxer-webm: aa71ff27fc2769a1b78a27578f13a17b -> 
  custom:container-demuxer-webm: 4f35f7cbe854078d1ac9338744f61a02 -> 
  custom:video-encoder-webm-vp8: eb34c28f22e8b96e1ab97ce403110664 -> 
  custom:audio-encoder-webm-vorbis: bf7c407c2cedff20999df2af8eb42d56 -> 
  custom:framework-win-MediaFoundation: 216162199b28c13a410421893ffa2e32 -> 
  custom:container-demuxer-ogg: 62fdf1f143b41e24485cea50d1cbac27 -> 
  custom:video-decoder-webm-vp8: 9c59270c3fd7afecdb556c50c9e8de78 -> 
  custom:audio-decoder-ogg-vorbis: bf7c407c2cedff20999df2af8eb42d56 -> 
========================================================================
Received Prepare
Registering precompiled user dll's ...
Registered in 0.006295 seconds.
Begin MonoManager ReloadAssembly
Symbol file LoadedFromMemory doesn't match image C:\Users\marlo\The one with the tanks\Library\PackageCache\com.unity.visualscripting@1.8.0\Editor\VisualScripting.Core\Dependencies\YamlDotNet\Unity.VisualScripting.YamlDotNet.dll
Symbol file LoadedFromMemory doesn't match image C:\Users\marlo\The one with the tanks\Library\PackageCache\com.unity.visualscripting@1.8.0\Editor\VisualScripting.Core\Dependencies\DotNetZip\Unity.VisualScripting.IonicZip.dll
Native extension for WindowsStandalone target not found
Native extension for WebGL target not found
Refreshing native plugins compatible for Editor in 0.96 ms, found 3 plugins.
Preloading 0 native plugins for Editor in 0.00 ms.
Mono: successfully reloaded assembly
- Completed reload, in  1.407 seconds
Domain Reload Profiling:
	ReloadAssembly (1408ms)
		BeginReloadAssembly (182ms)
			ExecutionOrderSort (0ms)
			DisableScriptedObjects (6ms)
			BackupInstance (0ms)
			ReleaseScriptingObjects (0ms)
			CreateAndSetChildDomain (48ms)
		EndReloadAssembly (1080ms)
			LoadAssemblies (113ms)
			RebuildTransferFunctionScriptingTraits (0ms)
			SetupTypeCache (386ms)
			ReleaseScriptCaches (1ms)
			RebuildScriptCaches (61ms)
			SetupLoadedEditorAssemblies (443ms)
				LogAssemblyErrors (0ms)
				InitializePlatformSupportModulesInManaged (18ms)
				SetLoadedEditorAssemblies (1ms)
				RefreshPlugins (1ms)
				BeforeProcessingInitializeOnLoad (84ms)
				ProcessInitializeOnLoadAttributes (310ms)
				ProcessInitializeOnLoadMethodAttributes (22ms)
				AfterProcessingInitializeOnLoad (8ms)
				EditorAssembliesLoaded (0ms)
			ExecutionOrderSort2 (0ms)
			AwakeInstancesAfterBackupRestoration (7ms)
Platform modules already initialized, skipping
Refreshing native plugins compatible for Editor in 8.66 ms, found 3 plugins.
Preloading 0 native plugins for Editor in 0.00 ms.
Unloading 3662 Unused Serialized files (Serialized files now loaded: 0)
Unloading 54 unused Assets / (227.6 KB). Loaded Objects now: 4190.
Memory consumption went from 227.4 MB to 227.2 MB.
Total: 3.776700 ms (FindLiveObjects: 0.372100 ms CreateObjectMapping: 0.271200 ms MarkObjects: 2.966200 ms  DeleteObjects: 0.166100 ms)

AssetImportParameters requested are different than current active one (requested -> active):
  custom:video-decoder-ogg-theora: a1e56fd34408186e4bbccfd4996cb3dc -> 
  custom:container-muxer-webm: aa71ff27fc2769a1b78a27578f13a17b -> 
  custom:container-demuxer-webm: 4f35f7cbe854078d1ac9338744f61a02 -> 
  custom:video-encoder-webm-vp8: eb34c28f22e8b96e1ab97ce403110664 -> 
  custom:audio-encoder-webm-vorbis: bf7c407c2cedff20999df2af8eb42d56 -> 
  custom:framework-win-MediaFoundation: 216162199b28c13a410421893ffa2e32 -> 
  custom:container-demuxer-ogg: 62fdf1f143b41e24485cea50d1cbac27 -> 
  custom:video-decoder-webm-vp8: 9c59270c3fd7afecdb556c50c9e8de78 -> 
  custom:audio-decoder-ogg-vorbis: bf7c407c2cedff20999df2af8eb42d56 -> 
========================================================================
Received Prepare
Registering precompiled user dll's ...
Registered in 0.008283 seconds.
Begin MonoManager ReloadAssembly
Symbol file LoadedFromMemory doesn't match image C:\Users\marlo\The one with the tanks\Library\PackageCache\com.unity.visualscripting@1.8.0\Editor\VisualScripting.Core\Dependencies\YamlDotNet\Unity.VisualScripting.YamlDotNet.dll
Symbol file LoadedFromMemory doesn't match image C:\Users\marlo\The one with the tanks\Library\PackageCache\com.unity.visualscripting@1.8.0\Editor\VisualScripting.Core\Dependencies\DotNetZip\Unity.VisualScripting.IonicZip.dll
Native extension for WindowsStandalone target not found
Native extension for WebGL target not found
Refreshing native plugins compatible for Editor in 1.38 ms, found 3 plugins.
Preloading 0 native plugins for Editor in 0.00 ms.
Mono: successfully reloaded assembly
- Completed reload, in  1.540 seconds
Domain Reload Profiling:
	ReloadAssembly (1541ms)
		BeginReloadAssembly (190ms)
			ExecutionOrderSort (0ms)
			DisableScriptedObjects (6ms)
			BackupInstance (0ms)
			ReleaseScriptingObjects (0ms)
			CreateAndSetChildDomain (39ms)
		EndReloadAssembly (1215ms)
			LoadAssemblies (133ms)
			RebuildTransferFunctionScriptingTraits (0ms)
			SetupTypeCache (378ms)
			ReleaseScriptCaches (1ms)
			RebuildScriptCaches (52ms)
			SetupLoadedEditorAssemblies (593ms)
				LogAssemblyErrors (0ms)
				InitializePlatformSupportModulesInManaged (21ms)
				SetLoadedEditorAssemblies (1ms)
				RefreshPlugins (1ms)
				BeforeProcessingInitializeOnLoad (102ms)
				ProcessInitializeOnLoadAttributes (424ms)
				ProcessInitializeOnLoadMethodAttributes (31ms)
				AfterProcessingInitializeOnLoad (12ms)
				EditorAssembliesLoaded (0ms)
			ExecutionOrderSort2 (0ms)
			AwakeInstancesAfterBackupRestoration (10ms)
Platform modules already initialized, skipping
Refreshing native plugins compatible for Editor in 7.34 ms, found 3 plugins.
Preloading 0 native plugins for Editor in 0.00 ms.
Unloading 3662 Unused Serialized files (Serialized files now loaded: 0)
Unloading 54 unused Assets / (227.7 KB). Loaded Objects now: 4193.
Memory consumption went from 227.4 MB to 227.2 MB.
Total: 8.160300 ms (FindLiveObjects: 0.420500 ms CreateObjectMapping: 0.515300 ms MarkObjects: 6.999700 ms  DeleteObjects: 0.223400 ms)

AssetImportParameters requested are different than current active one (requested -> active):
  custom:video-decoder-ogg-theora: a1e56fd34408186e4bbccfd4996cb3dc -> 
  custom:container-muxer-webm: aa71ff27fc2769a1b78a27578f13a17b -> 
  custom:container-demuxer-webm: 4f35f7cbe854078d1ac9338744f61a02 -> 
  custom:video-encoder-webm-vp8: eb34c28f22e8b96e1ab97ce403110664 -> 
  custom:audio-encoder-webm-vorbis: bf7c407c2cedff20999df2af8eb42d56 -> 
  custom:framework-win-MediaFoundation: 216162199b28c13a410421893ffa2e32 -> 
  custom:container-demuxer-ogg: 62fdf1f143b41e24485cea50d1cbac27 -> 
  custom:video-decoder-webm-vp8: 9c59270c3fd7afecdb556c50c9e8de78 -> 
  custom:audio-decoder-ogg-vorbis: bf7c407c2cedff20999df2af8eb42d56 -> 
========================================================================
Received Import Request.
  Time since last request: 715.461856 seconds.
  path: Assets/Prefabs/Obstacles/HolesCorner.prefab
  artifactKey: Guid(9c2419c6c3c77c9418d6204b05e0784a) Importer(815301076,1909f56bfc062723c751e8b465ee728b)
Start importing Assets/Prefabs/Obstacles/HolesCorner.prefab using Guid(9c2419c6c3c77c9418d6204b05e0784a) Importer(815301076,1909f56bfc062723c751e8b465ee728b)  -> (artifact id: '13c71302cfcb533723e60340b0e29355') in 0.067488 seconds 
========================================================================
Received Import Request.
  Time since last request: 8.193910 seconds.
  path: Assets/Prefabs/Obstacles/HolesCorner.prefab
  artifactKey: Guid(9c2419c6c3c77c9418d6204b05e0784a) Importer(815301076,1909f56bfc062723c751e8b465ee728b)
Start importing Assets/Prefabs/Obstacles/HolesCorner.prefab using Guid(9c2419c6c3c77c9418d6204b05e0784a) Importer(815301076,1909f56bfc062723c751e8b465ee728b)  -> (artifact id: '61985386122c272368dba7ef3c91ec61') in 0.057380 seconds 
========================================================================
Received Import Request.
  Time since last request: 6.405104 seconds.
  path: Assets/Prefabs/Obstacles/HolesCorner.prefab
  artifactKey: Guid(9c2419c6c3c77c9418d6204b05e0784a) Importer(815301076,1909f56bfc062723c751e8b465ee728b)
Start importing Assets/Prefabs/Obstacles/HolesCorner.prefab using Guid(9c2419c6c3c77c9418d6204b05e0784a) Importer(815301076,1909f56bfc062723c751e8b465ee728b)  -> (artifact id: 'eca9682d19f967352a499b70243c4560') in 0.011742 seconds 
========================================================================
Received Import Request.
  Time since last request: 13.324747 seconds.
  path: Assets/Prefabs/Obstacles/CircleOpenWithHoles.prefab
  artifactKey: Guid(5e85f8a54c9df544ea5ea59637c01b5e) Importer(815301076,1909f56bfc062723c751e8b465ee728b)
Start importing Assets/Prefabs/Obstacles/CircleOpenWithHoles.prefab using Guid(5e85f8a54c9df544ea5ea59637c01b5e) Importer(815301076,1909f56bfc062723c751e8b465ee728b)  -> (artifact id: 'dab5322a7758b7baf619401fa4463a2d') in 0.048991 seconds 
========================================================================
Received Import Request.
  Time since last request: 0.000065 seconds.
  path: Assets/Prefabs/Obstacles/HolesCorner1MissingSide.prefab
  artifactKey: Guid(d25fd13ca5c5e6940a552ca5e37b50e6) Importer(815301076,1909f56bfc062723c751e8b465ee728b)
Start importing Assets/Prefabs/Obstacles/HolesCorner1MissingSide.prefab using Guid(d25fd13ca5c5e6940a552ca5e37b50e6) Importer(815301076,1909f56bfc062723c751e8b465ee728b)  -> (artifact id: '7496835b43c94b886b136ae8b7552f64') in 0.014450 seconds 
========================================================================
Received Import Request.
  Time since last request: 0.000034 seconds.
  path: Assets/Prefabs/Obstacles/HolesCornerSmall.prefab
  artifactKey: Guid(4c75553a7d1147542a3a1256b46b0b3c) Importer(815301076,1909f56bfc062723c751e8b465ee728b)
Start importing Assets/Prefabs/Obstacles/HolesCornerSmall.prefab using Guid(4c75553a7d1147542a3a1256b46b0b3c) Importer(815301076,1909f56bfc062723c751e8b465ee728b)  -> (artifact id: '12f8b770489a2c30934e43600b1038b1') in 0.012316 seconds 
========================================================================
Received Import Request.
  Time since last request: 0.000020 seconds.
  path: Assets/Prefabs/Obstacles/RectangleHoleCorner.prefab
  artifactKey: Guid(6167d299486845d4587a9a40fa24a807) Importer(815301076,1909f56bfc062723c751e8b465ee728b)
Start importing Assets/Prefabs/Obstacles/RectangleHoleCorner.prefab using Guid(6167d299486845d4587a9a40fa24a807) Importer(815301076,1909f56bfc062723c751e8b465ee728b)  -> (artifact id: 'b65575b7e32116cf8215597556f5b483') in 0.032520 seconds 
========================================================================
Received Import Request.
  Time since last request: 0.000032 seconds.
  path: Assets/Prefabs/Obstacles/HolesCircle.prefab
  artifactKey: Guid(1596308add6018d47878922358166fb3) Importer(815301076,1909f56bfc062723c751e8b465ee728b)
Start importing Assets/Prefabs/Obstacles/HolesCircle.prefab using Guid(1596308add6018d47878922358166fb3) Importer(815301076,1909f56bfc062723c751e8b465ee728b)  -> (artifact id: '2084a7bc83fb3d156ad561c71dc41d03') in 0.015576 seconds 
========================================================================
Received Import Request.
  Time since last request: 0.000034 seconds.
  path: Assets/Prefabs/Obstacles/RectangleHoleCornerMirrored.prefab
  artifactKey: Guid(4021bdb00c7bb2245bb7e46c302d3908) Importer(815301076,1909f56bfc062723c751e8b465ee728b)
Start importing Assets/Prefabs/Obstacles/RectangleHoleCornerMirrored.prefab using Guid(4021bdb00c7bb2245bb7e46c302d3908) Importer(815301076,1909f56bfc062723c751e8b465ee728b)  -> (artifact id: '9eb345200d7b1b00473890e503754bed') in 0.022203 seconds 
========================================================================
Received Import Request.
  Time since last request: 0.000053 seconds.
  path: Assets/Prefabs/Obstacles/Holes4.prefab
  artifactKey: Guid(f97c2c77d5d888a46bc4ad66316b181a) Importer(815301076,1909f56bfc062723c751e8b465ee728b)
Start importing Assets/Prefabs/Obstacles/Holes4.prefab using Guid(f97c2c77d5d888a46bc4ad66316b181a) Importer(815301076,1909f56bfc062723c751e8b465ee728b)  -> (artifact id: 'e7b07df729825ce97ca00b002f985589') in 0.014062 seconds 
========================================================================
Received Import Request.
  Time since last request: 12.458886 seconds.
  path: Assets/Prefabs/Obstacles/Hole.prefab
  artifactKey: Guid(5193320dd6ecaa44c886a23c11819e8a) Importer(815301076,1909f56bfc062723c751e8b465ee728b)
Start importing Assets/Prefabs/Obstacles/Hole.prefab using Guid(5193320dd6ecaa44c886a23c11819e8a) Importer(815301076,1909f56bfc062723c751e8b465ee728b)  -> (artifact id: '83eb63f6f8f9dc351d0dfce1dc17a0ee') in 0.009057 seconds 
========================================================================
Received Import Request.
  Time since last request: 5.424769 seconds.
  path: Assets/Prefabs/Obstacles/Holes2.prefab
  artifactKey: Guid(b0cbf2c3fe169b545b3146618c8b8011) Importer(815301076,1909f56bfc062723c751e8b465ee728b)
Start importing Assets/Prefabs/Obstacles/Holes2.prefab using Guid(b0cbf2c3fe169b545b3146618c8b8011) Importer(815301076,1909f56bfc062723c751e8b465ee728b)  -> (artifact id: 'e1ee2d31348d7f0ac244702660ccfc23') in 0.008542 seconds 
========================================================================
Received Import Request.
  Time since last request: 11.898959 seconds.
  path: Assets/Prefabs/Obstacles/Holes3.prefab
  artifactKey: Guid(c2d501ac84ac99443919d0b8e1772c2a) Importer(815301076,1909f56bfc062723c751e8b465ee728b)
Start importing Assets/Prefabs/Obstacles/Holes3.prefab using Guid(c2d501ac84ac99443919d0b8e1772c2a) Importer(815301076,1909f56bfc062723c751e8b465ee728b)  -> (artifact id: '80cce8df10889e6585f3d797d0bfb1c0') in 0.013153 seconds 
========================================================================
Received Import Request.
  Time since last request: 11.568655 seconds.
  path: Assets/Prefabs/Obstacles/CircleOpenWithHoles.prefab
  artifactKey: Guid(5e85f8a54c9df544ea5ea59637c01b5e) Importer(815301076,1909f56bfc062723c751e8b465ee728b)
Start importing Assets/Prefabs/Obstacles/CircleOpenWithHoles.prefab using Guid(5e85f8a54c9df544ea5ea59637c01b5e) Importer(815301076,1909f56bfc062723c751e8b465ee728b)  -> (artifact id: 'b8a829f698994da3c4488ff063a0a51f') in 0.023911 seconds 
========================================================================
Received Import Request.
  Time since last request: 0.000028 seconds.
  path: Assets/Prefabs/Obstacles/RectangleHoleCorner.prefab
  artifactKey: Guid(6167d299486845d4587a9a40fa24a807) Importer(815301076,1909f56bfc062723c751e8b465ee728b)
Start importing Assets/Prefabs/Obstacles/RectangleHoleCorner.prefab using Guid(6167d299486845d4587a9a40fa24a807) Importer(815301076,1909f56bfc062723c751e8b465ee728b)  -> (artifact id: '32931fbaf59f4701be6a4e9dc6dc74cf') in 0.024560 seconds 
========================================================================
Received Import Request.
  Time since last request: 0.000036 seconds.
  path: Assets/Prefabs/Obstacles/RectangleHoleCornerMirrored.prefab
  artifactKey: Guid(4021bdb00c7bb2245bb7e46c302d3908) Importer(815301076,1909f56bfc062723c751e8b465ee728b)
Start importing Assets/Prefabs/Obstacles/RectangleHoleCornerMirrored.prefab using Guid(4021bdb00c7bb2245bb7e46c302d3908) Importer(815301076,1909f56bfc062723c751e8b465ee728b)  -> (artifact id: '2aac1e01a62f9c5d660bc66a823cbe08') in 0.025997 seconds 
========================================================================
Received Import Request.
  Time since last request: 11.321136 seconds.
  path: Assets/Prefabs/Obstacles/Holes8.prefab
  artifactKey: Guid(71b7f18aef7e6d84d9e879562f2fdfbd) Importer(815301076,1909f56bfc062723c751e8b465ee728b)
Start importing Assets/Prefabs/Obstacles/Holes8.prefab using Guid(71b7f18aef7e6d84d9e879562f2fdfbd) Importer(815301076,1909f56bfc062723c751e8b465ee728b)  -> (artifact id: '8bec717c8361a70b4dd6df7683ecb266') in 0.008899 seconds 
========================================================================
Received Import Request.
  Time since last request: 15.102872 seconds.
  path: Assets/Prefabs/Obstacles/HolesCircleWithHoles.prefab
  artifactKey: Guid(d41239b1aa316e44880bf68f87c9e2b9) Importer(815301076,1909f56bfc062723c751e8b465ee728b)
Start importing Assets/Prefabs/Obstacles/HolesCircleWithHoles.prefab using Guid(d41239b1aa316e44880bf68f87c9e2b9) Importer(815301076,1909f56bfc062723c751e8b465ee728b)  -> (artifact id: '1f9edb9709e9daf76018f20e54fb1efa') in 0.009544 seconds 
========================================================================
Received Import Request.
  Time since last request: 2.602613 seconds.
  path: Assets/Prefabs/Obstacles/HolesCircleWithHoles.prefab
  artifactKey: Guid(d41239b1aa316e44880bf68f87c9e2b9) Importer(815301076,1909f56bfc062723c751e8b465ee728b)
Start importing Assets/Prefabs/Obstacles/HolesCircleWithHoles.prefab using Guid(d41239b1aa316e44880bf68f87c9e2b9) Importer(815301076,1909f56bfc062723c751e8b465ee728b)  -> (artifact id: 'ff0efec393692803f9cf479fa44baf05') in 0.008484 seconds 
========================================================================
Received Import Request.
  Time since last request: 5.451220 seconds.
  path: Assets/Prefabs/Obstacles/HolesCircleWithHoles.prefab
  artifactKey: Guid(d41239b1aa316e44880bf68f87c9e2b9) Importer(815301076,1909f56bfc062723c751e8b465ee728b)
Start importing Assets/Prefabs/Obstacles/HolesCircleWithHoles.prefab using Guid(d41239b1aa316e44880bf68f87c9e2b9) Importer(815301076,1909f56bfc062723c751e8b465ee728b)  -> (artifact id: '3752ac59709561284de32ab1e46211c0') in 0.007691 seconds 
========================================================================
Received Import Request.
  Time since last request: 2.824325 seconds.
  path: Assets/Prefabs/Obstacles/HolesCircleWithHoles.prefab
  artifactKey: Guid(d41239b1aa316e44880bf68f87c9e2b9) Importer(815301076,1909f56bfc062723c751e8b465ee728b)
Start importing Assets/Prefabs/Obstacles/HolesCircleWithHoles.prefab using Guid(d41239b1aa316e44880bf68f87c9e2b9) Importer(815301076,1909f56bfc062723c751e8b465ee728b)  -> (artifact id: 'c9c28222db1b09f3dcb13bb95c371b3d') in 0.010789 seconds 
========================================================================
Received Import Request.
  Time since last request: 3.230555 seconds.
  path: Assets/Prefabs/Obstacles/HolesCircleWithHoles.prefab
  artifactKey: Guid(d41239b1aa316e44880bf68f87c9e2b9) Importer(815301076,1909f56bfc062723c751e8b465ee728b)
Start importing Assets/Prefabs/Obstacles/HolesCircleWithHoles.prefab using Guid(d41239b1aa316e44880bf68f87c9e2b9) Importer(815301076,1909f56bfc062723c751e8b465ee728b)  -> (artifact id: 'a3c6a801117c4b4d12d4080ff1f2e6a2') in 0.008824 seconds 
========================================================================
Received Import Request.
  Time since last request: 2.609121 seconds.
  path: Assets/Prefabs/Obstacles/HolesCircleWithHoles.prefab
  artifactKey: Guid(d41239b1aa316e44880bf68f87c9e2b9) Importer(815301076,1909f56bfc062723c751e8b465ee728b)
Start importing Assets/Prefabs/Obstacles/HolesCircleWithHoles.prefab using Guid(d41239b1aa316e44880bf68f87c9e2b9) Importer(815301076,1909f56bfc062723c751e8b465ee728b)  -> (artifact id: '89b394cb36e1de4954fffc976382e07b') in 0.009295 seconds 
========================================================================
Received Import Request.
  Time since last request: 3.013794 seconds.
  path: Assets/Prefabs/Obstacles/HolesCircleWithHoles.prefab
  artifactKey: Guid(d41239b1aa316e44880bf68f87c9e2b9) Importer(815301076,1909f56bfc062723c751e8b465ee728b)
Start importing Assets/Prefabs/Obstacles/HolesCircleWithHoles.prefab using Guid(d41239b1aa316e44880bf68f87c9e2b9) Importer(815301076,1909f56bfc062723c751e8b465ee728b)  -> (artifact id: '5f08722fe26d1427f85600a1505ab053') in 0.008279 seconds 
========================================================================
Received Import Request.
  Time since last request: 3.018102 seconds.
  path: Assets/Prefabs/Obstacles/HolesCircleWithHoles.prefab
  artifactKey: Guid(d41239b1aa316e44880bf68f87c9e2b9) Importer(815301076,1909f56bfc062723c751e8b465ee728b)
Start importing Assets/Prefabs/Obstacles/HolesCircleWithHoles.prefab using Guid(d41239b1aa316e44880bf68f87c9e2b9) Importer(815301076,1909f56bfc062723c751e8b465ee728b)  -> (artifact id: '20bdf7f890235ec892f6205ff57aa2e5') in 0.010604 seconds 
========================================================================
Received Import Request.
  Time since last request: 17.932934 seconds.
  path: Assets/Prefabs/Obstacles/HolesCorner1MissingBottom.prefab
  artifactKey: Guid(a61f959fbb4150945bc45746e21623ed) Importer(815301076,1909f56bfc062723c751e8b465ee728b)
Start importing Assets/Prefabs/Obstacles/HolesCorner1MissingBottom.prefab using Guid(a61f959fbb4150945bc45746e21623ed) Importer(815301076,1909f56bfc062723c751e8b465ee728b)  -> (artifact id: '7c8ae21d9933f5867e99f2f923af512d') in 0.011364 seconds 
========================================================================
Received Import Request.
  Time since last request: 10.668347 seconds.
  path: Assets/Prefabs/Obstacles/HolesCornerSmall.prefab
  artifactKey: Guid(4c75553a7d1147542a3a1256b46b0b3c) Importer(815301076,1909f56bfc062723c751e8b465ee728b)
Start importing Assets/Prefabs/Obstacles/HolesCornerSmall.prefab using Guid(4c75553a7d1147542a3a1256b46b0b3c) Importer(815301076,1909f56bfc062723c751e8b465ee728b)  -> (artifact id: 'eb4eac75bf6db617fa3a302fa90e25a0') in 0.008613 seconds 
========================================================================
Received Import Request.
  Time since last request: 3.426584 seconds.
  path: Assets/Prefabs/Obstacles/HolesCornerSmall.prefab
  artifactKey: Guid(4c75553a7d1147542a3a1256b46b0b3c) Importer(815301076,1909f56bfc062723c751e8b465ee728b)
Start importing Assets/Prefabs/Obstacles/HolesCornerSmall.prefab using Guid(4c75553a7d1147542a3a1256b46b0b3c) Importer(815301076,1909f56bfc062723c751e8b465ee728b)  -> (artifact id: '157943ff6f1f1ec2ebb13e3f0408017b') in 0.009732 seconds 
========================================================================
Received Import Request.
  Time since last request: 16.768325 seconds.
  path: Assets/Prefabs/Obstacles/HolesCorner1MissingSide.prefab
  artifactKey: Guid(d25fd13ca5c5e6940a552ca5e37b50e6) Importer(815301076,1909f56bfc062723c751e8b465ee728b)
Start importing Assets/Prefabs/Obstacles/HolesCorner1MissingSide.prefab using Guid(d25fd13ca5c5e6940a552ca5e37b50e6) Importer(815301076,1909f56bfc062723c751e8b465ee728b)  -> (artifact id: 'd8c640fcaa9c69f192ccda425cfcf7e2') in 0.011485 seconds 
========================================================================
Received Import Request.
  Time since last request: 31.093153 seconds.
  path: Assets/Prefabs/Obstacles/OuterCircleWithHoles.prefab
  artifactKey: Guid(e5aab9edfb362d348b8d9eb8ff5006f2) Importer(815301076,1909f56bfc062723c751e8b465ee728b)
Start importing Assets/Prefabs/Obstacles/OuterCircleWithHoles.prefab using Guid(e5aab9edfb362d348b8d9eb8ff5006f2) Importer(815301076,1909f56bfc062723c751e8b465ee728b)  -> (artifact id: '93cf40bb2551d9b9e59867f08fae5542') in 0.019619 seconds 
========================================================================
Received Import Request.
  Time since last request: 5.823796 seconds.
  path: Assets/Prefabs/Obstacles/OuterCircleWithHoles.prefab
  artifactKey: Guid(e5aab9edfb362d348b8d9eb8ff5006f2) Importer(815301076,1909f56bfc062723c751e8b465ee728b)
Start importing Assets/Prefabs/Obstacles/OuterCircleWithHoles.prefab using Guid(e5aab9edfb362d348b8d9eb8ff5006f2) Importer(815301076,1909f56bfc062723c751e8b465ee728b)  -> (artifact id: '3837327dee8a54861c3dcd548b8f3d6c') in 0.018599 seconds 
========================================================================
Received Import Request.
  Time since last request: 5.029951 seconds.
  path: Assets/Prefabs/Obstacles/OuterCircleWithHoles.prefab
  artifactKey: Guid(e5aab9edfb362d348b8d9eb8ff5006f2) Importer(815301076,1909f56bfc062723c751e8b465ee728b)
Start importing Assets/Prefabs/Obstacles/OuterCircleWithHoles.prefab using Guid(e5aab9edfb362d348b8d9eb8ff5006f2) Importer(815301076,1909f56bfc062723c751e8b465ee728b)  -> (artifact id: '9f15852a01cb945da8b209388d2143b3') in 0.017442 seconds 
========================================================================
Received Import Request.
  Time since last request: 6.226659 seconds.
  path: Assets/Prefabs/Obstacles/OuterCircleWithHoles.prefab
  artifactKey: Guid(e5aab9edfb362d348b8d9eb8ff5006f2) Importer(815301076,1909f56bfc062723c751e8b465ee728b)
Start importing Assets/Prefabs/Obstacles/OuterCircleWithHoles.prefab using Guid(e5aab9edfb362d348b8d9eb8ff5006f2) Importer(815301076,1909f56bfc062723c751e8b465ee728b)  -> (artifact id: 'ba58a48dcc73ac000225635c8ff124a7') in 0.018715 seconds 
========================================================================
Received Import Request.
  Time since last request: 3.430578 seconds.
  path: Assets/Prefabs/Obstacles/OuterCircleWithHoles.prefab
  artifactKey: Guid(e5aab9edfb362d348b8d9eb8ff5006f2) Importer(815301076,1909f56bfc062723c751e8b465ee728b)
Start importing Assets/Prefabs/Obstacles/OuterCircleWithHoles.prefab using Guid(e5aab9edfb362d348b8d9eb8ff5006f2) Importer(815301076,1909f56bfc062723c751e8b465ee728b)  -> (artifact id: 'a9499c718250567fbdacf4c460249f3a') in 0.018875 seconds 
========================================================================
Received Import Request.
  Time since last request: 5.464472 seconds.
  path: Assets/Prefabs/Obstacles/OuterCircleWithHoles.prefab
  artifactKey: Guid(e5aab9edfb362d348b8d9eb8ff5006f2) Importer(815301076,1909f56bfc062723c751e8b465ee728b)
Start importing Assets/Prefabs/Obstacles/OuterCircleWithHoles.prefab using Guid(e5aab9edfb362d348b8d9eb8ff5006f2) Importer(815301076,1909f56bfc062723c751e8b465ee728b)  -> (artifact id: '59ff0962734691e57eeaa13e8de5f01e') in 0.021088 seconds 
========================================================================
Received Import Request.
  Time since last request: 11.868076 seconds.
  path: Assets/Prefabs/Obstacles/OuterCircleWithHoles.prefab
  artifactKey: Guid(e5aab9edfb362d348b8d9eb8ff5006f2) Importer(815301076,1909f56bfc062723c751e8b465ee728b)
Start importing Assets/Prefabs/Obstacles/OuterCircleWithHoles.prefab using Guid(e5aab9edfb362d348b8d9eb8ff5006f2) Importer(815301076,1909f56bfc062723c751e8b465ee728b)  -> (artifact id: '144dd624c12f1551a24047f2c66bf30f') in 0.020055 seconds 
========================================================================
Received Import Request.
  Time since last request: 2.792597 seconds.
  path: Assets/Prefabs/Obstacles/OuterCircleWithHoles.prefab
  artifactKey: Guid(e5aab9edfb362d348b8d9eb8ff5006f2) Importer(815301076,1909f56bfc062723c751e8b465ee728b)
Start importing Assets/Prefabs/Obstacles/OuterCircleWithHoles.prefab using Guid(e5aab9edfb362d348b8d9eb8ff5006f2) Importer(815301076,1909f56bfc062723c751e8b465ee728b)  -> (artifact id: '6d741d8b9b3379831d9761d42539ecab') in 0.020644 seconds 
========================================================================
Received Prepare
Registering precompiled user dll's ...
Registered in 0.005588 seconds.
Begin MonoManager ReloadAssembly
Symbol file LoadedFromMemory doesn't match image C:\Users\marlo\The one with the tanks\Library\PackageCache\com.unity.visualscripting@1.8.0\Editor\VisualScripting.Core\Dependencies\YamlDotNet\Unity.VisualScripting.YamlDotNet.dll
Symbol file LoadedFromMemory doesn't match image C:\Users\marlo\The one with the tanks\Library\PackageCache\com.unity.visualscripting@1.8.0\Editor\VisualScripting.Core\Dependencies\DotNetZip\Unity.VisualScripting.IonicZip.dll
Native extension for WindowsStandalone target not found
Native extension for WebGL target not found
Refreshing native plugins compatible for Editor in 1.35 ms, found 3 plugins.
Preloading 0 native plugins for Editor in 0.00 ms.
Mono: successfully reloaded assembly
- Completed reload, in  1.342 seconds
Domain Reload Profiling:
	ReloadAssembly (1344ms)
		BeginReloadAssembly (154ms)
			ExecutionOrderSort (0ms)
			DisableScriptedObjects (4ms)
			BackupInstance (0ms)
			ReleaseScriptingObjects (0ms)
			CreateAndSetChildDomain (40ms)
		EndReloadAssembly (1075ms)
			LoadAssemblies (102ms)
			RebuildTransferFunctionScriptingTraits (0ms)
			SetupTypeCache (328ms)
			ReleaseScriptCaches (1ms)
			RebuildScriptCaches (49ms)
			SetupLoadedEditorAssemblies (510ms)
				LogAssemblyErrors (0ms)
				InitializePlatformSupportModulesInManaged (22ms)
				SetLoadedEditorAssemblies (1ms)
				RefreshPlugins (1ms)
				BeforeProcessingInitializeOnLoad (88ms)
				ProcessInitializeOnLoadAttributes (364ms)
				ProcessInitializeOnLoadMethodAttributes (23ms)
				AfterProcessingInitializeOnLoad (11ms)
				EditorAssembliesLoaded (0ms)
			ExecutionOrderSort2 (0ms)
			AwakeInstancesAfterBackupRestoration (12ms)
Platform modules already initialized, skipping
Refreshing native plugins compatible for Editor in 6.13 ms, found 3 plugins.
Preloading 0 native plugins for Editor in 0.00 ms.
Unloading 3662 Unused Serialized files (Serialized files now loaded: 0)
Unloading 54 unused Assets / (227.6 KB). Loaded Objects now: 4196.
Memory consumption went from 227.5 MB to 227.3 MB.
Total: 4.618200 ms (FindLiveObjects: 0.364100 ms CreateObjectMapping: 0.232900 ms MarkObjects: 3.842300 ms  DeleteObjects: 0.177800 ms)

AssetImportParameters requested are different than current active one (requested -> active):
  custom:video-decoder-ogg-theora: a1e56fd34408186e4bbccfd4996cb3dc -> 
  custom:container-muxer-webm: aa71ff27fc2769a1b78a27578f13a17b -> 
  custom:container-demuxer-webm: 4f35f7cbe854078d1ac9338744f61a02 -> 
  custom:video-encoder-webm-vp8: eb34c28f22e8b96e1ab97ce403110664 -> 
  custom:audio-encoder-webm-vorbis: bf7c407c2cedff20999df2af8eb42d56 -> 
  custom:framework-win-MediaFoundation: 216162199b28c13a410421893ffa2e32 -> 
  custom:container-demuxer-ogg: 62fdf1f143b41e24485cea50d1cbac27 -> 
  custom:video-decoder-webm-vp8: 9c59270c3fd7afecdb556c50c9e8de78 -> 
  custom:audio-decoder-ogg-vorbis: bf7c407c2cedff20999df2af8eb42d56 -> 
========================================================================
Received Prepare
Registering precompiled user dll's ...
Registered in 0.006898 seconds.
Begin MonoManager ReloadAssembly
Symbol file LoadedFromMemory doesn't match image C:\Users\marlo\The one with the tanks\Library\PackageCache\com.unity.visualscripting@1.8.0\Editor\VisualScripting.Core\Dependencies\YamlDotNet\Unity.VisualScripting.YamlDotNet.dll
Symbol file LoadedFromMemory doesn't match image C:\Users\marlo\The one with the tanks\Library\PackageCache\com.unity.visualscripting@1.8.0\Editor\VisualScripting.Core\Dependencies\DotNetZip\Unity.VisualScripting.IonicZip.dll
Native extension for WindowsStandalone target not found
Native extension for WebGL target not found
Refreshing native plugins compatible for Editor in 1.10 ms, found 3 plugins.
Preloading 0 native plugins for Editor in 0.00 ms.
Mono: successfully reloaded assembly
- Completed reload, in  1.825 seconds
Domain Reload Profiling:
	ReloadAssembly (1826ms)
		BeginReloadAssembly (212ms)
			ExecutionOrderSort (0ms)
			DisableScriptedObjects (6ms)
			BackupInstance (0ms)
			ReleaseScriptingObjects (0ms)
			CreateAndSetChildDomain (51ms)
		EndReloadAssembly (1441ms)
			LoadAssemblies (134ms)
			RebuildTransferFunctionScriptingTraits (0ms)
			SetupTypeCache (516ms)
			ReleaseScriptCaches (2ms)
			RebuildScriptCaches (87ms)
			SetupLoadedEditorAssemblies (603ms)
				LogAssemblyErrors (0ms)
				InitializePlatformSupportModulesInManaged (25ms)
				SetLoadedEditorAssemblies (1ms)
				RefreshPlugins (1ms)
				BeforeProcessingInitializeOnLoad (106ms)
				ProcessInitializeOnLoadAttributes (430ms)
				ProcessInitializeOnLoadMethodAttributes (27ms)
				AfterProcessingInitializeOnLoad (12ms)
				EditorAssembliesLoaded (0ms)
			ExecutionOrderSort2 (0ms)
			AwakeInstancesAfterBackupRestoration (10ms)
Platform modules already initialized, skipping
Refreshing native plugins compatible for Editor in 9.64 ms, found 3 plugins.
Preloading 0 native plugins for Editor in 0.00 ms.
Unloading 3662 Unused Serialized files (Serialized files now loaded: 0)
Unloading 54 unused Assets / (227.7 KB). Loaded Objects now: 4199.
Memory consumption went from 227.5 MB to 227.3 MB.
Total: 4.190200 ms (FindLiveObjects: 0.377800 ms CreateObjectMapping: 0.343700 ms MarkObjects: 3.279700 ms  DeleteObjects: 0.187700 ms)

AssetImportParameters requested are different than current active one (requested -> active):
  custom:video-decoder-ogg-theora: a1e56fd34408186e4bbccfd4996cb3dc -> 
  custom:container-muxer-webm: aa71ff27fc2769a1b78a27578f13a17b -> 
  custom:container-demuxer-webm: 4f35f7cbe854078d1ac9338744f61a02 -> 
  custom:video-encoder-webm-vp8: eb34c28f22e8b96e1ab97ce403110664 -> 
  custom:audio-encoder-webm-vorbis: bf7c407c2cedff20999df2af8eb42d56 -> 
  custom:framework-win-MediaFoundation: 216162199b28c13a410421893ffa2e32 -> 
  custom:container-demuxer-ogg: 62fdf1f143b41e24485cea50d1cbac27 -> 
  custom:video-decoder-webm-vp8: 9c59270c3fd7afecdb556c50c9e8de78 -> 
  custom:audio-decoder-ogg-vorbis: bf7c407c2cedff20999df2af8eb42d56 -> 
========================================================================
Received Prepare
Registering precompiled user dll's ...
Registered in 0.006499 seconds.
Begin MonoManager ReloadAssembly
Symbol file LoadedFromMemory doesn't match image C:\Users\marlo\The one with the tanks\Library\PackageCache\com.unity.visualscripting@1.8.0\Editor\VisualScripting.Core\Dependencies\YamlDotNet\Unity.VisualScripting.YamlDotNet.dll
Symbol file LoadedFromMemory doesn't match image C:\Users\marlo\The one with the tanks\Library\PackageCache\com.unity.visualscripting@1.8.0\Editor\VisualScripting.Core\Dependencies\DotNetZip\Unity.VisualScripting.IonicZip.dll
Native extension for WindowsStandalone target not found
Native extension for WebGL target not found
Refreshing native plugins compatible for Editor in 3.41 ms, found 3 plugins.
Preloading 0 native plugins for Editor in 0.00 ms.
Mono: successfully reloaded assembly
- Completed reload, in  1.745 seconds
Domain Reload Profiling:
	ReloadAssembly (1747ms)
		BeginReloadAssembly (174ms)
			ExecutionOrderSort (0ms)
			DisableScriptedObjects (6ms)
			BackupInstance (0ms)
			ReleaseScriptingObjects (0ms)
			CreateAndSetChildDomain (42ms)
		EndReloadAssembly (1422ms)
			LoadAssemblies (112ms)
			RebuildTransferFunctionScriptingTraits (0ms)
			SetupTypeCache (437ms)
			ReleaseScriptCaches (2ms)
			RebuildScriptCaches (93ms)
			SetupLoadedEditorAssemblies (661ms)
				LogAssemblyErrors (0ms)
				InitializePlatformSupportModulesInManaged (36ms)
				SetLoadedEditorAssemblies (2ms)
				RefreshPlugins (4ms)
				BeforeProcessingInitializeOnLoad (119ms)
				ProcessInitializeOnLoadAttributes (455ms)
				ProcessInitializeOnLoadMethodAttributes (34ms)
				AfterProcessingInitializeOnLoad (12ms)
				EditorAssembliesLoaded (0ms)
			ExecutionOrderSort2 (0ms)
			AwakeInstancesAfterBackupRestoration (12ms)
Platform modules already initialized, skipping
Refreshing native plugins compatible for Editor in 8.90 ms, found 3 plugins.
Preloading 0 native plugins for Editor in 0.00 ms.
Unloading 3662 Unused Serialized files (Serialized files now loaded: 0)
Unloading 54 unused Assets / (227.5 KB). Loaded Objects now: 4202.
Memory consumption went from 227.5 MB to 227.3 MB.
Total: 7.766100 ms (FindLiveObjects: 0.445100 ms CreateObjectMapping: 0.409300 ms MarkObjects: 6.087000 ms  DeleteObjects: 0.821400 ms)

AssetImportParameters requested are different than current active one (requested -> active):
  custom:video-decoder-ogg-theora: a1e56fd34408186e4bbccfd4996cb3dc -> 
  custom:container-muxer-webm: aa71ff27fc2769a1b78a27578f13a17b -> 
  custom:container-demuxer-webm: 4f35f7cbe854078d1ac9338744f61a02 -> 
  custom:video-encoder-webm-vp8: eb34c28f22e8b96e1ab97ce403110664 -> 
  custom:audio-encoder-webm-vorbis: bf7c407c2cedff20999df2af8eb42d56 -> 
  custom:framework-win-MediaFoundation: 216162199b28c13a410421893ffa2e32 -> 
  custom:container-demuxer-ogg: 62fdf1f143b41e24485cea50d1cbac27 -> 
  custom:video-decoder-webm-vp8: 9c59270c3fd7afecdb556c50c9e8de78 -> 
  custom:audio-decoder-ogg-vorbis: bf7c407c2cedff20999df2af8eb42d56 -> 
========================================================================
Received Import Request.
  Time since last request: 257.427000 seconds.
  path: Assets/Prefabs/Tanks/Enemy1.prefab
  artifactKey: Guid(1b79709895206a845b3efdc3dcaa23d5) Importer(815301076,1909f56bfc062723c751e8b465ee728b)
Start importing Assets/Prefabs/Tanks/Enemy1.prefab using Guid(1b79709895206a845b3efdc3dcaa23d5) Importer(815301076,1909f56bfc062723c751e8b465ee728b)  -> (artifact id: '689b5bc0549b6e5308c104710240af84') in 0.131094 seconds 
========================================================================
Received Import Request.
  Time since last request: 0.000025 seconds.
  path: Assets/Prefabs/Tanks/Enemy4.prefab
  artifactKey: Guid(b5220ad5770f89c408b03f9150473e9d) Importer(815301076,1909f56bfc062723c751e8b465ee728b)
Start importing Assets/Prefabs/Tanks/Enemy4.prefab using Guid(b5220ad5770f89c408b03f9150473e9d) Importer(815301076,1909f56bfc062723c751e8b465ee728b)  -> (artifact id: '6dbe6b39764cb05c599a64207b1af96d') in 0.060840 seconds 
========================================================================
Received Import Request.
  Time since last request: 8.839514 seconds.
  path: Assets/Prefabs/Tanks/Enemy1.prefab
  artifactKey: Guid(1b79709895206a845b3efdc3dcaa23d5) Importer(815301076,1909f56bfc062723c751e8b465ee728b)
Start importing Assets/Prefabs/Tanks/Enemy1.prefab using Guid(1b79709895206a845b3efdc3dcaa23d5) Importer(815301076,1909f56bfc062723c751e8b465ee728b)  -> (artifact id: 'feca215a1d26aff8416d128e7871b056') in 0.065553 seconds 
========================================================================
Received Import Request.
  Time since last request: 0.000025 seconds.
  path: Assets/Prefabs/Tanks/Enemy4.prefab
  artifactKey: Guid(b5220ad5770f89c408b03f9150473e9d) Importer(815301076,1909f56bfc062723c751e8b465ee728b)
Start importing Assets/Prefabs/Tanks/Enemy4.prefab using Guid(b5220ad5770f89c408b03f9150473e9d) Importer(815301076,1909f56bfc062723c751e8b465ee728b)  -> (artifact id: '3f5f56264592d6982ea3b22ba82cd664') in 0.095015 seconds 
========================================================================
Received Import Request.
  Time since last request: 5.226787 seconds.
  path: Assets/Prefabs/Tanks/Enemy3.prefab
  artifactKey: Guid(b7e2087f1d0c54a4f897eef39dbd2aa0) Importer(815301076,1909f56bfc062723c751e8b465ee728b)
Start importing Assets/Prefabs/Tanks/Enemy3.prefab using Guid(b7e2087f1d0c54a4f897eef39dbd2aa0) Importer(815301076,1909f56bfc062723c751e8b465ee728b)  -> (artifact id: '87d0dbde6bfdad6b381aad2b3709e0f4') in 0.080570 seconds 
========================================================================
Received Import Request.
  Time since last request: 24.736419 seconds.
  path: Assets/Prefabs/Tanks/Enemy2.prefab
  artifactKey: Guid(76ef0965d6aee86429671b92eff322a9) Importer(815301076,1909f56bfc062723c751e8b465ee728b)
Start importing Assets/Prefabs/Tanks/Enemy2.prefab using Guid(76ef0965d6aee86429671b92eff322a9) Importer(815301076,1909f56bfc062723c751e8b465ee728b)  -> (artifact id: 'a9a3f66f81460c248ab1e2013dd6939e') in 0.076618 seconds 
========================================================================
Received Import Request.
  Time since last request: 11.260662 seconds.
  path: Assets/Prefabs/Tanks/Enemy4.prefab
  artifactKey: Guid(b5220ad5770f89c408b03f9150473e9d) Importer(815301076,1909f56bfc062723c751e8b465ee728b)
Start importing Assets/Prefabs/Tanks/Enemy4.prefab using Guid(b5220ad5770f89c408b03f9150473e9d) Importer(815301076,1909f56bfc062723c751e8b465ee728b)  -> (artifact id: '680bc6daa90ad522a9c150d0269d2309') in 0.036965 seconds 
========================================================================
Received Import Request.
  Time since last request: 4.368645 seconds.
  path: Assets/Prefabs/Tanks/Enemy5.prefab
  artifactKey: Guid(7da12a55cfdcbc249b961518e2b55efe) Importer(815301076,1909f56bfc062723c751e8b465ee728b)
Start importing Assets/Prefabs/Tanks/Enemy5.prefab using Guid(7da12a55cfdcbc249b961518e2b55efe) Importer(815301076,1909f56bfc062723c751e8b465ee728b)  -> (artifact id: 'c1b1d80a591a4a737c67d412862615cf') in 0.029181 seconds 
========================================================================
Received Import Request.
  Time since last request: 4.545567 seconds.
  path: Assets/Prefabs/Tanks/Enemy4.prefab
  artifactKey: Guid(b5220ad5770f89c408b03f9150473e9d) Importer(815301076,1909f56bfc062723c751e8b465ee728b)
Start importing Assets/Prefabs/Tanks/Enemy4.prefab using Guid(b5220ad5770f89c408b03f9150473e9d) Importer(815301076,1909f56bfc062723c751e8b465ee728b)  -> (artifact id: '2f041b5c1208ae01879b293100d2ce0a') in 0.039028 seconds 
========================================================================
Received Import Request.
  Time since last request: 18.053917 seconds.
  path: Assets/Prefabs/Tanks/Enemy3.prefab
  artifactKey: Guid(b7e2087f1d0c54a4f897eef39dbd2aa0) Importer(815301076,1909f56bfc062723c751e8b465ee728b)
Start importing Assets/Prefabs/Tanks/Enemy3.prefab using Guid(b7e2087f1d0c54a4f897eef39dbd2aa0) Importer(815301076,1909f56bfc062723c751e8b465ee728b)  -> (artifact id: '24ba1d46d3a5c12978615984f7ae7f56') in 0.033233 seconds 
========================================================================
Received Import Request.
  Time since last request: 4.678009 seconds.
  path: Assets/Prefabs/Tanks/Enemy2.prefab
  artifactKey: Guid(76ef0965d6aee86429671b92eff322a9) Importer(815301076,1909f56bfc062723c751e8b465ee728b)
Start importing Assets/Prefabs/Tanks/Enemy2.prefab using Guid(76ef0965d6aee86429671b92eff322a9) Importer(815301076,1909f56bfc062723c751e8b465ee728b)  -> (artifact id: 'c2d8cd2eb25b64b28789ef404354eb62') in 0.065096 seconds 
========================================================================
Received Prepare
Registering precompiled user dll's ...
Registered in 0.010968 seconds.
Begin MonoManager ReloadAssembly
Symbol file LoadedFromMemory doesn't match image C:\Users\marlo\The one with the tanks\Library\PackageCache\com.unity.visualscripting@1.8.0\Editor\VisualScripting.Core\Dependencies\YamlDotNet\Unity.VisualScripting.YamlDotNet.dll
Symbol file LoadedFromMemory doesn't match image C:\Users\marlo\The one with the tanks\Library\PackageCache\com.unity.visualscripting@1.8.0\Editor\VisualScripting.Core\Dependencies\DotNetZip\Unity.VisualScripting.IonicZip.dll
Native extension for WindowsStandalone target not found
Native extension for WebGL target not found
Refreshing native plugins compatible for Editor in 1.32 ms, found 3 plugins.
Preloading 0 native plugins for Editor in 0.00 ms.
Mono: successfully reloaded assembly
- Completed reload, in  1.944 seconds
Domain Reload Profiling:
	ReloadAssembly (1946ms)
		BeginReloadAssembly (271ms)
			ExecutionOrderSort (0ms)
			DisableScriptedObjects (11ms)
			BackupInstance (0ms)
			ReleaseScriptingObjects (0ms)
			CreateAndSetChildDomain (77ms)
		EndReloadAssembly (1474ms)
			LoadAssemblies (156ms)
			RebuildTransferFunctionScriptingTraits (0ms)
			SetupTypeCache (453ms)
			ReleaseScriptCaches (2ms)
			RebuildScriptCaches (86ms)
			SetupLoadedEditorAssemblies (681ms)
				LogAssemblyErrors (0ms)
				InitializePlatformSupportModulesInManaged (25ms)
				SetLoadedEditorAssemblies (1ms)
				RefreshPlugins (1ms)
				BeforeProcessingInitializeOnLoad (131ms)
				ProcessInitializeOnLoadAttributes (478ms)
				ProcessInitializeOnLoadMethodAttributes (33ms)
				AfterProcessingInitializeOnLoad (12ms)
				EditorAssembliesLoaded (0ms)
			ExecutionOrderSort2 (0ms)
			AwakeInstancesAfterBackupRestoration (14ms)
Platform modules already initialized, skipping
Refreshing native plugins compatible for Editor in 9.91 ms, found 3 plugins.
Preloading 0 native plugins for Editor in 0.00 ms.
Unloading 3662 Unused Serialized files (Serialized files now loaded: 0)
Unloading 55 unused Assets / (227.8 KB). Loaded Objects now: 4208.
Memory consumption went from 227.7 MB to 227.5 MB.
Total: 7.635900 ms (FindLiveObjects: 0.530300 ms CreateObjectMapping: 0.451400 ms MarkObjects: 6.429100 ms  DeleteObjects: 0.223200 ms)

AssetImportParameters requested are different than current active one (requested -> active):
  custom:video-decoder-ogg-theora: a1e56fd34408186e4bbccfd4996cb3dc -> 
  custom:container-muxer-webm: aa71ff27fc2769a1b78a27578f13a17b -> 
  custom:container-demuxer-webm: 4f35f7cbe854078d1ac9338744f61a02 -> 
  custom:video-encoder-webm-vp8: eb34c28f22e8b96e1ab97ce403110664 -> 
  custom:audio-encoder-webm-vorbis: bf7c407c2cedff20999df2af8eb42d56 -> 
  custom:framework-win-MediaFoundation: 216162199b28c13a410421893ffa2e32 -> 
  custom:container-demuxer-ogg: 62fdf1f143b41e24485cea50d1cbac27 -> 
  custom:video-decoder-webm-vp8: 9c59270c3fd7afecdb556c50c9e8de78 -> 
  custom:audio-decoder-ogg-vorbis: bf7c407c2cedff20999df2af8eb42d56 -> 
========================================================================
Received Prepare
Registering precompiled user dll's ...
Registered in 0.008113 seconds.
Begin MonoManager ReloadAssembly
Symbol file LoadedFromMemory doesn't match image C:\Users\marlo\The one with the tanks\Library\PackageCache\com.unity.visualscripting@1.8.0\Editor\VisualScripting.Core\Dependencies\YamlDotNet\Unity.VisualScripting.YamlDotNet.dll
Symbol file LoadedFromMemory doesn't match image C:\Users\marlo\The one with the tanks\Library\PackageCache\com.unity.visualscripting@1.8.0\Editor\VisualScripting.Core\Dependencies\DotNetZip\Unity.VisualScripting.IonicZip.dll
Native extension for WindowsStandalone target not found
Native extension for WebGL target not found
Refreshing native plugins compatible for Editor in 1.04 ms, found 3 plugins.
Preloading 0 native plugins for Editor in 0.00 ms.
Mono: successfully reloaded assembly
- Completed reload, in  1.665 seconds
Domain Reload Profiling:
	ReloadAssembly (1666ms)
		BeginReloadAssembly (202ms)
			ExecutionOrderSort (0ms)
			DisableScriptedObjects (8ms)
			BackupInstance (0ms)
			ReleaseScriptingObjects (0ms)
			CreateAndSetChildDomain (52ms)
		EndReloadAssembly (1316ms)
			LoadAssemblies (128ms)
			RebuildTransferFunctionScriptingTraits (0ms)
			SetupTypeCache (470ms)
			ReleaseScriptCaches (2ms)
			RebuildScriptCaches (72ms)
			SetupLoadedEditorAssemblies (558ms)
				LogAssemblyErrors (0ms)
				InitializePlatformSupportModulesInManaged (18ms)
				SetLoadedEditorAssemblies (1ms)
				RefreshPlugins (1ms)
				BeforeProcessingInitializeOnLoad (97ms)
				ProcessInitializeOnLoadAttributes (392ms)
				ProcessInitializeOnLoadMethodAttributes (37ms)
				AfterProcessingInitializeOnLoad (12ms)
				EditorAssembliesLoaded (0ms)
			ExecutionOrderSort2 (0ms)
			AwakeInstancesAfterBackupRestoration (12ms)
Platform modules already initialized, skipping
Refreshing native plugins compatible for Editor in 6.69 ms, found 3 plugins.
Preloading 0 native plugins for Editor in 0.00 ms.
Unloading 3662 Unused Serialized files (Serialized files now loaded: 0)
Unloading 54 unused Assets / (227.6 KB). Loaded Objects now: 4211.
Memory consumption went from 227.7 MB to 227.5 MB.
Total: 5.968100 ms (FindLiveObjects: 0.480900 ms CreateObjectMapping: 0.431800 ms MarkObjects: 4.800900 ms  DeleteObjects: 0.252900 ms)

AssetImportParameters requested are different than current active one (requested -> active):
  custom:video-decoder-ogg-theora: a1e56fd34408186e4bbccfd4996cb3dc -> 
  custom:container-muxer-webm: aa71ff27fc2769a1b78a27578f13a17b -> 
  custom:container-demuxer-webm: 4f35f7cbe854078d1ac9338744f61a02 -> 
  custom:video-encoder-webm-vp8: eb34c28f22e8b96e1ab97ce403110664 -> 
  custom:audio-encoder-webm-vorbis: bf7c407c2cedff20999df2af8eb42d56 -> 
  custom:framework-win-MediaFoundation: 216162199b28c13a410421893ffa2e32 -> 
  custom:container-demuxer-ogg: 62fdf1f143b41e24485cea50d1cbac27 -> 
  custom:video-decoder-webm-vp8: 9c59270c3fd7afecdb556c50c9e8de78 -> 
  custom:audio-decoder-ogg-vorbis: bf7c407c2cedff20999df2af8eb42d56 -> 
========================================================================
Received Prepare
Registering precompiled user dll's ...
Registered in 0.008933 seconds.
Begin MonoManager ReloadAssembly
Symbol file LoadedFromMemory doesn't match image C:\Users\marlo\The one with the tanks\Library\PackageCache\com.unity.visualscripting@1.8.0\Editor\VisualScripting.Core\Dependencies\YamlDotNet\Unity.VisualScripting.YamlDotNet.dll
Symbol file LoadedFromMemory doesn't match image C:\Users\marlo\The one with the tanks\Library\PackageCache\com.unity.visualscripting@1.8.0\Editor\VisualScripting.Core\Dependencies\DotNetZip\Unity.VisualScripting.IonicZip.dll
Native extension for WindowsStandalone target not found
Native extension for WebGL target not found
Refreshing native plugins compatible for Editor in 1.12 ms, found 3 plugins.
Preloading 0 native plugins for Editor in 0.00 ms.
Mono: successfully reloaded assembly
- Completed reload, in  1.829 seconds
Domain Reload Profiling:
	ReloadAssembly (1830ms)
		BeginReloadAssembly (211ms)
			ExecutionOrderSort (0ms)
			DisableScriptedObjects (9ms)
			BackupInstance (0ms)
			ReleaseScriptingObjects (0ms)
			CreateAndSetChildDomain (48ms)
		EndReloadAssembly (1455ms)
			LoadAssemblies (134ms)
			RebuildTransferFunctionScriptingTraits (0ms)
			SetupTypeCache (483ms)
			ReleaseScriptCaches (2ms)
			RebuildScriptCaches (67ms)
			SetupLoadedEditorAssemblies (677ms)
				LogAssemblyErrors (0ms)
				InitializePlatformSupportModulesInManaged (18ms)
				SetLoadedEditorAssemblies (1ms)
				RefreshPlugins (1ms)
				BeforeProcessingInitializeOnLoad (106ms)
				ProcessInitializeOnLoadAttributes (501ms)
				ProcessInitializeOnLoadMethodAttributes (36ms)
				AfterProcessingInitializeOnLoad (12ms)
				EditorAssembliesLoaded (0ms)
			ExecutionOrderSort2 (0ms)
			AwakeInstancesAfterBackupRestoration (13ms)
Platform modules already initialized, skipping
Refreshing native plugins compatible for Editor in 11.15 ms, found 3 plugins.
Preloading 0 native plugins for Editor in 0.00 ms.
Unloading 3662 Unused Serialized files (Serialized files now loaded: 0)
Unloading 54 unused Assets / (227.6 KB). Loaded Objects now: 4214.
Memory consumption went from 227.7 MB to 227.5 MB.
Total: 9.730900 ms (FindLiveObjects: 1.310800 ms CreateObjectMapping: 0.715600 ms MarkObjects: 7.415200 ms  DeleteObjects: 0.286500 ms)

AssetImportParameters requested are different than current active one (requested -> active):
  custom:video-decoder-ogg-theora: a1e56fd34408186e4bbccfd4996cb3dc -> 
  custom:container-muxer-webm: aa71ff27fc2769a1b78a27578f13a17b -> 
  custom:container-demuxer-webm: 4f35f7cbe854078d1ac9338744f61a02 -> 
  custom:video-encoder-webm-vp8: eb34c28f22e8b96e1ab97ce403110664 -> 
  custom:audio-encoder-webm-vorbis: bf7c407c2cedff20999df2af8eb42d56 -> 
  custom:framework-win-MediaFoundation: 216162199b28c13a410421893ffa2e32 -> 
  custom:container-demuxer-ogg: 62fdf1f143b41e24485cea50d1cbac27 -> 
  custom:video-decoder-webm-vp8: 9c59270c3fd7afecdb556c50c9e8de78 -> 
  custom:audio-decoder-ogg-vorbis: bf7c407c2cedff20999df2af8eb42d56 -> 
========================================================================
Received Prepare
Registering precompiled user dll's ...
Registered in 0.006272 seconds.
Begin MonoManager ReloadAssembly
Symbol file LoadedFromMemory doesn't match image C:\Users\marlo\The one with the tanks\Library\PackageCache\com.unity.visualscripting@1.8.0\Editor\VisualScripting.Core\Dependencies\YamlDotNet\Unity.VisualScripting.YamlDotNet.dll
Symbol file LoadedFromMemory doesn't match image C:\Users\marlo\The one with the tanks\Library\PackageCache\com.unity.visualscripting@1.8.0\Editor\VisualScripting.Core\Dependencies\DotNetZip\Unity.VisualScripting.IonicZip.dll
Native extension for WindowsStandalone target not found
Native extension for WebGL target not found
Refreshing native plugins compatible for Editor in 0.95 ms, found 3 plugins.
Preloading 0 native plugins for Editor in 0.00 ms.
Mono: successfully reloaded assembly
- Completed reload, in  1.379 seconds
Domain Reload Profiling:
	ReloadAssembly (1380ms)
		BeginReloadAssembly (173ms)
			ExecutionOrderSort (0ms)
			DisableScriptedObjects (6ms)
			BackupInstance (0ms)
			ReleaseScriptingObjects (0ms)
			CreateAndSetChildDomain (50ms)
		EndReloadAssembly (1066ms)
			LoadAssemblies (108ms)
			RebuildTransferFunctionScriptingTraits (0ms)
			SetupTypeCache (380ms)
			ReleaseScriptCaches (1ms)
			RebuildScriptCaches (62ms)
			SetupLoadedEditorAssemblies (443ms)
				LogAssemblyErrors (0ms)
				InitializePlatformSupportModulesInManaged (21ms)
				SetLoadedEditorAssemblies (1ms)
				RefreshPlugins (1ms)
				BeforeProcessingInitializeOnLoad (81ms)
				ProcessInitializeOnLoadAttributes (309ms)
				ProcessInitializeOnLoadMethodAttributes (22ms)
				AfterProcessingInitializeOnLoad (8ms)
				EditorAssembliesLoaded (0ms)
			ExecutionOrderSort2 (0ms)
			AwakeInstancesAfterBackupRestoration (7ms)
Platform modules already initialized, skipping
Refreshing native plugins compatible for Editor in 6.03 ms, found 3 plugins.
Preloading 0 native plugins for Editor in 0.00 ms.
Unloading 3662 Unused Serialized files (Serialized files now loaded: 0)
Unloading 54 unused Assets / (227.8 KB). Loaded Objects now: 4217.
Memory consumption went from 227.7 MB to 227.5 MB.
Total: 3.846200 ms (FindLiveObjects: 0.341800 ms CreateObjectMapping: 0.306700 ms MarkObjects: 3.004500 ms  DeleteObjects: 0.191900 ms)

AssetImportParameters requested are different than current active one (requested -> active):
  custom:video-decoder-ogg-theora: a1e56fd34408186e4bbccfd4996cb3dc -> 
  custom:container-muxer-webm: aa71ff27fc2769a1b78a27578f13a17b -> 
  custom:container-demuxer-webm: 4f35f7cbe854078d1ac9338744f61a02 -> 
  custom:video-encoder-webm-vp8: eb34c28f22e8b96e1ab97ce403110664 -> 
  custom:audio-encoder-webm-vorbis: bf7c407c2cedff20999df2af8eb42d56 -> 
  custom:framework-win-MediaFoundation: 216162199b28c13a410421893ffa2e32 -> 
  custom:container-demuxer-ogg: 62fdf1f143b41e24485cea50d1cbac27 -> 
  custom:video-decoder-webm-vp8: 9c59270c3fd7afecdb556c50c9e8de78 -> 
  custom:audio-decoder-ogg-vorbis: bf7c407c2cedff20999df2af8eb42d56 -> 
========================================================================
Received Import Request.
  Time since last request: 613.532414 seconds.
  path: Assets/Prefabs/Tanks/Enemy1.prefab
  artifactKey: Guid(1b79709895206a845b3efdc3dcaa23d5) Importer(815301076,1909f56bfc062723c751e8b465ee728b)
Start importing Assets/Prefabs/Tanks/Enemy1.prefab using Guid(1b79709895206a845b3efdc3dcaa23d5) Importer(815301076,1909f56bfc062723c751e8b465ee728b)  -> (artifact id: '687ca16657aee926741fe006c4767f5e') in 0.122836 seconds 
========================================================================
Received Import Request.
  Time since last request: 0.000031 seconds.
  path: Assets/Prefabs/Tanks/Enemy4.prefab
  artifactKey: Guid(b5220ad5770f89c408b03f9150473e9d) Importer(815301076,1909f56bfc062723c751e8b465ee728b)
Start importing Assets/Prefabs/Tanks/Enemy4.prefab using Guid(b5220ad5770f89c408b03f9150473e9d) Importer(815301076,1909f56bfc062723c751e8b465ee728b)  -> (artifact id: '29575a2c1d61f5d37ba0705350c41a78') in 0.060365 seconds 
========================================================================
Received Import Request.
  Time since last request: 7.589141 seconds.
  path: Assets/Prefabs/Tanks/Enemy2.prefab
  artifactKey: Guid(76ef0965d6aee86429671b92eff322a9) Importer(815301076,1909f56bfc062723c751e8b465ee728b)
Start importing Assets/Prefabs/Tanks/Enemy2.prefab using Guid(76ef0965d6aee86429671b92eff322a9) Importer(815301076,1909f56bfc062723c751e8b465ee728b)  -> (artifact id: '02e511067a059d8bbe1a9b2132fb33fb') in 0.079937 seconds 
========================================================================
Received Import Request.
  Time since last request: 0.000019 seconds.
  path: Assets/Prefabs/Tanks/Enemy5.prefab
  artifactKey: Guid(7da12a55cfdcbc249b961518e2b55efe) Importer(815301076,1909f56bfc062723c751e8b465ee728b)
Start importing Assets/Prefabs/Tanks/Enemy5.prefab using Guid(7da12a55cfdcbc249b961518e2b55efe) Importer(815301076,1909f56bfc062723c751e8b465ee728b)  -> (artifact id: 'b422b388292827105d4659aff327f316') in 0.089865 seconds 
========================================================================
Received Import Request.
  Time since last request: 2.307307 seconds.
  path: Assets/Prefabs/Tanks/Enemy2.prefab
  artifactKey: Guid(76ef0965d6aee86429671b92eff322a9) Importer(815301076,1909f56bfc062723c751e8b465ee728b)
Start importing Assets/Prefabs/Tanks/Enemy2.prefab using Guid(76ef0965d6aee86429671b92eff322a9) Importer(815301076,1909f56bfc062723c751e8b465ee728b)  -> (artifact id: 'c767c191c3dd52cdb965cb3a73adceac') in 0.048615 seconds 
========================================================================
Received Import Request.
  Time since last request: 0.000022 seconds.
  path: Assets/Prefabs/Tanks/Enemy5.prefab
  artifactKey: Guid(7da12a55cfdcbc249b961518e2b55efe) Importer(815301076,1909f56bfc062723c751e8b465ee728b)
Start importing Assets/Prefabs/Tanks/Enemy5.prefab using Guid(7da12a55cfdcbc249b961518e2b55efe) Importer(815301076,1909f56bfc062723c751e8b465ee728b)  -> (artifact id: 'b4a143fe86f29bd828466453f789621f') in 0.043329 seconds 
========================================================================
Received Import Request.
  Time since last request: 4.545816 seconds.
  path: Assets/Prefabs/Tanks/Enemy2.prefab
  artifactKey: Guid(76ef0965d6aee86429671b92eff322a9) Importer(815301076,1909f56bfc062723c751e8b465ee728b)
Start importing Assets/Prefabs/Tanks/Enemy2.prefab using Guid(76ef0965d6aee86429671b92eff322a9) Importer(815301076,1909f56bfc062723c751e8b465ee728b)  -> (artifact id: '380dd610418adc6d54fc1b5611c7a6f4') in 0.093320 seconds 
========================================================================
Received Import Request.
  Time since last request: 0.196898 seconds.
  path: Assets/Prefabs/Tanks/Enemy2.prefab
  artifactKey: Guid(76ef0965d6aee86429671b92eff322a9) Importer(815301076,1909f56bfc062723c751e8b465ee728b)
Start importing Assets/Prefabs/Tanks/Enemy2.prefab using Guid(76ef0965d6aee86429671b92eff322a9) Importer(815301076,1909f56bfc062723c751e8b465ee728b)  -> (artifact id: '726bfecb441bfa8360546f1565a65b29') in 0.070373 seconds 
========================================================================
Received Import Request.
  Time since last request: 0.000026 seconds.
  path: Assets/Prefabs/Tanks/Enemy4.prefab
  artifactKey: Guid(b5220ad5770f89c408b03f9150473e9d) Importer(815301076,1909f56bfc062723c751e8b465ee728b)
Start importing Assets/Prefabs/Tanks/Enemy4.prefab using Guid(b5220ad5770f89c408b03f9150473e9d) Importer(815301076,1909f56bfc062723c751e8b465ee728b)  -> (artifact id: '2f59d2ac376de6f4e279b9851a0ea50e') in 0.050916 seconds 
========================================================================
Received Import Request.
  Time since last request: 0.549214 seconds.
  path: Assets/Prefabs/Tanks/Enemy2.prefab
  artifactKey: Guid(76ef0965d6aee86429671b92eff322a9) Importer(815301076,1909f56bfc062723c751e8b465ee728b)
Start importing Assets/Prefabs/Tanks/Enemy2.prefab using Guid(76ef0965d6aee86429671b92eff322a9) Importer(815301076,1909f56bfc062723c751e8b465ee728b)  -> (artifact id: 'bdb70710de3cfbf3744b14fb25528274') in 0.045596 seconds 
========================================================================
Received Import Request.
  Time since last request: 0.000023 seconds.
  path: Assets/Prefabs/Tanks/Enemy5.prefab
  artifactKey: Guid(7da12a55cfdcbc249b961518e2b55efe) Importer(815301076,1909f56bfc062723c751e8b465ee728b)
Start importing Assets/Prefabs/Tanks/Enemy5.prefab using Guid(7da12a55cfdcbc249b961518e2b55efe) Importer(815301076,1909f56bfc062723c751e8b465ee728b)  -> (artifact id: 'a7645d24dfc2821c85e1a9d9c4cfe33c') in 0.048585 seconds 
========================================================================
Received Import Request.
  Time since last request: 0.514960 seconds.
  path: Assets/Prefabs/Tanks/Enemy2.prefab
  artifactKey: Guid(76ef0965d6aee86429671b92eff322a9) Importer(815301076,1909f56bfc062723c751e8b465ee728b)
Start importing Assets/Prefabs/Tanks/Enemy2.prefab using Guid(76ef0965d6aee86429671b92eff322a9) Importer(815301076,1909f56bfc062723c751e8b465ee728b)  -> (artifact id: 'c14be1be9be43cd5b0b59085b9610611') in 0.045648 seconds 
========================================================================
Received Import Request.
  Time since last request: 0.000023 seconds.
  path: Assets/Prefabs/Tanks/Enemy5.prefab
  artifactKey: Guid(7da12a55cfdcbc249b961518e2b55efe) Importer(815301076,1909f56bfc062723c751e8b465ee728b)
Start importing Assets/Prefabs/Tanks/Enemy5.prefab using Guid(7da12a55cfdcbc249b961518e2b55efe) Importer(815301076,1909f56bfc062723c751e8b465ee728b)  -> (artifact id: 'f7521045427890aa8f8623ec2c4300bd') in 0.037908 seconds 
========================================================================
Received Import Request.
  Time since last request: 0.516198 seconds.
  path: Assets/Prefabs/Tanks/Enemy2.prefab
  artifactKey: Guid(76ef0965d6aee86429671b92eff322a9) Importer(815301076,1909f56bfc062723c751e8b465ee728b)
Start importing Assets/Prefabs/Tanks/Enemy2.prefab using Guid(76ef0965d6aee86429671b92eff322a9) Importer(815301076,1909f56bfc062723c751e8b465ee728b)  -> (artifact id: '84341bded7ae1d96e6ab842ee70f87ac') in 0.049970 seconds 
========================================================================
Received Prepare
Registering precompiled user dll's ...
Registered in 0.007533 seconds.
Begin MonoManager ReloadAssembly
Symbol file LoadedFromMemory doesn't match image C:\Users\marlo\The one with the tanks\Library\PackageCache\com.unity.visualscripting@1.8.0\Editor\VisualScripting.Core\Dependencies\YamlDotNet\Unity.VisualScripting.YamlDotNet.dll
Symbol file LoadedFromMemory doesn't match image C:\Users\marlo\The one with the tanks\Library\PackageCache\com.unity.visualscripting@1.8.0\Editor\VisualScripting.Core\Dependencies\DotNetZip\Unity.VisualScripting.IonicZip.dll
Native extension for WindowsStandalone target not found
Native extension for WebGL target not found
Refreshing native plugins compatible for Editor in 1.03 ms, found 3 plugins.
Preloading 0 native plugins for Editor in 0.00 ms.
Mono: successfully reloaded assembly
- Completed reload, in  1.631 seconds
Domain Reload Profiling:
	ReloadAssembly (1633ms)
		BeginReloadAssembly (188ms)
			ExecutionOrderSort (0ms)
			DisableScriptedObjects (6ms)
			BackupInstance (0ms)
			ReleaseScriptingObjects (0ms)
			CreateAndSetChildDomain (48ms)
		EndReloadAssembly (1292ms)
			LoadAssemblies (130ms)
			RebuildTransferFunctionScriptingTraits (0ms)
			SetupTypeCache (408ms)
			ReleaseScriptCaches (1ms)
			RebuildScriptCaches (69ms)
			SetupLoadedEditorAssemblies (608ms)
				LogAssemblyErrors (0ms)
				InitializePlatformSupportModulesInManaged (22ms)
				SetLoadedEditorAssemblies (1ms)
				RefreshPlugins (1ms)
				BeforeProcessingInitializeOnLoad (105ms)
				ProcessInitializeOnLoadAttributes (435ms)
				ProcessInitializeOnLoadMethodAttributes (33ms)
				AfterProcessingInitializeOnLoad (11ms)
				EditorAssembliesLoaded (0ms)
			ExecutionOrderSort2 (0ms)
			AwakeInstancesAfterBackupRestoration (11ms)
Platform modules already initialized, skipping
Refreshing native plugins compatible for Editor in 8.94 ms, found 3 plugins.
Preloading 0 native plugins for Editor in 0.00 ms.
Unloading 3662 Unused Serialized files (Serialized files now loaded: 0)
Unloading 55 unused Assets / (227.8 KB). Loaded Objects now: 4220.
Memory consumption went from 227.9 MB to 227.6 MB.
Total: 5.926200 ms (FindLiveObjects: 0.447400 ms CreateObjectMapping: 0.585500 ms MarkObjects: 4.634000 ms  DeleteObjects: 0.257900 ms)

AssetImportParameters requested are different than current active one (requested -> active):
  custom:video-decoder-ogg-theora: a1e56fd34408186e4bbccfd4996cb3dc -> 
  custom:container-muxer-webm: aa71ff27fc2769a1b78a27578f13a17b -> 
  custom:container-demuxer-webm: 4f35f7cbe854078d1ac9338744f61a02 -> 
  custom:video-encoder-webm-vp8: eb34c28f22e8b96e1ab97ce403110664 -> 
  custom:audio-encoder-webm-vorbis: bf7c407c2cedff20999df2af8eb42d56 -> 
  custom:framework-win-MediaFoundation: 216162199b28c13a410421893ffa2e32 -> 
  custom:container-demuxer-ogg: 62fdf1f143b41e24485cea50d1cbac27 -> 
  custom:video-decoder-webm-vp8: 9c59270c3fd7afecdb556c50c9e8de78 -> 
  custom:audio-decoder-ogg-vorbis: bf7c407c2cedff20999df2af8eb42d56 -> 
Editor requested this worker to shutdown with reason: Scaling down because of idle timeout
AssetImportWorker is now disconnected from the server
Process exiting
Exiting without the bug reporter. Application will terminate with return code 0