Using pre-set license
Built from '2021.3/staging' branch; Version is '2021.3.19f1 (c9714fde33b6) revision 13201743'; Using compiler version '192829333'; Build Type 'Release'
OS: 'Windows 11  (10.0.22621) 64bit Professional' Language: 'en' Physical Memory: 16145 MB
BatchMode: 1, IsHumanControllingUs: 0, StartBugReporterOnCrash: 0, Is64bit: 1, IsPro: 1

COMMAND LINE ARGUMENTS:
C:\Program Files\Unity\Hub\Editor\2021.3.19f1\Editor\Unity.exe
-adb2
-batchMode
-noUpm
-name
AssetImportWorker11
-projectPath
C:/Users/marlo/The one with the tanks
-logFile
Logs/AssetImportWorker11.log
-srvPort
56888
Successfully changed project path to: C:/Users/marlo/The one with the tanks
C:/Users/marlo/The one with the tanks
[UnityMemory] Configuration Parameters - Can be set up in boot.config
    "memorysetup-bucket-allocator-granularity=16"
    "memorysetup-bucket-allocator-bucket-count=8"
    "memorysetup-bucket-allocator-block-size=33554432"
    "memorysetup-bucket-allocator-block-count=8"
    "memorysetup-main-allocator-block-size=16777216"
    "memorysetup-thread-allocator-block-size=16777216"
    "memorysetup-gfx-main-allocator-block-size=16777216"
    "memorysetup-gfx-thread-allocator-block-size=16777216"
    "memorysetup-cache-allocator-block-size=4194304"
    "memorysetup-typetree-allocator-block-size=2097152"
    "memorysetup-profiler-bucket-allocator-granularity=16"
    "memorysetup-profiler-bucket-allocator-bucket-count=8"
    "memorysetup-profiler-bucket-allocator-block-size=33554432"
    "memorysetup-profiler-bucket-allocator-block-count=8"
    "memorysetup-profiler-allocator-block-size=16777216"
    "memorysetup-profiler-editor-allocator-block-size=1048576"
    "memorysetup-temp-allocator-size-main=16777216"
    "memorysetup-job-temp-allocator-block-size=2097152"
    "memorysetup-job-temp-allocator-block-size-background=1048576"
    "memorysetup-job-temp-allocator-reduction-small-platforms=262144"
    "memorysetup-temp-allocator-size-background-worker=32768"
    "memorysetup-temp-allocator-size-job-worker=262144"
    "memorysetup-temp-allocator-size-preload-manager=33554432"
    "memorysetup-temp-allocator-size-nav-mesh-worker=65536"
    "memorysetup-temp-allocator-size-audio-worker=65536"
    "memorysetup-temp-allocator-size-cloud-worker=32768"
    "memorysetup-temp-allocator-size-gi-baking-worker=262144"
    "memorysetup-temp-allocator-size-gfx=262144"
Player connection [32804] Host "[IP] 192.168.1.213 [Port] 0 [Flags] 2 [Guid] 599844294 [EditorId] 599844294 [Version] 1048832 [Id] WindowsEditor(7,MarlonLapDeskTo) [Debug] 1 [PackageName] WindowsEditor [ProjectName] Editor" joined multi-casting on [225.0.0.222:54997]...

Player connection [32804] Host "[IP] 192.168.1.213 [Port] 0 [Flags] 2 [Guid] 599844294 [EditorId] 599844294 [Version] 1048832 [Id] WindowsEditor(7,MarlonLapDeskTo) [Debug] 1 [PackageName] WindowsEditor [ProjectName] Editor" joined alternative multi-casting on [225.0.0.222:34997]...

Refreshing native plugins compatible for Editor in 132.32 ms, found 3 plugins.
Preloading 0 native plugins for Editor in 0.00 ms.
Initialize engine version: 2021.3.19f1 (c9714fde33b6)
[Subsystems] Discovering subsystems at path C:/Program Files/Unity/Hub/Editor/2021.3.19f1/Editor/Data/Resources/UnitySubsystems
[Subsystems] Discovering subsystems at path C:/Users/marlo/The one with the tanks/Assets
GfxDevice: creating device client; threaded=0; jobified=0
Direct3D:
    Version:  Direct3D 11.0 [level 11.1]
    Renderer: NVIDIA GeForce GTX 1650 Ti (ID=0x1f95)
    Vendor:   NVIDIA
    VRAM:     3949 MB
    Driver:   31.0.15.3161
Initialize mono
Mono path[0] = 'C:/Program Files/Unity/Hub/Editor/2021.3.19f1/Editor/Data/Managed'
Mono path[1] = 'C:/Program Files/Unity/Hub/Editor/2021.3.19f1/Editor/Data/MonoBleedingEdge/lib/mono/unityjit-win32'
Mono config path = 'C:/Program Files/Unity/Hub/Editor/2021.3.19f1/Editor/Data/MonoBleedingEdge/etc'
Using monoOptions --debugger-agent=transport=dt_socket,embedding=1,server=y,suspend=n,address=127.0.0.1:56044
Begin MonoManager ReloadAssembly
Registering precompiled unity dll's ...
Register platform support module: C:/Program Files/Unity/Hub/Editor/2021.3.19f1/Editor/Data/PlaybackEngines/WebGLSupport/UnityEditor.WebGL.Extensions.dll
Register platform support module: C:/Program Files/Unity/Hub/Editor/2021.3.19f1/Editor/Data/PlaybackEngines/WindowsStandaloneSupport/UnityEditor.WindowsStandalone.Extensions.dll
Registered in 0.005987 seconds.
Native extension for WindowsStandalone target not found
Native extension for WebGL target not found
Refreshing native plugins compatible for Editor in 122.10 ms, found 3 plugins.
Preloading 0 native plugins for Editor in 0.00 ms.
Mono: successfully reloaded assembly
- Completed reload, in  1.221 seconds
Domain Reload Profiling:
	ReloadAssembly (1222ms)
		BeginReloadAssembly (85ms)
			ExecutionOrderSort (0ms)
			DisableScriptedObjects (0ms)
			BackupInstance (0ms)
			ReleaseScriptingObjects (0ms)
			CreateAndSetChildDomain (1ms)
		EndReloadAssembly (830ms)
			LoadAssemblies (83ms)
			RebuildTransferFunctionScriptingTraits (0ms)
			SetupTypeCache (340ms)
			ReleaseScriptCaches (0ms)
			RebuildScriptCaches (39ms)
			SetupLoadedEditorAssemblies (382ms)
				LogAssemblyErrors (0ms)
				InitializePlatformSupportModulesInManaged (11ms)
				SetLoadedEditorAssemblies (0ms)
				RefreshPlugins (122ms)
				BeforeProcessingInitializeOnLoad (1ms)
				ProcessInitializeOnLoadAttributes (183ms)
				ProcessInitializeOnLoadMethodAttributes (64ms)
				AfterProcessingInitializeOnLoad (0ms)
				EditorAssembliesLoaded (0ms)
			ExecutionOrderSort2 (0ms)
			AwakeInstancesAfterBackupRestoration (0ms)
Platform modules already initialized, skipping
Registering precompiled user dll's ...
Registered in 0.006138 seconds.
Begin MonoManager ReloadAssembly
Symbol file LoadedFromMemory doesn't match image C:\Users\marlo\The one with the tanks\Library\PackageCache\com.unity.visualscripting@1.8.0\Editor\VisualScripting.Core\Dependencies\YamlDotNet\Unity.VisualScripting.YamlDotNet.dll
Symbol file LoadedFromMemory doesn't match image C:\Users\marlo\The one with the tanks\Library\PackageCache\com.unity.visualscripting@1.8.0\Editor\VisualScripting.Core\Dependencies\DotNetZip\Unity.VisualScripting.IonicZip.dll
Native extension for WindowsStandalone target not found
Native extension for WebGL target not found
Refreshing native plugins compatible for Editor in 108.54 ms, found 3 plugins.
Preloading 0 native plugins for Editor in 0.00 ms.
Mono: successfully reloaded assembly
- Completed reload, in  1.420 seconds
Domain Reload Profiling:
	ReloadAssembly (1421ms)
		BeginReloadAssembly (112ms)
			ExecutionOrderSort (0ms)
			DisableScriptedObjects (7ms)
			BackupInstance (0ms)
			ReleaseScriptingObjects (0ms)
			CreateAndSetChildDomain (19ms)
		EndReloadAssembly (1179ms)
			LoadAssemblies (84ms)
			RebuildTransferFunctionScriptingTraits (0ms)
			SetupTypeCache (423ms)
			ReleaseScriptCaches (1ms)
			RebuildScriptCaches (57ms)
			SetupLoadedEditorAssemblies (554ms)
				LogAssemblyErrors (0ms)
				InitializePlatformSupportModulesInManaged (6ms)
				SetLoadedEditorAssemblies (0ms)
				RefreshPlugins (109ms)
				BeforeProcessingInitializeOnLoad (99ms)
				ProcessInitializeOnLoadAttributes (317ms)
				ProcessInitializeOnLoadMethodAttributes (16ms)
				AfterProcessingInitializeOnLoad (7ms)
				EditorAssembliesLoaded (0ms)
			ExecutionOrderSort2 (0ms)
			AwakeInstancesAfterBackupRestoration (7ms)
Platform modules already initialized, skipping
========================================================================
Worker process is ready to serve import requests
Launched and connected shader compiler UnityShaderCompiler.exe after 0.07 seconds
Refreshing native plugins compatible for Editor in 0.93 ms, found 3 plugins.
Preloading 0 native plugins for Editor in 0.00 ms.
Unloading 3702 Unused Serialized files (Serialized files now loaded: 0)
Unloading 63 unused Assets / (1.3 MB). Loaded Objects now: 4151.
Memory consumption went from 228.9 MB to 227.6 MB.
Total: 3.814200 ms (FindLiveObjects: 0.472900 ms CreateObjectMapping: 0.310200 ms MarkObjects: 2.745500 ms  DeleteObjects: 0.284500 ms)

AssetImportParameters requested are different than current active one (requested -> active):
  custom:video-decoder-ogg-theora: a1e56fd34408186e4bbccfd4996cb3dc -> 
  custom:container-muxer-webm: aa71ff27fc2769a1b78a27578f13a17b -> 
  custom:container-demuxer-webm: 4f35f7cbe854078d1ac9338744f61a02 -> 
  custom:video-encoder-webm-vp8: eb34c28f22e8b96e1ab97ce403110664 -> 
  custom:audio-encoder-webm-vorbis: bf7c407c2cedff20999df2af8eb42d56 -> 
  custom:framework-win-MediaFoundation: 216162199b28c13a410421893ffa2e32 -> 
  custom:container-demuxer-ogg: 62fdf1f143b41e24485cea50d1cbac27 -> 
  custom:video-decoder-webm-vp8: 9c59270c3fd7afecdb556c50c9e8de78 -> 
  custom:audio-decoder-ogg-vorbis: bf7c407c2cedff20999df2af8eb42d56 -> 
========================================================================
Received Prepare
Registering precompiled user dll's ...
Registered in 0.006121 seconds.
Begin MonoManager ReloadAssembly
Symbol file LoadedFromMemory doesn't match image C:\Users\marlo\The one with the tanks\Library\PackageCache\com.unity.visualscripting@1.8.0\Editor\VisualScripting.Core\Dependencies\YamlDotNet\Unity.VisualScripting.YamlDotNet.dll
Symbol file LoadedFromMemory doesn't match image C:\Users\marlo\The one with the tanks\Library\PackageCache\com.unity.visualscripting@1.8.0\Editor\VisualScripting.Core\Dependencies\DotNetZip\Unity.VisualScripting.IonicZip.dll
Native extension for WindowsStandalone target not found
Native extension for WebGL target not found
Refreshing native plugins compatible for Editor in 0.84 ms, found 3 plugins.
Preloading 0 native plugins for Editor in 0.00 ms.
Mono: successfully reloaded assembly
- Completed reload, in  1.310 seconds
Domain Reload Profiling:
	ReloadAssembly (1311ms)
		BeginReloadAssembly (162ms)
			ExecutionOrderSort (0ms)
			DisableScriptedObjects (5ms)
			BackupInstance (0ms)
			ReleaseScriptingObjects (0ms)
			CreateAndSetChildDomain (44ms)
		EndReloadAssembly (1025ms)
			LoadAssemblies (103ms)
			RebuildTransferFunctionScriptingTraits (0ms)
			SetupTypeCache (386ms)
			ReleaseScriptCaches (1ms)
			RebuildScriptCaches (51ms)
			SetupLoadedEditorAssemblies (414ms)
				LogAssemblyErrors (0ms)
				InitializePlatformSupportModulesInManaged (21ms)
				SetLoadedEditorAssemblies (1ms)
				RefreshPlugins (1ms)
				BeforeProcessingInitializeOnLoad (76ms)
				ProcessInitializeOnLoadAttributes (289ms)
				ProcessInitializeOnLoadMethodAttributes (20ms)
				AfterProcessingInitializeOnLoad (7ms)
				EditorAssembliesLoaded (0ms)
			ExecutionOrderSort2 (0ms)
			AwakeInstancesAfterBackupRestoration (6ms)
Platform modules already initialized, skipping
Refreshing native plugins compatible for Editor in 5.12 ms, found 3 plugins.
Preloading 0 native plugins for Editor in 0.00 ms.
Unloading 3653 Unused Serialized files (Serialized files now loaded: 0)
Unloading 54 unused Assets / (1.3 MB). Loaded Objects now: 4154.
Memory consumption went from 224.1 MB to 222.8 MB.
Total: 3.350100 ms (FindLiveObjects: 0.289600 ms CreateObjectMapping: 0.211700 ms MarkObjects: 2.560200 ms  DeleteObjects: 0.287800 ms)

AssetImportParameters requested are different than current active one (requested -> active):
  custom:video-decoder-ogg-theora: a1e56fd34408186e4bbccfd4996cb3dc -> 
  custom:container-muxer-webm: aa71ff27fc2769a1b78a27578f13a17b -> 
  custom:container-demuxer-webm: 4f35f7cbe854078d1ac9338744f61a02 -> 
  custom:video-encoder-webm-vp8: eb34c28f22e8b96e1ab97ce403110664 -> 
  custom:audio-encoder-webm-vorbis: bf7c407c2cedff20999df2af8eb42d56 -> 
  custom:framework-win-MediaFoundation: 216162199b28c13a410421893ffa2e32 -> 
  custom:container-demuxer-ogg: 62fdf1f143b41e24485cea50d1cbac27 -> 
  custom:video-decoder-webm-vp8: 9c59270c3fd7afecdb556c50c9e8de78 -> 
  custom:audio-decoder-ogg-vorbis: bf7c407c2cedff20999df2af8eb42d56 -> 
========================================================================
Received Prepare
Registering precompiled user dll's ...
Registered in 0.005502 seconds.
Begin MonoManager ReloadAssembly
Symbol file LoadedFromMemory doesn't match image C:\Users\marlo\The one with the tanks\Library\PackageCache\com.unity.visualscripting@1.8.0\Editor\VisualScripting.Core\Dependencies\YamlDotNet\Unity.VisualScripting.YamlDotNet.dll
Symbol file LoadedFromMemory doesn't match image C:\Users\marlo\The one with the tanks\Library\PackageCache\com.unity.visualscripting@1.8.0\Editor\VisualScripting.Core\Dependencies\DotNetZip\Unity.VisualScripting.IonicZip.dll
Native extension for WindowsStandalone target not found
Native extension for WebGL target not found
Refreshing native plugins compatible for Editor in 1.71 ms, found 3 plugins.
Preloading 0 native plugins for Editor in 0.00 ms.
Mono: successfully reloaded assembly
- Completed reload, in  1.252 seconds
Domain Reload Profiling:
	ReloadAssembly (1253ms)
		BeginReloadAssembly (153ms)
			ExecutionOrderSort (0ms)
			DisableScriptedObjects (5ms)
			BackupInstance (0ms)
			ReleaseScriptingObjects (0ms)
			CreateAndSetChildDomain (44ms)
		EndReloadAssembly (979ms)
			LoadAssemblies (91ms)
			RebuildTransferFunctionScriptingTraits (0ms)
			SetupTypeCache (347ms)
			ReleaseScriptCaches (1ms)
			RebuildScriptCaches (46ms)
			SetupLoadedEditorAssemblies (432ms)
				LogAssemblyErrors (0ms)
				InitializePlatformSupportModulesInManaged (22ms)
				SetLoadedEditorAssemblies (1ms)
				RefreshPlugins (2ms)
				BeforeProcessingInitializeOnLoad (86ms)
				ProcessInitializeOnLoadAttributes (288ms)
				ProcessInitializeOnLoadMethodAttributes (24ms)
				AfterProcessingInitializeOnLoad (10ms)
				EditorAssembliesLoaded (0ms)
			ExecutionOrderSort2 (0ms)
			AwakeInstancesAfterBackupRestoration (10ms)
Platform modules already initialized, skipping
Refreshing native plugins compatible for Editor in 6.41 ms, found 3 plugins.
Preloading 0 native plugins for Editor in 0.00 ms.
Unloading 3653 Unused Serialized files (Serialized files now loaded: 0)
Unloading 54 unused Assets / (1.3 MB). Loaded Objects now: 4157.
Memory consumption went from 223.8 MB to 222.5 MB.
Total: 3.861300 ms (FindLiveObjects: 0.358000 ms CreateObjectMapping: 0.269700 ms MarkObjects: 2.856100 ms  DeleteObjects: 0.375800 ms)

AssetImportParameters requested are different than current active one (requested -> active):
  custom:video-decoder-ogg-theora: a1e56fd34408186e4bbccfd4996cb3dc -> 
  custom:container-muxer-webm: aa71ff27fc2769a1b78a27578f13a17b -> 
  custom:container-demuxer-webm: 4f35f7cbe854078d1ac9338744f61a02 -> 
  custom:video-encoder-webm-vp8: eb34c28f22e8b96e1ab97ce403110664 -> 
  custom:audio-encoder-webm-vorbis: bf7c407c2cedff20999df2af8eb42d56 -> 
  custom:framework-win-MediaFoundation: 216162199b28c13a410421893ffa2e32 -> 
  custom:container-demuxer-ogg: 62fdf1f143b41e24485cea50d1cbac27 -> 
  custom:video-decoder-webm-vp8: 9c59270c3fd7afecdb556c50c9e8de78 -> 
  custom:audio-decoder-ogg-vorbis: bf7c407c2cedff20999df2af8eb42d56 -> 
========================================================================
Received Prepare
Registering precompiled user dll's ...
Registered in 0.006824 seconds.
Begin MonoManager ReloadAssembly
Symbol file LoadedFromMemory doesn't match image C:\Users\marlo\The one with the tanks\Library\PackageCache\com.unity.visualscripting@1.8.0\Editor\VisualScripting.Core\Dependencies\YamlDotNet\Unity.VisualScripting.YamlDotNet.dll
Symbol file LoadedFromMemory doesn't match image C:\Users\marlo\The one with the tanks\Library\PackageCache\com.unity.visualscripting@1.8.0\Editor\VisualScripting.Core\Dependencies\DotNetZip\Unity.VisualScripting.IonicZip.dll
Native extension for WindowsStandalone target not found
Native extension for WebGL target not found
Refreshing native plugins compatible for Editor in 0.81 ms, found 3 plugins.
Preloading 0 native plugins for Editor in 0.00 ms.
Mono: successfully reloaded assembly
- Completed reload, in  1.409 seconds
Domain Reload Profiling:
	ReloadAssembly (1410ms)
		BeginReloadAssembly (162ms)
			ExecutionOrderSort (0ms)
			DisableScriptedObjects (5ms)
			BackupInstance (0ms)
			ReleaseScriptingObjects (0ms)
			CreateAndSetChildDomain (40ms)
		EndReloadAssembly (1104ms)
			LoadAssemblies (96ms)
			RebuildTransferFunctionScriptingTraits (0ms)
			SetupTypeCache (393ms)
			ReleaseScriptCaches (1ms)
			RebuildScriptCaches (55ms)
			SetupLoadedEditorAssemblies (487ms)
				LogAssemblyErrors (0ms)
				InitializePlatformSupportModulesInManaged (15ms)
				SetLoadedEditorAssemblies (0ms)
				RefreshPlugins (1ms)
				BeforeProcessingInitializeOnLoad (82ms)
				ProcessInitializeOnLoadAttributes (352ms)
				ProcessInitializeOnLoadMethodAttributes (27ms)
				AfterProcessingInitializeOnLoad (8ms)
				EditorAssembliesLoaded (0ms)
			ExecutionOrderSort2 (0ms)
			AwakeInstancesAfterBackupRestoration (9ms)
Platform modules already initialized, skipping
Refreshing native plugins compatible for Editor in 7.51 ms, found 3 plugins.
Preloading 0 native plugins for Editor in 0.00 ms.
Unloading 3653 Unused Serialized files (Serialized files now loaded: 0)
Unloading 54 unused Assets / (1.3 MB). Loaded Objects now: 4160.
Memory consumption went from 223.8 MB to 222.5 MB.
Total: 6.402000 ms (FindLiveObjects: 0.777600 ms CreateObjectMapping: 0.314700 ms MarkObjects: 4.898800 ms  DeleteObjects: 0.409400 ms)

AssetImportParameters requested are different than current active one (requested -> active):
  custom:video-decoder-ogg-theora: a1e56fd34408186e4bbccfd4996cb3dc -> 
  custom:container-muxer-webm: aa71ff27fc2769a1b78a27578f13a17b -> 
  custom:container-demuxer-webm: 4f35f7cbe854078d1ac9338744f61a02 -> 
  custom:video-encoder-webm-vp8: eb34c28f22e8b96e1ab97ce403110664 -> 
  custom:audio-encoder-webm-vorbis: bf7c407c2cedff20999df2af8eb42d56 -> 
  custom:framework-win-MediaFoundation: 216162199b28c13a410421893ffa2e32 -> 
  custom:container-demuxer-ogg: 62fdf1f143b41e24485cea50d1cbac27 -> 
  custom:video-decoder-webm-vp8: 9c59270c3fd7afecdb556c50c9e8de78 -> 
  custom:audio-decoder-ogg-vorbis: bf7c407c2cedff20999df2af8eb42d56 -> 
========================================================================
Received Import Request.
  Time since last request: 97496.024830 seconds.
  path: Assets/Prefabs/Obstacles/NumberBox.prefab
  artifactKey: Guid(dab0899c1aeadb547bfd1bd957aa484b) Importer(815301076,1909f56bfc062723c751e8b465ee728b)
Start importing Assets/Prefabs/Obstacles/NumberBox.prefab using Guid(dab0899c1aeadb547bfd1bd957aa484b) Importer(815301076,1909f56bfc062723c751e8b465ee728b)  -> (artifact id: '9c568bbe8c103103937d603e882d7bae') in 0.170443 seconds 
========================================================================
Received Import Request.
  Time since last request: 306.971048 seconds.
  path: Assets/Prefabs/Obstacles/NumberBox.prefab
  artifactKey: Guid(dab0899c1aeadb547bfd1bd957aa484b) Importer(815301076,1909f56bfc062723c751e8b465ee728b)
Start importing Assets/Prefabs/Obstacles/NumberBox.prefab using Guid(dab0899c1aeadb547bfd1bd957aa484b) Importer(815301076,1909f56bfc062723c751e8b465ee728b)  -> (artifact id: 'e584139d8ea1e76a89d6c5e40e999d2c') in 0.030875 seconds 
========================================================================
Received Prepare
Registering precompiled user dll's ...
Registered in 0.017519 seconds.
Begin MonoManager ReloadAssembly
Symbol file LoadedFromMemory doesn't match image C:\Users\marlo\The one with the tanks\Library\PackageCache\com.unity.visualscripting@1.8.0\Editor\VisualScripting.Core\Dependencies\YamlDotNet\Unity.VisualScripting.YamlDotNet.dll
Symbol file LoadedFromMemory doesn't match image C:\Users\marlo\The one with the tanks\Library\PackageCache\com.unity.visualscripting@1.8.0\Editor\VisualScripting.Core\Dependencies\DotNetZip\Unity.VisualScripting.IonicZip.dll
Native extension for WindowsStandalone target not found
Native extension for WebGL target not found
Refreshing native plugins compatible for Editor in 1.20 ms, found 3 plugins.
Preloading 0 native plugins for Editor in 0.00 ms.
Mono: successfully reloaded assembly
- Completed reload, in  1.779 seconds
Domain Reload Profiling:
	ReloadAssembly (1780ms)
		BeginReloadAssembly (434ms)
			ExecutionOrderSort (0ms)
			DisableScriptedObjects (15ms)
			BackupInstance (0ms)
			ReleaseScriptingObjects (0ms)
			CreateAndSetChildDomain (208ms)
		EndReloadAssembly (1181ms)
			LoadAssemblies (160ms)
			RebuildTransferFunctionScriptingTraits (0ms)
			SetupTypeCache (437ms)
			ReleaseScriptCaches (2ms)
			RebuildScriptCaches (57ms)
			SetupLoadedEditorAssemblies (489ms)
				LogAssemblyErrors (0ms)
				InitializePlatformSupportModulesInManaged (19ms)
				SetLoadedEditorAssemblies (1ms)
				RefreshPlugins (1ms)
				BeforeProcessingInitializeOnLoad (87ms)
				ProcessInitializeOnLoadAttributes (348ms)
				ProcessInitializeOnLoadMethodAttributes (23ms)
				AfterProcessingInitializeOnLoad (9ms)
				EditorAssembliesLoaded (0ms)
			ExecutionOrderSort2 (0ms)
			AwakeInstancesAfterBackupRestoration (8ms)
Platform modules already initialized, skipping
Refreshing native plugins compatible for Editor in 4.87 ms, found 3 plugins.
Preloading 0 native plugins for Editor in 0.00 ms.
Unloading 3653 Unused Serialized files (Serialized files now loaded: 0)
Unloading 54 unused Assets / (1.3 MB). Loaded Objects now: 4171.
Memory consumption went from 228.2 MB to 226.9 MB.
Total: 4.926600 ms (FindLiveObjects: 0.378900 ms CreateObjectMapping: 0.422800 ms MarkObjects: 3.641900 ms  DeleteObjects: 0.481800 ms)

AssetImportParameters requested are different than current active one (requested -> active):
  custom:video-decoder-ogg-theora: a1e56fd34408186e4bbccfd4996cb3dc -> 
  custom:container-muxer-webm: aa71ff27fc2769a1b78a27578f13a17b -> 
  custom:container-demuxer-webm: 4f35f7cbe854078d1ac9338744f61a02 -> 
  custom:video-encoder-webm-vp8: eb34c28f22e8b96e1ab97ce403110664 -> 
  custom:audio-encoder-webm-vorbis: bf7c407c2cedff20999df2af8eb42d56 -> 
  custom:framework-win-MediaFoundation: 216162199b28c13a410421893ffa2e32 -> 
  custom:container-demuxer-ogg: 62fdf1f143b41e24485cea50d1cbac27 -> 
  custom:video-decoder-webm-vp8: 9c59270c3fd7afecdb556c50c9e8de78 -> 
  custom:audio-decoder-ogg-vorbis: bf7c407c2cedff20999df2af8eb42d56 -> 
========================================================================
Received Prepare
Registering precompiled user dll's ...
Registered in 0.006044 seconds.
Begin MonoManager ReloadAssembly
Symbol file LoadedFromMemory doesn't match image C:\Users\marlo\The one with the tanks\Library\PackageCache\com.unity.visualscripting@1.8.0\Editor\VisualScripting.Core\Dependencies\YamlDotNet\Unity.VisualScripting.YamlDotNet.dll
Symbol file LoadedFromMemory doesn't match image C:\Users\marlo\The one with the tanks\Library\PackageCache\com.unity.visualscripting@1.8.0\Editor\VisualScripting.Core\Dependencies\DotNetZip\Unity.VisualScripting.IonicZip.dll
Native extension for WindowsStandalone target not found
Native extension for WebGL target not found
Refreshing native plugins compatible for Editor in 1.47 ms, found 3 plugins.
Preloading 0 native plugins for Editor in 0.00 ms.
Mono: successfully reloaded assembly
- Completed reload, in  1.147 seconds
Domain Reload Profiling:
	ReloadAssembly (1148ms)
		BeginReloadAssembly (143ms)
			ExecutionOrderSort (0ms)
			DisableScriptedObjects (4ms)
			BackupInstance (0ms)
			ReleaseScriptingObjects (0ms)
			CreateAndSetChildDomain (34ms)
		EndReloadAssembly (887ms)
			LoadAssemblies (100ms)
			RebuildTransferFunctionScriptingTraits (0ms)
			SetupTypeCache (302ms)
			ReleaseScriptCaches (2ms)
			RebuildScriptCaches (48ms)
			SetupLoadedEditorAssemblies (374ms)
				LogAssemblyErrors (0ms)
				InitializePlatformSupportModulesInManaged (14ms)
				SetLoadedEditorAssemblies (1ms)
				RefreshPlugins (2ms)
				BeforeProcessingInitializeOnLoad (72ms)
				ProcessInitializeOnLoadAttributes (261ms)
				ProcessInitializeOnLoadMethodAttributes (17ms)
				AfterProcessingInitializeOnLoad (6ms)
				EditorAssembliesLoaded (0ms)
			ExecutionOrderSort2 (0ms)
			AwakeInstancesAfterBackupRestoration (6ms)
Platform modules already initialized, skipping
Refreshing native plugins compatible for Editor in 5.72 ms, found 3 plugins.
Preloading 0 native plugins for Editor in 0.00 ms.
Unloading 3653 Unused Serialized files (Serialized files now loaded: 0)
Unloading 54 unused Assets / (1.3 MB). Loaded Objects now: 4174.
Memory consumption went from 228.3 MB to 227.0 MB.
Total: 4.540800 ms (FindLiveObjects: 0.448200 ms CreateObjectMapping: 0.331300 ms MarkObjects: 3.289100 ms  DeleteObjects: 0.471000 ms)

AssetImportParameters requested are different than current active one (requested -> active):
  custom:video-decoder-ogg-theora: a1e56fd34408186e4bbccfd4996cb3dc -> 
  custom:container-muxer-webm: aa71ff27fc2769a1b78a27578f13a17b -> 
  custom:container-demuxer-webm: 4f35f7cbe854078d1ac9338744f61a02 -> 
  custom:video-encoder-webm-vp8: eb34c28f22e8b96e1ab97ce403110664 -> 
  custom:audio-encoder-webm-vorbis: bf7c407c2cedff20999df2af8eb42d56 -> 
  custom:framework-win-MediaFoundation: 216162199b28c13a410421893ffa2e32 -> 
  custom:container-demuxer-ogg: 62fdf1f143b41e24485cea50d1cbac27 -> 
  custom:video-decoder-webm-vp8: 9c59270c3fd7afecdb556c50c9e8de78 -> 
  custom:audio-decoder-ogg-vorbis: bf7c407c2cedff20999df2af8eb42d56 -> 
========================================================================
Received Prepare
Registering precompiled user dll's ...
Registered in 0.005345 seconds.
Begin MonoManager ReloadAssembly
Symbol file LoadedFromMemory doesn't match image C:\Users\marlo\The one with the tanks\Library\PackageCache\com.unity.visualscripting@1.8.0\Editor\VisualScripting.Core\Dependencies\YamlDotNet\Unity.VisualScripting.YamlDotNet.dll
Symbol file LoadedFromMemory doesn't match image C:\Users\marlo\The one with the tanks\Library\PackageCache\com.unity.visualscripting@1.8.0\Editor\VisualScripting.Core\Dependencies\DotNetZip\Unity.VisualScripting.IonicZip.dll
Native extension for WindowsStandalone target not found
Native extension for WebGL target not found
Refreshing native plugins compatible for Editor in 0.84 ms, found 3 plugins.
Preloading 0 native plugins for Editor in 0.00 ms.
Mono: successfully reloaded assembly
- Completed reload, in  1.249 seconds
Domain Reload Profiling:
	ReloadAssembly (1250ms)
		BeginReloadAssembly (159ms)
			ExecutionOrderSort (0ms)
			DisableScriptedObjects (5ms)
			BackupInstance (0ms)
			ReleaseScriptingObjects (0ms)
			CreateAndSetChildDomain (40ms)
		EndReloadAssembly (953ms)
			LoadAssemblies (101ms)
			RebuildTransferFunctionScriptingTraits (0ms)
			SetupTypeCache (303ms)
			ReleaseScriptCaches (1ms)
			RebuildScriptCaches (44ms)
			SetupLoadedEditorAssemblies (446ms)
				LogAssemblyErrors (0ms)
				InitializePlatformSupportModulesInManaged (14ms)
				SetLoadedEditorAssemblies (1ms)
				RefreshPlugins (1ms)
				BeforeProcessingInitializeOnLoad (71ms)
				ProcessInitializeOnLoadAttributes (327ms)
				ProcessInitializeOnLoadMethodAttributes (25ms)
				AfterProcessingInitializeOnLoad (8ms)
				EditorAssembliesLoaded (0ms)
			ExecutionOrderSort2 (0ms)
			AwakeInstancesAfterBackupRestoration (7ms)
Platform modules already initialized, skipping
Refreshing native plugins compatible for Editor in 7.74 ms, found 3 plugins.
Preloading 0 native plugins for Editor in 0.00 ms.
Unloading 3653 Unused Serialized files (Serialized files now loaded: 0)
Unloading 54 unused Assets / (1.3 MB). Loaded Objects now: 4177.
Memory consumption went from 228.3 MB to 227.0 MB.
Total: 3.405300 ms (FindLiveObjects: 0.346000 ms CreateObjectMapping: 0.236900 ms MarkObjects: 2.429600 ms  DeleteObjects: 0.391800 ms)

AssetImportParameters requested are different than current active one (requested -> active):
  custom:video-decoder-ogg-theora: a1e56fd34408186e4bbccfd4996cb3dc -> 
  custom:container-muxer-webm: aa71ff27fc2769a1b78a27578f13a17b -> 
  custom:container-demuxer-webm: 4f35f7cbe854078d1ac9338744f61a02 -> 
  custom:video-encoder-webm-vp8: eb34c28f22e8b96e1ab97ce403110664 -> 
  custom:audio-encoder-webm-vorbis: bf7c407c2cedff20999df2af8eb42d56 -> 
  custom:framework-win-MediaFoundation: 216162199b28c13a410421893ffa2e32 -> 
  custom:container-demuxer-ogg: 62fdf1f143b41e24485cea50d1cbac27 -> 
  custom:video-decoder-webm-vp8: 9c59270c3fd7afecdb556c50c9e8de78 -> 
  custom:audio-decoder-ogg-vorbis: bf7c407c2cedff20999df2af8eb42d56 -> 
========================================================================
Received Prepare
Registering precompiled user dll's ...
Registered in 0.004910 seconds.
Begin MonoManager ReloadAssembly
Symbol file LoadedFromMemory doesn't match image C:\Users\marlo\The one with the tanks\Library\PackageCache\com.unity.visualscripting@1.8.0\Editor\VisualScripting.Core\Dependencies\YamlDotNet\Unity.VisualScripting.YamlDotNet.dll
Symbol file LoadedFromMemory doesn't match image C:\Users\marlo\The one with the tanks\Library\PackageCache\com.unity.visualscripting@1.8.0\Editor\VisualScripting.Core\Dependencies\DotNetZip\Unity.VisualScripting.IonicZip.dll
Native extension for WindowsStandalone target not found
Native extension for WebGL target not found
Refreshing native plugins compatible for Editor in 0.84 ms, found 3 plugins.
Preloading 0 native plugins for Editor in 0.00 ms.
Mono: successfully reloaded assembly
- Completed reload, in  1.089 seconds
Domain Reload Profiling:
	ReloadAssembly (1089ms)
		BeginReloadAssembly (138ms)
			ExecutionOrderSort (0ms)
			DisableScriptedObjects (4ms)
			BackupInstance (0ms)
			ReleaseScriptingObjects (0ms)
			CreateAndSetChildDomain (36ms)
		EndReloadAssembly (843ms)
			LoadAssemblies (86ms)
			RebuildTransferFunctionScriptingTraits (0ms)
			SetupTypeCache (303ms)
			ReleaseScriptCaches (1ms)
			RebuildScriptCaches (46ms)
			SetupLoadedEditorAssemblies (352ms)
				LogAssemblyErrors (0ms)
				InitializePlatformSupportModulesInManaged (14ms)
				SetLoadedEditorAssemblies (1ms)
				RefreshPlugins (1ms)
				BeforeProcessingInitializeOnLoad (67ms)
				ProcessInitializeOnLoadAttributes (247ms)
				ProcessInitializeOnLoadMethodAttributes (16ms)
				AfterProcessingInitializeOnLoad (6ms)
				EditorAssembliesLoaded (0ms)
			ExecutionOrderSort2 (0ms)
			AwakeInstancesAfterBackupRestoration (6ms)
Platform modules already initialized, skipping
Refreshing native plugins compatible for Editor in 4.98 ms, found 3 plugins.
Preloading 0 native plugins for Editor in 0.00 ms.
Unloading 3653 Unused Serialized files (Serialized files now loaded: 0)
Unloading 54 unused Assets / (1.3 MB). Loaded Objects now: 4180.
Memory consumption went from 228.3 MB to 227.0 MB.
Total: 3.131700 ms (FindLiveObjects: 0.284000 ms CreateObjectMapping: 0.204200 ms MarkObjects: 2.371000 ms  DeleteObjects: 0.271400 ms)

AssetImportParameters requested are different than current active one (requested -> active):
  custom:video-decoder-ogg-theora: a1e56fd34408186e4bbccfd4996cb3dc -> 
  custom:container-muxer-webm: aa71ff27fc2769a1b78a27578f13a17b -> 
  custom:container-demuxer-webm: 4f35f7cbe854078d1ac9338744f61a02 -> 
  custom:video-encoder-webm-vp8: eb34c28f22e8b96e1ab97ce403110664 -> 
  custom:audio-encoder-webm-vorbis: bf7c407c2cedff20999df2af8eb42d56 -> 
  custom:framework-win-MediaFoundation: 216162199b28c13a410421893ffa2e32 -> 
  custom:container-demuxer-ogg: 62fdf1f143b41e24485cea50d1cbac27 -> 
  custom:video-decoder-webm-vp8: 9c59270c3fd7afecdb556c50c9e8de78 -> 
  custom:audio-decoder-ogg-vorbis: bf7c407c2cedff20999df2af8eb42d56 -> 
========================================================================
Received Prepare
Registering precompiled user dll's ...
Registered in 0.006025 seconds.
Begin MonoManager ReloadAssembly
Symbol file LoadedFromMemory doesn't match image C:\Users\marlo\The one with the tanks\Library\PackageCache\com.unity.visualscripting@1.8.0\Editor\VisualScripting.Core\Dependencies\YamlDotNet\Unity.VisualScripting.YamlDotNet.dll
Symbol file LoadedFromMemory doesn't match image C:\Users\marlo\The one with the tanks\Library\PackageCache\com.unity.visualscripting@1.8.0\Editor\VisualScripting.Core\Dependencies\DotNetZip\Unity.VisualScripting.IonicZip.dll
Native extension for WindowsStandalone target not found
Native extension for WebGL target not found
Refreshing native plugins compatible for Editor in 0.82 ms, found 3 plugins.
Preloading 0 native plugins for Editor in 0.00 ms.
Mono: successfully reloaded assembly
- Completed reload, in  1.108 seconds
Domain Reload Profiling:
	ReloadAssembly (1109ms)
		BeginReloadAssembly (140ms)
			ExecutionOrderSort (0ms)
			DisableScriptedObjects (5ms)
			BackupInstance (0ms)
			ReleaseScriptingObjects (0ms)
			CreateAndSetChildDomain (35ms)
		EndReloadAssembly (856ms)
			LoadAssemblies (91ms)
			RebuildTransferFunctionScriptingTraits (0ms)
			SetupTypeCache (311ms)
			ReleaseScriptCaches (1ms)
			RebuildScriptCaches (46ms)
			SetupLoadedEditorAssemblies (350ms)
				LogAssemblyErrors (0ms)
				InitializePlatformSupportModulesInManaged (13ms)
				SetLoadedEditorAssemblies (0ms)
				RefreshPlugins (1ms)
				BeforeProcessingInitializeOnLoad (72ms)
				ProcessInitializeOnLoadAttributes (239ms)
				ProcessInitializeOnLoadMethodAttributes (17ms)
				AfterProcessingInitializeOnLoad (7ms)
				EditorAssembliesLoaded (0ms)
			ExecutionOrderSort2 (0ms)
			AwakeInstancesAfterBackupRestoration (6ms)
Platform modules already initialized, skipping
Refreshing native plugins compatible for Editor in 5.67 ms, found 3 plugins.
Preloading 0 native plugins for Editor in 0.00 ms.
Unloading 3653 Unused Serialized files (Serialized files now loaded: 0)
Unloading 54 unused Assets / (1.3 MB). Loaded Objects now: 4183.
Memory consumption went from 228.3 MB to 227.0 MB.
Total: 3.266900 ms (FindLiveObjects: 0.327300 ms CreateObjectMapping: 0.287500 ms MarkObjects: 2.340800 ms  DeleteObjects: 0.310100 ms)

AssetImportParameters requested are different than current active one (requested -> active):
  custom:video-decoder-ogg-theora: a1e56fd34408186e4bbccfd4996cb3dc -> 
  custom:container-muxer-webm: aa71ff27fc2769a1b78a27578f13a17b -> 
  custom:container-demuxer-webm: 4f35f7cbe854078d1ac9338744f61a02 -> 
  custom:video-encoder-webm-vp8: eb34c28f22e8b96e1ab97ce403110664 -> 
  custom:audio-encoder-webm-vorbis: bf7c407c2cedff20999df2af8eb42d56 -> 
  custom:framework-win-MediaFoundation: 216162199b28c13a410421893ffa2e32 -> 
  custom:container-demuxer-ogg: 62fdf1f143b41e24485cea50d1cbac27 -> 
  custom:video-decoder-webm-vp8: 9c59270c3fd7afecdb556c50c9e8de78 -> 
  custom:audio-decoder-ogg-vorbis: bf7c407c2cedff20999df2af8eb42d56 -> 
========================================================================
Received Prepare
Registering precompiled user dll's ...
Registered in 0.005281 seconds.
Begin MonoManager ReloadAssembly
Symbol file LoadedFromMemory doesn't match image C:\Users\marlo\The one with the tanks\Library\PackageCache\com.unity.visualscripting@1.8.0\Editor\VisualScripting.Core\Dependencies\YamlDotNet\Unity.VisualScripting.YamlDotNet.dll
Symbol file LoadedFromMemory doesn't match image C:\Users\marlo\The one with the tanks\Library\PackageCache\com.unity.visualscripting@1.8.0\Editor\VisualScripting.Core\Dependencies\DotNetZip\Unity.VisualScripting.IonicZip.dll
Native extension for WindowsStandalone target not found
Native extension for WebGL target not found
Refreshing native plugins compatible for Editor in 0.97 ms, found 3 plugins.
Preloading 0 native plugins for Editor in 0.00 ms.
Mono: successfully reloaded assembly
- Completed reload, in  1.192 seconds
Domain Reload Profiling:
	ReloadAssembly (1193ms)
		BeginReloadAssembly (138ms)
			ExecutionOrderSort (0ms)
			DisableScriptedObjects (5ms)
			BackupInstance (0ms)
			ReleaseScriptingObjects (0ms)
			CreateAndSetChildDomain (35ms)
		EndReloadAssembly (949ms)
			LoadAssemblies (89ms)
			RebuildTransferFunctionScriptingTraits (0ms)
			SetupTypeCache (299ms)
			ReleaseScriptCaches (1ms)
			RebuildScriptCaches (45ms)
			SetupLoadedEditorAssemblies (444ms)
				LogAssemblyErrors (0ms)
				InitializePlatformSupportModulesInManaged (14ms)
				SetLoadedEditorAssemblies (0ms)
				RefreshPlugins (1ms)
				BeforeProcessingInitializeOnLoad (69ms)
				ProcessInitializeOnLoadAttributes (319ms)
				ProcessInitializeOnLoadMethodAttributes (30ms)
				AfterProcessingInitializeOnLoad (11ms)
				EditorAssembliesLoaded (0ms)
			ExecutionOrderSort2 (0ms)
			AwakeInstancesAfterBackupRestoration (8ms)
Platform modules already initialized, skipping
Refreshing native plugins compatible for Editor in 8.50 ms, found 3 plugins.
Preloading 0 native plugins for Editor in 0.00 ms.
Unloading 3653 Unused Serialized files (Serialized files now loaded: 0)
Unloading 54 unused Assets / (1.3 MB). Loaded Objects now: 4186.
Memory consumption went from 228.3 MB to 227.0 MB.
Total: 11.227400 ms (FindLiveObjects: 0.897900 ms CreateObjectMapping: 0.797300 ms MarkObjects: 8.516200 ms  DeleteObjects: 1.013300 ms)

AssetImportParameters requested are different than current active one (requested -> active):
  custom:video-decoder-ogg-theora: a1e56fd34408186e4bbccfd4996cb3dc -> 
  custom:container-muxer-webm: aa71ff27fc2769a1b78a27578f13a17b -> 
  custom:container-demuxer-webm: 4f35f7cbe854078d1ac9338744f61a02 -> 
  custom:video-encoder-webm-vp8: eb34c28f22e8b96e1ab97ce403110664 -> 
  custom:audio-encoder-webm-vorbis: bf7c407c2cedff20999df2af8eb42d56 -> 
  custom:framework-win-MediaFoundation: 216162199b28c13a410421893ffa2e32 -> 
  custom:container-demuxer-ogg: 62fdf1f143b41e24485cea50d1cbac27 -> 
  custom:video-decoder-webm-vp8: 9c59270c3fd7afecdb556c50c9e8de78 -> 
  custom:audio-decoder-ogg-vorbis: bf7c407c2cedff20999df2af8eb42d56 -> 
========================================================================
Received Import Request.
  Time since last request: 6286.104961 seconds.
  path: Assets/UnityTechnologies/ParticlePack/EffectExamples/Weapon Effects/Materials/BulletDecalSand.mat
  artifactKey: Guid(0a35d64bb8fd24f47b8bf3802f71313b) Importer(815301076,1909f56bfc062723c751e8b465ee728b)
Start importing Assets/UnityTechnologies/ParticlePack/EffectExamples/Weapon Effects/Materials/BulletDecalSand.mat using Guid(0a35d64bb8fd24f47b8bf3802f71313b) Importer(815301076,1909f56bfc062723c751e8b465ee728b)  -> (artifact id: '2f5d4a0eb61f03817fca360e39407bc9') in 0.158841 seconds 
========================================================================
Received Import Request.
  Time since last request: 0.000026 seconds.
  path: Assets/Font/Poppins/Poppins-ExtraBoldItalic.ttf
  artifactKey: Guid(0a7de07866ecb8e4b9d4c8f3fea43441) Importer(815301076,1909f56bfc062723c751e8b465ee728b)
Start importing Assets/Font/Poppins/Poppins-ExtraBoldItalic.ttf using Guid(0a7de07866ecb8e4b9d4c8f3fea43441) Importer(815301076,1909f56bfc062723c751e8b465ee728b)  -> (artifact id: '885b62f8d217f48eca75f04ee156ca7c') in 0.113667 seconds 
========================================================================
Received Import Request.
  Time since last request: 0.000027 seconds.
  path: Assets/UnityTechnologies/ParticlePack/EffectExamples/Smoke & Steam Effects/Materials/Flame01.mat
  artifactKey: Guid(e43d70c08c6bf7e4aa274e46393928b3) Importer(815301076,1909f56bfc062723c751e8b465ee728b)
Start importing Assets/UnityTechnologies/ParticlePack/EffectExamples/Smoke & Steam Effects/Materials/Flame01.mat using Guid(e43d70c08c6bf7e4aa274e46393928b3) Importer(815301076,1909f56bfc062723c751e8b465ee728b)  -> (artifact id: 'f52436681e27d7ae88eea2176ceb09a9') in 0.052449 seconds 
========================================================================
Received Import Request.
  Time since last request: 0.000023 seconds.
  path: Assets/UnityTechnologies/ParticlePack/EffectExamples/Misc Effects/Materials/CandleFlame.mat
  artifactKey: Guid(d960d897cdc819041a73dceb80befb85) Importer(815301076,1909f56bfc062723c751e8b465ee728b)
Start importing Assets/UnityTechnologies/ParticlePack/EffectExamples/Misc Effects/Materials/CandleFlame.mat using Guid(d960d897cdc819041a73dceb80befb85) Importer(815301076,1909f56bfc062723c751e8b465ee728b)  -> (artifact id: 'ffd001afdede38a135fa86c8551e3f6e') in 0.034609 seconds 
========================================================================
Received Import Request.
  Time since last request: 0.000021 seconds.
  path: Assets/Font/Poppins/Poppins-Bold.ttf
  artifactKey: Guid(8a1fe93b4c3456248aba9b2f68589ca1) Importer(815301076,1909f56bfc062723c751e8b465ee728b)
Start importing Assets/Font/Poppins/Poppins-Bold.ttf using Guid(8a1fe93b4c3456248aba9b2f68589ca1) Importer(815301076,1909f56bfc062723c751e8b465ee728b)  -> (artifact id: 'cb4454cbf72ca05c90cae9e163537990') in 0.022610 seconds 
========================================================================
Received Import Request.
  Time since last request: 0.000024 seconds.
  path: Assets/Font/Poppins/Poppins-ThinItalic.ttf
  artifactKey: Guid(f2b9554f0351fd94886433bbab4b51cf) Importer(815301076,1909f56bfc062723c751e8b465ee728b)
Start importing Assets/Font/Poppins/Poppins-ThinItalic.ttf using Guid(f2b9554f0351fd94886433bbab4b51cf) Importer(815301076,1909f56bfc062723c751e8b465ee728b)  -> (artifact id: '34a01a3b737f47c565c85cbdaa2fa0d4') in 0.022134 seconds 
========================================================================
Received Import Request.
  Time since last request: 0.000048 seconds.
  path: Assets/Font/Poppins/Poppins-BlackItalic.ttf
  artifactKey: Guid(d5d3d2b4af0588a4c81f6c058cf838b7) Importer(815301076,1909f56bfc062723c751e8b465ee728b)
Start importing Assets/Font/Poppins/Poppins-BlackItalic.ttf using Guid(d5d3d2b4af0588a4c81f6c058cf838b7) Importer(815301076,1909f56bfc062723c751e8b465ee728b)  -> (artifact id: '43d7387656dea164c5a625f4f007f023') in 0.022852 seconds 
========================================================================
Received Import Request.
  Time since last request: 0.000022 seconds.
  path: Assets/Font/Poppins/Poppins-Italic.ttf
  artifactKey: Guid(305a81cc2a53d064dbe09128ef4513d7) Importer(815301076,1909f56bfc062723c751e8b465ee728b)
Start importing Assets/Font/Poppins/Poppins-Italic.ttf using Guid(305a81cc2a53d064dbe09128ef4513d7) Importer(815301076,1909f56bfc062723c751e8b465ee728b)  -> (artifact id: '50246d0a98e45d71ba644649493a901e') in 0.025374 seconds 
========================================================================
Received Import Request.
  Time since last request: 0.000024 seconds.
  path: Assets/UnityTechnologies/ParticlePack/EffectExamples/Misc Effects/Materials/ElectricalSparks.mat
  artifactKey: Guid(a6492a173e6c03f48899880b96cca600) Importer(815301076,1909f56bfc062723c751e8b465ee728b)
Start importing Assets/UnityTechnologies/ParticlePack/EffectExamples/Misc Effects/Materials/ElectricalSparks.mat using Guid(a6492a173e6c03f48899880b96cca600) Importer(815301076,1909f56bfc062723c751e8b465ee728b)  -> (artifact id: 'f6077f70dfc374b9673d90cd5f269388') in 0.044960 seconds 
========================================================================
Received Import Request.
  Time since last request: 0.000049 seconds.
  path: Assets/UnityTechnologies/ParticlePack/EffectExamples/Goop Effects/Materials/GoopStreamParticle.mat
  artifactKey: Guid(fb0a006be807eac48a87ffa79b3330a5) Importer(815301076,1909f56bfc062723c751e8b465ee728b)
Start importing Assets/UnityTechnologies/ParticlePack/EffectExamples/Goop Effects/Materials/GoopStreamParticle.mat using Guid(fb0a006be807eac48a87ffa79b3330a5) Importer(815301076,1909f56bfc062723c751e8b465ee728b)  -> (artifact id: '3beabec821c85a46d10f4800959d00e1') in 1.818668 seconds 
========================================================================
Received Import Request.
  Time since last request: 0.000033 seconds.
  path: Assets/UnityTechnologies/ParticlePack/EffectExamples/Misc Effects/Materials/Embers.mat
  artifactKey: Guid(93c97da0a9a11174ab89575db81f7917) Importer(815301076,1909f56bfc062723c751e8b465ee728b)
Start importing Assets/UnityTechnologies/ParticlePack/EffectExamples/Misc Effects/Materials/Embers.mat using Guid(93c97da0a9a11174ab89575db81f7917) Importer(815301076,1909f56bfc062723c751e8b465ee728b)  -> (artifact id: '0b6d786077f32e2e11d04e74c5ad1aed') in 0.014241 seconds 
========================================================================
Received Import Request.
  Time since last request: 0.000047 seconds.
  path: Assets/Font/Poppins/Poppins-SemiBold.ttf
  artifactKey: Guid(3d13ec5667cf01d4a8bd42bb61f1b1bb) Importer(815301076,1909f56bfc062723c751e8b465ee728b)
Start importing Assets/Font/Poppins/Poppins-SemiBold.ttf using Guid(3d13ec5667cf01d4a8bd42bb61f1b1bb) Importer(815301076,1909f56bfc062723c751e8b465ee728b)  -> (artifact id: '7a5e8fc387098591f88397816321bf56') in 0.027045 seconds 
========================================================================
Received Import Request.
  Time since last request: 0.000022 seconds.
  path: Assets/UnityTechnologies/ParticlePack/EffectExamples/Fire & Explosion Effects/Materials/fireball.mat
  artifactKey: Guid(3349fc02d104e2b458470ec533f51c16) Importer(815301076,1909f56bfc062723c751e8b465ee728b)
Start importing Assets/UnityTechnologies/ParticlePack/EffectExamples/Fire & Explosion Effects/Materials/fireball.mat using Guid(3349fc02d104e2b458470ec533f51c16) Importer(815301076,1909f56bfc062723c751e8b465ee728b)  -> (artifact id: 'd5db605f2b963b04a9b2885f76ab1283') in 0.101386 seconds 
========================================================================
Received Import Request.
  Time since last request: 0.000033 seconds.
  path: Assets/UnityTechnologies/ParticlePack/EffectExamples/Fire & Explosion Effects/Materials/Flame02.mat
  artifactKey: Guid(bd8c234372a08af408b82538314378fe) Importer(815301076,1909f56bfc062723c751e8b465ee728b)
Start importing Assets/UnityTechnologies/ParticlePack/EffectExamples/Fire & Explosion Effects/Materials/Flame02.mat using Guid(bd8c234372a08af408b82538314378fe) Importer(815301076,1909f56bfc062723c751e8b465ee728b)  -> (artifact id: 'a9abda71ccbc4cc9ef81dce4faf11317') in 0.029778 seconds 
========================================================================
Received Import Request.
  Time since last request: 0.000029 seconds.
  path: Assets/UnityTechnologies/ParticlePack/EffectExamples/Magic Effects/Materials/Fireball.mat
  artifactKey: Guid(a74b8e4e831053c46943378279c70e96) Importer(815301076,1909f56bfc062723c751e8b465ee728b)
Start importing Assets/UnityTechnologies/ParticlePack/EffectExamples/Magic Effects/Materials/Fireball.mat using Guid(a74b8e4e831053c46943378279c70e96) Importer(815301076,1909f56bfc062723c751e8b465ee728b)  -> (artifact id: 'f7b396fd7857302f24010e49a7555068') in 0.025906 seconds 
========================================================================
Received Import Request.
  Time since last request: 0.000022 seconds.
  path: Assets/Font/Poppins/Poppins-ExtraLightItalic.ttf
  artifactKey: Guid(1e5afadb90e507e479a8de64e3f81b0c) Importer(815301076,1909f56bfc062723c751e8b465ee728b)
Start importing Assets/Font/Poppins/Poppins-ExtraLightItalic.ttf using Guid(1e5afadb90e507e479a8de64e3f81b0c) Importer(815301076,1909f56bfc062723c751e8b465ee728b)  -> (artifact id: '389d21a8a452f1ad763c402310817fd9') in 0.023025 seconds 
========================================================================
Received Import Request.
  Time since last request: 0.000030 seconds.
  path: Assets/Font/Poppins/Poppins-LightItalic.ttf
  artifactKey: Guid(113bc01d4391ac44cb09223018cb7426) Importer(815301076,1909f56bfc062723c751e8b465ee728b)
Start importing Assets/Font/Poppins/Poppins-LightItalic.ttf using Guid(113bc01d4391ac44cb09223018cb7426) Importer(815301076,1909f56bfc062723c751e8b465ee728b)  -> (artifact id: 'c5e15821e8d655dd73e1dc0d7bd3e655') in 0.024314 seconds 
========================================================================
Received Import Request.
  Time since last request: 0.000035 seconds.
  path: Assets/Font/Poppins/Poppins-Regular.ttf
  artifactKey: Guid(ad36cf391870adb46bda17c455771337) Importer(815301076,1909f56bfc062723c751e8b465ee728b)
Start importing Assets/Font/Poppins/Poppins-Regular.ttf using Guid(ad36cf391870adb46bda17c455771337) Importer(815301076,1909f56bfc062723c751e8b465ee728b)  -> (artifact id: 'ba35d6756b9dded8f47674fef80aa9d8') in 0.022856 seconds 
========================================================================
Received Import Request.
  Time since last request: 0.000032 seconds.
  path: Assets/UnityTechnologies/ParticlePack/EffectExamples/Fire & Explosion Effects/Materials/Flame04.mat
  artifactKey: Guid(7a812f56d512d964ea8de8fe839e1811) Importer(815301076,1909f56bfc062723c751e8b465ee728b)
Start importing Assets/UnityTechnologies/ParticlePack/EffectExamples/Fire & Explosion Effects/Materials/Flame04.mat using Guid(7a812f56d512d964ea8de8fe839e1811) Importer(815301076,1909f56bfc062723c751e8b465ee728b)  -> (artifact id: '3c83035f5ed2b394ee2289d4ad9835c9') in 0.036300 seconds 
========================================================================
Received Import Request.
  Time since last request: 0.000021 seconds.
  path: Assets/UnityTechnologies/ParticlePack/Shared/Environment/Materials/ConcreteFloor.mat
  artifactKey: Guid(21c505286c5bbe045a472bee261889e8) Importer(815301076,1909f56bfc062723c751e8b465ee728b)
Start importing Assets/UnityTechnologies/ParticlePack/Shared/Environment/Materials/ConcreteFloor.mat using Guid(21c505286c5bbe045a472bee261889e8) Importer(815301076,1909f56bfc062723c751e8b465ee728b)  -> (artifact id: 'c58ba7b60d4416b602b1206bd9fa7c2d') in 0.486540 seconds 
========================================================================
Received Import Request.
  Time since last request: 0.000031 seconds.
  path: Assets/UnityTechnologies/ParticlePack/EffectExamples/Magic Effects/Materials/Embers.mat
  artifactKey: Guid(c5de4a4e91ddb59479cdec033c43cc3b) Importer(815301076,1909f56bfc062723c751e8b465ee728b)
Start importing Assets/UnityTechnologies/ParticlePack/EffectExamples/Magic Effects/Materials/Embers.mat using Guid(c5de4a4e91ddb59479cdec033c43cc3b) Importer(815301076,1909f56bfc062723c751e8b465ee728b)  -> (artifact id: '6575392b24a94df154f46dec126f0e25') in 0.011277 seconds 
========================================================================
Received Import Request.
  Time since last request: 0.000037 seconds.
  path: Assets/UnityTechnologies/ParticlePack/EffectExamples/Misc Effects/Materials/candle.mat
  artifactKey: Guid(475822f8482d0fd4d861c763d1f3934c) Importer(815301076,1909f56bfc062723c751e8b465ee728b)
Start importing Assets/UnityTechnologies/ParticlePack/EffectExamples/Misc Effects/Materials/candle.mat using Guid(475822f8482d0fd4d861c763d1f3934c) Importer(815301076,1909f56bfc062723c751e8b465ee728b)  -> (artifact id: '6845a144451d02bcb29ccc169e3973b5') in 0.026236 seconds 
========================================================================
Received Import Request.
  Time since last request: 0.000036 seconds.
  path: Assets/UnityTechnologies/ParticlePack/EffectExamples/Weapon Effects/Materials/BulletDecalStone.mat
  artifactKey: Guid(a29767879f97b364393df3a772628180) Importer(815301076,1909f56bfc062723c751e8b465ee728b)
Start importing Assets/UnityTechnologies/ParticlePack/EffectExamples/Weapon Effects/Materials/BulletDecalStone.mat using Guid(a29767879f97b364393df3a772628180) Importer(815301076,1909f56bfc062723c751e8b465ee728b)  -> (artifact id: '2fbc36061dd8cff2f45f3b0f446ce8c5') in 0.038917 seconds 
========================================================================
Received Import Request.
  Time since last request: 0.000022 seconds.
  path: Assets/Font/Poppins/Poppins-Light.ttf
  artifactKey: Guid(bec446aa84c875d4cb103209b1d20b8a) Importer(815301076,1909f56bfc062723c751e8b465ee728b)
Start importing Assets/Font/Poppins/Poppins-Light.ttf using Guid(bec446aa84c875d4cb103209b1d20b8a) Importer(815301076,1909f56bfc062723c751e8b465ee728b)  -> (artifact id: '2e021fdda8b2cabea4d4e6692068d1a1') in 0.037504 seconds 
========================================================================
Received Import Request.
  Time since last request: 0.000021 seconds.
  path: Assets/UnityTechnologies/ParticlePack/EffectExamples/Magic Effects/Materials/EarthCrack.mat
  artifactKey: Guid(1f6abb4fa65207247b856825feae3e68) Importer(815301076,1909f56bfc062723c751e8b465ee728b)
Start importing Assets/UnityTechnologies/ParticlePack/EffectExamples/Magic Effects/Materials/EarthCrack.mat using Guid(1f6abb4fa65207247b856825feae3e68) Importer(815301076,1909f56bfc062723c751e8b465ee728b)  -> (artifact id: '144773ead04992b96326682879d90344') in 0.049817 seconds 
========================================================================
Received Import Request.
  Time since last request: 0.000030 seconds.
  path: Assets/UnityTechnologies/ParticlePack/EffectExamples/Weapon Effects/Materials/GoopStreak.mat
  artifactKey: Guid(2f03a6f5f76f67c45ae05e606f7ca2da) Importer(815301076,1909f56bfc062723c751e8b465ee728b)
Start importing Assets/UnityTechnologies/ParticlePack/EffectExamples/Weapon Effects/Materials/GoopStreak.mat using Guid(2f03a6f5f76f67c45ae05e606f7ca2da) Importer(815301076,1909f56bfc062723c751e8b465ee728b)  -> (artifact id: '13ec98857522d9aa0c8ea7331d27e20a') in 0.069712 seconds 
========================================================================
Received Import Request.
  Time since last request: 0.000034 seconds.
  path: Assets/Font/Poppins/Poppins-Black.ttf
  artifactKey: Guid(82d1dd2fce5598142bc8535bae3ead4d) Importer(815301076,1909f56bfc062723c751e8b465ee728b)
Start importing Assets/Font/Poppins/Poppins-Black.ttf using Guid(82d1dd2fce5598142bc8535bae3ead4d) Importer(815301076,1909f56bfc062723c751e8b465ee728b)  -> (artifact id: '87b4f0e04026a91a4f64565a380aff26') in 0.034063 seconds 
========================================================================
Received Import Request.
  Time since last request: 0.000055 seconds.
  path: Assets/UnityTechnologies/ParticlePack/EffectExamples/Weapon Effects/Materials/FleshSurface.mat
  artifactKey: Guid(72bc6ef93dd24b24a92daaf12577d9f1) Importer(815301076,1909f56bfc062723c751e8b465ee728b)
Start importing Assets/UnityTechnologies/ParticlePack/EffectExamples/Weapon Effects/Materials/FleshSurface.mat using Guid(72bc6ef93dd24b24a92daaf12577d9f1) Importer(815301076,1909f56bfc062723c751e8b465ee728b)  -> (artifact id: 'c1a534dfd0529d9420ff72154a993d55') in 0.038663 seconds 
========================================================================
Received Import Request.
  Time since last request: 0.000024 seconds.
  path: Assets/UnityTechnologies/ParticlePack/EffectExamples/Fire & Explosion Effects/Materials/FireExplosion.mat
  artifactKey: Guid(7a306caa8f9f7ed40a5361ce411cdf1b) Importer(815301076,1909f56bfc062723c751e8b465ee728b)
Start importing Assets/UnityTechnologies/ParticlePack/EffectExamples/Fire & Explosion Effects/Materials/FireExplosion.mat using Guid(7a306caa8f9f7ed40a5361ce411cdf1b) Importer(815301076,1909f56bfc062723c751e8b465ee728b)  -> (artifact id: 'e959081e46aa0613d3052d7868bb2932') in 0.037689 seconds 
========================================================================
Received Import Request.
  Time since last request: 0.000023 seconds.
  path: Assets/UnityTechnologies/ParticlePack/EffectExamples/Smoke & Steam Effects/Materials/Dust.mat
  artifactKey: Guid(0227585ad08c3da4ab3286a2f78d42f5) Importer(815301076,1909f56bfc062723c751e8b465ee728b)
Start importing Assets/UnityTechnologies/ParticlePack/EffectExamples/Smoke & Steam Effects/Materials/Dust.mat using Guid(0227585ad08c3da4ab3286a2f78d42f5) Importer(815301076,1909f56bfc062723c751e8b465ee728b)  -> (artifact id: '81a395615fa712f2eee43a7236bbefbe') in 0.037385 seconds 
========================================================================
Received Import Request.
  Time since last request: 0.000019 seconds.
  path: Assets/Font/Poppins/Poppins-BoldItalic.ttf
  artifactKey: Guid(08f6e30076c700244a79da4f51926951) Importer(815301076,1909f56bfc062723c751e8b465ee728b)
Start importing Assets/Font/Poppins/Poppins-BoldItalic.ttf using Guid(08f6e30076c700244a79da4f51926951) Importer(815301076,1909f56bfc062723c751e8b465ee728b)  -> (artifact id: 'ccd0f92d74069a75af7b7ffc426fc8c6') in 0.032920 seconds 
========================================================================
Received Import Request.
  Time since last request: 0.000033 seconds.
  path: Assets/Font/Poppins/Poppins-ExtraLight.ttf
  artifactKey: Guid(b7bb286bc1a472546ac940368e92ad1a) Importer(815301076,1909f56bfc062723c751e8b465ee728b)
Start importing Assets/Font/Poppins/Poppins-ExtraLight.ttf using Guid(b7bb286bc1a472546ac940368e92ad1a) Importer(815301076,1909f56bfc062723c751e8b465ee728b)  -> (artifact id: 'e1ac7561fd516a876fea23a08158273a') in 0.030177 seconds 
========================================================================
Received Import Request.
  Time since last request: 0.000037 seconds.
  path: Assets/UnityTechnologies/ParticlePack/EffectExamples/Fire & Explosion Effects/Materials/EnergyExplosion.mat
  artifactKey: Guid(bf88af72084132746823869f28b070f8) Importer(815301076,1909f56bfc062723c751e8b465ee728b)
Start importing Assets/UnityTechnologies/ParticlePack/EffectExamples/Fire & Explosion Effects/Materials/EnergyExplosion.mat using Guid(bf88af72084132746823869f28b070f8) Importer(815301076,1909f56bfc062723c751e8b465ee728b)  -> (artifact id: '3798fd8d2084b42939a1670c97ec9aea') in 0.041925 seconds 
========================================================================
Received Import Request.
  Time since last request: 0.000045 seconds.
  path: Assets/UnityTechnologies/ParticlePack/EffectExamples/Misc Effects/Materials/FireFly.mat
  artifactKey: Guid(5471faebdbcc34e47baecfecda463063) Importer(815301076,1909f56bfc062723c751e8b465ee728b)
Start importing Assets/UnityTechnologies/ParticlePack/EffectExamples/Misc Effects/Materials/FireFly.mat using Guid(5471faebdbcc34e47baecfecda463063) Importer(815301076,1909f56bfc062723c751e8b465ee728b)  -> (artifact id: '2e4566b44ef53ac34239c09f5302662a') in 0.044569 seconds 
========================================================================
Received Import Request.
  Time since last request: 0.000045 seconds.
  path: Assets/TextMesh Pro/Fonts/LiberationSans.ttf
  artifactKey: Guid(e3265ab4bf004d28a9537516768c1c75) Importer(815301076,1909f56bfc062723c751e8b465ee728b)
Start importing Assets/TextMesh Pro/Fonts/LiberationSans.ttf using Guid(e3265ab4bf004d28a9537516768c1c75) Importer(815301076,1909f56bfc062723c751e8b465ee728b)  -> (artifact id: '38bbc68a28c12c2090b6be4e15305be4') in 0.031320 seconds 
========================================================================
Received Import Request.
  Time since last request: 0.000045 seconds.
  path: Assets/Font/Poppins/Poppins-MediumItalic.ttf
  artifactKey: Guid(398ab369eba113e43adc0586997d653e) Importer(815301076,1909f56bfc062723c751e8b465ee728b)
Start importing Assets/Font/Poppins/Poppins-MediumItalic.ttf using Guid(398ab369eba113e43adc0586997d653e) Importer(815301076,1909f56bfc062723c751e8b465ee728b)  -> (artifact id: 'f99d7a3f586f5d71149482360868b6b1') in 0.027089 seconds 
========================================================================
Received Import Request.
  Time since last request: 0.000043 seconds.
  path: Assets/UnityTechnologies/ParticlePack/EffectExamples/Fire & Explosion Effects/Materials/Dust.mat
  artifactKey: Guid(53a63d52a4c231f4c8ef0f2bfc170425) Importer(815301076,1909f56bfc062723c751e8b465ee728b)
Start importing Assets/UnityTechnologies/ParticlePack/EffectExamples/Fire & Explosion Effects/Materials/Dust.mat using Guid(53a63d52a4c231f4c8ef0f2bfc170425) Importer(815301076,1909f56bfc062723c751e8b465ee728b)  -> (artifact id: 'b8f76d063a744d908b8a9eac4616988e') in 0.018287 seconds 
========================================================================
Received Import Request.
  Time since last request: 0.000031 seconds.
  path: Assets/UnityTechnologies/ParticlePack/EffectExamples/Weapon Effects/Materials/DustPuffParticle.mat
  artifactKey: Guid(1402721190994cd46b64bf7cba78f5d8) Importer(815301076,1909f56bfc062723c751e8b465ee728b)
Start importing Assets/UnityTechnologies/ParticlePack/EffectExamples/Weapon Effects/Materials/DustPuffParticle.mat using Guid(1402721190994cd46b64bf7cba78f5d8) Importer(815301076,1909f56bfc062723c751e8b465ee728b)  -> (artifact id: '3bd85f42216e2d694ff3c294a3975c44') in 0.032304 seconds 
========================================================================
Received Import Request.
  Time since last request: 0.000055 seconds.
  path: Assets/UnityTechnologies/ParticlePack/EffectExamples/Goop Effects/Materials/GoopSplatParticle.mat
  artifactKey: Guid(3ea2e59d181ffce4e97d5d1d07a22c05) Importer(815301076,1909f56bfc062723c751e8b465ee728b)
Start importing Assets/UnityTechnologies/ParticlePack/EffectExamples/Goop Effects/Materials/GoopSplatParticle.mat using Guid(3ea2e59d181ffce4e97d5d1d07a22c05) Importer(815301076,1909f56bfc062723c751e8b465ee728b)  -> (artifact id: '437bb291bbd02fe7da9890361fe87901') in 0.044683 seconds 
========================================================================
Received Import Request.
  Time since last request: 0.000040 seconds.
  path: Assets/UnityTechnologies/ParticlePack/EffectExamples/Fire & Explosion Effects/Materials/DebrisParticle.mat
  artifactKey: Guid(72815344e9e9c7446895e130936932d7) Importer(815301076,1909f56bfc062723c751e8b465ee728b)
Start importing Assets/UnityTechnologies/ParticlePack/EffectExamples/Fire & Explosion Effects/Materials/DebrisParticle.mat using Guid(72815344e9e9c7446895e130936932d7) Importer(815301076,1909f56bfc062723c751e8b465ee728b)  -> (artifact id: 'ee4177618bbc6771e47af775b74e4038') in 0.031835 seconds 
========================================================================
Received Import Request.
  Time since last request: 0.000047 seconds.
  path: Assets/UnityTechnologies/ParticlePack/EffectExamples/Weapon Effects/Materials/BulletDecalWood.mat
  artifactKey: Guid(39babc0a61c17df41bca722640cfc289) Importer(815301076,1909f56bfc062723c751e8b465ee728b)
Start importing Assets/UnityTechnologies/ParticlePack/EffectExamples/Weapon Effects/Materials/BulletDecalWood.mat using Guid(39babc0a61c17df41bca722640cfc289) Importer(815301076,1909f56bfc062723c751e8b465ee728b)  -> (artifact id: 'a37a369b7c688fb4b2272f6af8741ad3') in 0.048281 seconds 
========================================================================
Received Import Request.
  Time since last request: 0.000022 seconds.
  path: Assets/Font/Poppins/Poppins-ExtraBold.ttf
  artifactKey: Guid(8d1bbf8876df00f41a5934906b224873) Importer(815301076,1909f56bfc062723c751e8b465ee728b)
Start importing Assets/Font/Poppins/Poppins-ExtraBold.ttf using Guid(8d1bbf8876df00f41a5934906b224873) Importer(815301076,1909f56bfc062723c751e8b465ee728b)  -> (artifact id: '083e6a14e9a0615f027c0d5638906646') in 0.036826 seconds 
========================================================================
Received Import Request.
  Time since last request: 0.000030 seconds.
  path: Assets/UnityTechnologies/ParticlePack/EffectExamples/Misc Effects/Materials/FireFlyTrail.mat
  artifactKey: Guid(1d11412570f90ba4caf1b0b6dea27152) Importer(815301076,1909f56bfc062723c751e8b465ee728b)
Start importing Assets/UnityTechnologies/ParticlePack/EffectExamples/Misc Effects/Materials/FireFlyTrail.mat using Guid(1d11412570f90ba4caf1b0b6dea27152) Importer(815301076,1909f56bfc062723c751e8b465ee728b)  -> (artifact id: 'e11f56cf25d78db6af9e57417063c713') in 0.025916 seconds 
========================================================================
Received Import Request.
  Time since last request: 0.000033 seconds.
  path: Assets/UnityTechnologies/ParticlePack/EffectExamples/Weapon Effects/Materials/GoopSplat2.mat
  artifactKey: Guid(fb0f4297b291a034bb4f9a9eada50640) Importer(815301076,1909f56bfc062723c751e8b465ee728b)
Start importing Assets/UnityTechnologies/ParticlePack/EffectExamples/Weapon Effects/Materials/GoopSplat2.mat using Guid(fb0f4297b291a034bb4f9a9eada50640) Importer(815301076,1909f56bfc062723c751e8b465ee728b)  -> (artifact id: 'f75de818fe70ddffec34b8d29ed6c06a') in 0.035065 seconds 
========================================================================
Received Import Request.
  Time since last request: 0.000022 seconds.
  path: Assets/UnityTechnologies/ParticlePack/EffectExamples/Goop Effects/Materials/GoopPoolParticle.mat
  artifactKey: Guid(95be4df36eca6eb4b821dcab4acd4a1e) Importer(815301076,1909f56bfc062723c751e8b465ee728b)
Start importing Assets/UnityTechnologies/ParticlePack/EffectExamples/Goop Effects/Materials/GoopPoolParticle.mat using Guid(95be4df36eca6eb4b821dcab4acd4a1e) Importer(815301076,1909f56bfc062723c751e8b465ee728b)  -> (artifact id: '6965d6892d04eb3ef2dfe87bd8a1b388') in 0.042517 seconds 
========================================================================
Received Import Request.
  Time since last request: 5.978794 seconds.
  path: Assets/Scenes/SampleScene/NavMesh-NavMesh.asset
  artifactKey: Guid(b3c1a19abd511794b85fa7d4b4b64426) Importer(815301076,1909f56bfc062723c751e8b465ee728b)
Start importing Assets/Scenes/SampleScene/NavMesh-NavMesh.asset using Guid(b3c1a19abd511794b85fa7d4b4b64426) Importer(815301076,1909f56bfc062723c751e8b465ee728b)  -> (artifact id: 'b34d635429df5f584e8b32d953e6fd4a') in 0.012064 seconds 
========================================================================
Received Import Request.
  Time since last request: 6.963190 seconds.
  path: Assets/Sprites/3D Model Tank/Tiny_Tank_Red.fbx
  artifactKey: Guid(22e889ef3d724d043806418b60c5ef11) Importer(815301076,1909f56bfc062723c751e8b465ee728b)
Start importing Assets/Sprites/3D Model Tank/Tiny_Tank_Red.fbx using Guid(22e889ef3d724d043806418b60c5ef11) Importer(815301076,1909f56bfc062723c751e8b465ee728b)  -> (artifact id: '2531ddaa3a67e6d45d54aabe02e6169b') in 0.139050 seconds 
========================================================================
Received Import Request.
  Time since last request: 34.334915 seconds.
  path: Assets/Materials/MaterialsColor/TankMaterials/TankRed_Main.mat
  artifactKey: Guid(b600b0ccd738f5f4fae65e48cab7652a) Importer(815301076,1909f56bfc062723c751e8b465ee728b)
Start importing Assets/Materials/MaterialsColor/TankMaterials/TankRed_Main.mat using Guid(b600b0ccd738f5f4fae65e48cab7652a) Importer(815301076,1909f56bfc062723c751e8b465ee728b)  -> (artifact id: 'b9678316d53b16f3cc8879d829b2df3e') in 0.011980 seconds 
========================================================================
Received Import Request.
  Time since last request: 0.000024 seconds.
  path: Assets/Materials/MaterialsColor/TankMaterials/TankRed_Treads.mat
  artifactKey: Guid(1b4db9ef81b750248a94ebd0632200c6) Importer(815301076,1909f56bfc062723c751e8b465ee728b)
Start importing Assets/Materials/MaterialsColor/TankMaterials/TankRed_Treads.mat using Guid(1b4db9ef81b750248a94ebd0632200c6) Importer(815301076,1909f56bfc062723c751e8b465ee728b)  -> (artifact id: 'cb771dd8a32d66146bc8c7f82f0727e3') in 0.011937 seconds 
Editor requested this worker to shutdown with reason: Scaling down because of idle timeout
AssetImportWorker is now disconnected from the server
Process exiting
Exiting without the bug reporter. Application will terminate with return code 0