Using pre-set license
Built from '2021.3/staging' branch; Version is '2021.3.19f1 (c9714fde33b6) revision 13201743'; Using compiler version '192829333'; Build Type 'Release'
OS: 'Windows 11  (10.0.22621) 64bit Professional' Language: 'en' Physical Memory: 16145 MB
BatchMode: 1, IsHumanControllingUs: 0, StartBugReporterOnCrash: 0, Is64bit: 1, IsPro: 1

COMMAND LINE ARGUMENTS:
C:\Program Files\Unity\Hub\Editor\2021.3.19f1\Editor\Unity.exe
-adb2
-batchMode
-noUpm
-name
AssetImportWorker3
-projectPath
C:/Users/marlo/The one with the tanks
-logFile
Logs/AssetImportWorker3.log
-srvPort
61049
Successfully changed project path to: C:/Users/marlo/The one with the tanks
C:/Users/marlo/The one with the tanks
[UnityMemory] Configuration Parameters - Can be set up in boot.config
    "memorysetup-bucket-allocator-granularity=16"
    "memorysetup-bucket-allocator-bucket-count=8"
    "memorysetup-bucket-allocator-block-size=33554432"
    "memorysetup-bucket-allocator-block-count=8"
    "memorysetup-main-allocator-block-size=16777216"
    "memorysetup-thread-allocator-block-size=16777216"
    "memorysetup-gfx-main-allocator-block-size=16777216"
    "memorysetup-gfx-thread-allocator-block-size=16777216"
    "memorysetup-cache-allocator-block-size=4194304"
    "memorysetup-typetree-allocator-block-size=2097152"
    "memorysetup-profiler-bucket-allocator-granularity=16"
    "memorysetup-profiler-bucket-allocator-bucket-count=8"
    "memorysetup-profiler-bucket-allocator-block-size=33554432"
    "memorysetup-profiler-bucket-allocator-block-count=8"
    "memorysetup-profiler-allocator-block-size=16777216"
    "memorysetup-profiler-editor-allocator-block-size=1048576"
    "memorysetup-temp-allocator-size-main=16777216"
    "memorysetup-job-temp-allocator-block-size=2097152"
    "memorysetup-job-temp-allocator-block-size-background=1048576"
    "memorysetup-job-temp-allocator-reduction-small-platforms=262144"
    "memorysetup-temp-allocator-size-background-worker=32768"
    "memorysetup-temp-allocator-size-job-worker=262144"
    "memorysetup-temp-allocator-size-preload-manager=33554432"
    "memorysetup-temp-allocator-size-nav-mesh-worker=65536"
    "memorysetup-temp-allocator-size-audio-worker=65536"
    "memorysetup-temp-allocator-size-cloud-worker=32768"
    "memorysetup-temp-allocator-size-gi-baking-worker=262144"
    "memorysetup-temp-allocator-size-gfx=262144"
Player connection [146464] Host "[IP] 192.168.1.213 [Port] 0 [Flags] 2 [Guid] 1327554531 [EditorId] 1327554531 [Version] 1048832 [Id] WindowsEditor(7,MarlonLapDeskTo) [Debug] 1 [PackageName] WindowsEditor [ProjectName] Editor" joined multi-casting on [225.0.0.222:54997]...

Player connection [146464] Host "[IP] 192.168.1.213 [Port] 0 [Flags] 2 [Guid] 1327554531 [EditorId] 1327554531 [Version] 1048832 [Id] WindowsEditor(7,MarlonLapDeskTo) [Debug] 1 [PackageName] WindowsEditor [ProjectName] Editor" joined alternative multi-casting on [225.0.0.222:34997]...

Refreshing native plugins compatible for Editor in 101.14 ms, found 3 plugins.
Preloading 0 native plugins for Editor in 0.00 ms.
Initialize engine version: 2021.3.19f1 (c9714fde33b6)
[Subsystems] Discovering subsystems at path C:/Program Files/Unity/Hub/Editor/2021.3.19f1/Editor/Data/Resources/UnitySubsystems
[Subsystems] Discovering subsystems at path C:/Users/marlo/The one with the tanks/Assets
GfxDevice: creating device client; threaded=0; jobified=0
Direct3D:
    Version:  Direct3D 11.0 [level 11.1]
    Renderer: NVIDIA GeForce GTX 1650 Ti (ID=0x1f95)
    Vendor:   NVIDIA
    VRAM:     3949 MB
    Driver:   31.0.15.3161
Initialize mono
Mono path[0] = 'C:/Program Files/Unity/Hub/Editor/2021.3.19f1/Editor/Data/Managed'
Mono path[1] = 'C:/Program Files/Unity/Hub/Editor/2021.3.19f1/Editor/Data/MonoBleedingEdge/lib/mono/unityjit-win32'
Mono config path = 'C:/Program Files/Unity/Hub/Editor/2021.3.19f1/Editor/Data/MonoBleedingEdge/etc'
Using monoOptions --debugger-agent=transport=dt_socket,embedding=1,server=y,suspend=n,address=127.0.0.1:56472
Begin MonoManager ReloadAssembly
Registering precompiled unity dll's ...
Register platform support module: C:/Program Files/Unity/Hub/Editor/2021.3.19f1/Editor/Data/PlaybackEngines/WebGLSupport/UnityEditor.WebGL.Extensions.dll
Register platform support module: C:/Program Files/Unity/Hub/Editor/2021.3.19f1/Editor/Data/PlaybackEngines/WindowsStandaloneSupport/UnityEditor.WindowsStandalone.Extensions.dll
Registered in 0.006584 seconds.
Native extension for WindowsStandalone target not found
Native extension for WebGL target not found
Refreshing native plugins compatible for Editor in 99.44 ms, found 3 plugins.
Preloading 0 native plugins for Editor in 0.00 ms.
Mono: successfully reloaded assembly
- Completed reload, in  0.716 seconds
Domain Reload Profiling:
	ReloadAssembly (717ms)
		BeginReloadAssembly (75ms)
			ExecutionOrderSort (0ms)
			DisableScriptedObjects (0ms)
			BackupInstance (0ms)
			ReleaseScriptingObjects (0ms)
			CreateAndSetChildDomain (1ms)
		EndReloadAssembly (506ms)
			LoadAssemblies (73ms)
			RebuildTransferFunctionScriptingTraits (0ms)
			SetupTypeCache (106ms)
			ReleaseScriptCaches (0ms)
			RebuildScriptCaches (46ms)
			SetupLoadedEditorAssemblies (302ms)
				LogAssemblyErrors (0ms)
				InitializePlatformSupportModulesInManaged (9ms)
				SetLoadedEditorAssemblies (0ms)
				RefreshPlugins (100ms)
				BeforeProcessingInitializeOnLoad (1ms)
				ProcessInitializeOnLoadAttributes (143ms)
				ProcessInitializeOnLoadMethodAttributes (49ms)
				AfterProcessingInitializeOnLoad (0ms)
				EditorAssembliesLoaded (0ms)
			ExecutionOrderSort2 (0ms)
			AwakeInstancesAfterBackupRestoration (0ms)
Platform modules already initialized, skipping
Registering precompiled user dll's ...
Registered in 0.007036 seconds.
Begin MonoManager ReloadAssembly
Symbol file LoadedFromMemory doesn't match image C:\Users\marlo\The one with the tanks\Library\PackageCache\com.unity.visualscripting@1.8.0\Editor\VisualScripting.Core\Dependencies\YamlDotNet\Unity.VisualScripting.YamlDotNet.dll
Symbol file LoadedFromMemory doesn't match image C:\Users\marlo\The one with the tanks\Library\PackageCache\com.unity.visualscripting@1.8.0\Editor\VisualScripting.Core\Dependencies\DotNetZip\Unity.VisualScripting.IonicZip.dll
Native extension for WindowsStandalone target not found
Native extension for WebGL target not found
Refreshing native plugins compatible for Editor in 90.18 ms, found 3 plugins.
Preloading 0 native plugins for Editor in 0.00 ms.
Mono: successfully reloaded assembly
- Completed reload, in  1.245 seconds
Domain Reload Profiling:
	ReloadAssembly (1246ms)
		BeginReloadAssembly (116ms)
			ExecutionOrderSort (0ms)
			DisableScriptedObjects (6ms)
			BackupInstance (0ms)
			ReleaseScriptingObjects (0ms)
			CreateAndSetChildDomain (17ms)
		EndReloadAssembly (1003ms)
			LoadAssemblies (77ms)
			RebuildTransferFunctionScriptingTraits (0ms)
			SetupTypeCache (292ms)
			ReleaseScriptCaches (1ms)
			RebuildScriptCaches (54ms)
			SetupLoadedEditorAssemblies (522ms)
				LogAssemblyErrors (0ms)
				InitializePlatformSupportModulesInManaged (5ms)
				SetLoadedEditorAssemblies (0ms)
				RefreshPlugins (90ms)
				BeforeProcessingInitializeOnLoad (87ms)
				ProcessInitializeOnLoadAttributes (313ms)
				ProcessInitializeOnLoadMethodAttributes (19ms)
				AfterProcessingInitializeOnLoad (7ms)
				EditorAssembliesLoaded (0ms)
			ExecutionOrderSort2 (0ms)
			AwakeInstancesAfterBackupRestoration (7ms)
Platform modules already initialized, skipping
========================================================================
Worker process is ready to serve import requests
Launched and connected shader compiler UnityShaderCompiler.exe after 0.04 seconds
Refreshing native plugins compatible for Editor in 1.29 ms, found 3 plugins.
Preloading 0 native plugins for Editor in 0.00 ms.
Unloading 3553 Unused Serialized files (Serialized files now loaded: 0)
Unloading 51 unused Assets / (88.5 KB). Loaded Objects now: 4010.
Memory consumption went from 140.1 MB to 140.0 MB.
Total: 3.818200 ms (FindLiveObjects: 0.309200 ms CreateObjectMapping: 0.306000 ms MarkObjects: 3.080700 ms  DeleteObjects: 0.116200 ms)

AssetImportParameters requested are different than current active one (requested -> active):
  custom:video-decoder-ogg-theora: a1e56fd34408186e4bbccfd4996cb3dc -> 
  custom:container-muxer-webm: aa71ff27fc2769a1b78a27578f13a17b -> 
  custom:container-demuxer-webm: 4f35f7cbe854078d1ac9338744f61a02 -> 
  custom:video-encoder-webm-vp8: eb34c28f22e8b96e1ab97ce403110664 -> 
  custom:audio-encoder-webm-vorbis: bf7c407c2cedff20999df2af8eb42d56 -> 
  custom:framework-win-MediaFoundation: 216162199b28c13a410421893ffa2e32 -> 
  custom:container-demuxer-ogg: 62fdf1f143b41e24485cea50d1cbac27 -> 
  custom:video-decoder-webm-vp8: 9c59270c3fd7afecdb556c50c9e8de78 -> 
  custom:audio-decoder-ogg-vorbis: bf7c407c2cedff20999df2af8eb42d56 -> 
========================================================================
Received Import Request.
  Time since last request: 749654.156300 seconds.
  path: Assets/Sprites/Dnk_Dev/BabyToysKit/Prefab/P_NumberBox01_2.prefab
  artifactKey: Guid(1b848551129125b4b9282627762f492e) Importer(815301076,1909f56bfc062723c751e8b465ee728b)
Start importing Assets/Sprites/Dnk_Dev/BabyToysKit/Prefab/P_NumberBox01_2.prefab using Guid(1b848551129125b4b9282627762f492e) Importer(815301076,1909f56bfc062723c751e8b465ee728b)  -> (artifact id: 'ae071d8586347aebcbbfdcfb193ff205') in 0.242830 seconds 
========================================================================
Received Import Request.
  Time since last request: 0.000032 seconds.
  path: Assets/Sprites/Dnk_Dev/BabyToysKit/Prefab/P_WoodenColoredCubes01_Blue03.prefab
  artifactKey: Guid(ca662c608ef9a664ca85ac493a34b7a6) Importer(815301076,1909f56bfc062723c751e8b465ee728b)
Start importing Assets/Sprites/Dnk_Dev/BabyToysKit/Prefab/P_WoodenColoredCubes01_Blue03.prefab using Guid(ca662c608ef9a664ca85ac493a34b7a6) Importer(815301076,1909f56bfc062723c751e8b465ee728b)  -> (artifact id: '8dd7bbc4ed41fee046dcf7fe4cde9eb8') in 0.063949 seconds 
========================================================================
Received Import Request.
  Time since last request: 0.000035 seconds.
  path: Assets/Sprites/Dnk_Dev/BabyToysKit/Prefab/P_WoodenColoredCubes01_Violet02.prefab
  artifactKey: Guid(b580bb57b53164c498d652eaedb78464) Importer(815301076,1909f56bfc062723c751e8b465ee728b)
Start importing Assets/Sprites/Dnk_Dev/BabyToysKit/Prefab/P_WoodenColoredCubes01_Violet02.prefab using Guid(b580bb57b53164c498d652eaedb78464) Importer(815301076,1909f56bfc062723c751e8b465ee728b)  -> (artifact id: 'f4eeeed59038961ac5b4b910a53fbb92') in 0.031317 seconds 
========================================================================
Received Import Request.
  Time since last request: 0.000044 seconds.
  path: Assets/Sprites/Dnk_Dev/BabyToysKit/Prefab/P_NumberBox01_5.prefab
  artifactKey: Guid(52e85d3b0869a0047babcd438bbfbe42) Importer(815301076,1909f56bfc062723c751e8b465ee728b)
Start importing Assets/Sprites/Dnk_Dev/BabyToysKit/Prefab/P_NumberBox01_5.prefab using Guid(52e85d3b0869a0047babcd438bbfbe42) Importer(815301076,1909f56bfc062723c751e8b465ee728b)  -> (artifact id: '47fb78e19de00bc9795db27f42aae7fd') in 0.026980 seconds 
========================================================================
Received Import Request.
  Time since last request: 0.000027 seconds.
  path: Assets/Sprites/Dnk_Dev/BabyToysKit/Prefab/P_WoodenColoredCubes01_Yellow04.prefab
  artifactKey: Guid(9585ad7c8bd12054c95181ab037e4f28) Importer(815301076,1909f56bfc062723c751e8b465ee728b)
Start importing Assets/Sprites/Dnk_Dev/BabyToysKit/Prefab/P_WoodenColoredCubes01_Yellow04.prefab using Guid(9585ad7c8bd12054c95181ab037e4f28) Importer(815301076,1909f56bfc062723c751e8b465ee728b)  -> (artifact id: '05a985fea0823f7a8c9128665d74b708') in 0.029902 seconds 
========================================================================
Received Import Request.
  Time since last request: 0.000023 seconds.
  path: Assets/Sprites/Dnk_Dev/BabyToysKit/Prefab/P_WoodenColoredCubes01_Violet01.prefab
  artifactKey: Guid(f73a863717188ef449708583d277076d) Importer(815301076,1909f56bfc062723c751e8b465ee728b)
Start importing Assets/Sprites/Dnk_Dev/BabyToysKit/Prefab/P_WoodenColoredCubes01_Violet01.prefab using Guid(f73a863717188ef449708583d277076d) Importer(815301076,1909f56bfc062723c751e8b465ee728b)  -> (artifact id: 'c585f434b4e9faabe24b6497e973f903') in 0.032819 seconds 
========================================================================
Received Import Request.
  Time since last request: 0.000031 seconds.
  path: Assets/Sprites/Dnk_Dev/BabyToysKit/Prefab/P_WoodenColoredCubes01_Yellow02.prefab
  artifactKey: Guid(f986c335237e4124492a5b583cb432bb) Importer(815301076,1909f56bfc062723c751e8b465ee728b)
Start importing Assets/Sprites/Dnk_Dev/BabyToysKit/Prefab/P_WoodenColoredCubes01_Yellow02.prefab using Guid(f986c335237e4124492a5b583cb432bb) Importer(815301076,1909f56bfc062723c751e8b465ee728b)  -> (artifact id: '2e7bac99532c47e9dd099966153e9939') in 0.028757 seconds 
========================================================================
Received Import Request.
  Time since last request: 0.000034 seconds.
  path: Assets/Sprites/Dnk_Dev/BabyToysKit/Prefab/P_WoodenColoredCubes01_Green03.prefab
  artifactKey: Guid(0dc679e11b0cd57409447135f72a6243) Importer(815301076,1909f56bfc062723c751e8b465ee728b)
Start importing Assets/Sprites/Dnk_Dev/BabyToysKit/Prefab/P_WoodenColoredCubes01_Green03.prefab using Guid(0dc679e11b0cd57409447135f72a6243) Importer(815301076,1909f56bfc062723c751e8b465ee728b)  -> (artifact id: '084da982907436c5fce7eb8fe5a8d106') in 0.031445 seconds 
========================================================================
Received Import Request.
  Time since last request: 0.000030 seconds.
  path: Assets/Sprites/Dnk_Dev/BabyToysKit/Prefab/P_WoodenColoredCubes01_Red03.prefab
  artifactKey: Guid(63d62dc8786d6414983a8cff52f3d16d) Importer(815301076,1909f56bfc062723c751e8b465ee728b)
Start importing Assets/Sprites/Dnk_Dev/BabyToysKit/Prefab/P_WoodenColoredCubes01_Red03.prefab using Guid(63d62dc8786d6414983a8cff52f3d16d) Importer(815301076,1909f56bfc062723c751e8b465ee728b)  -> (artifact id: '6f0c979e4716145c879104186fa89cff') in 0.030541 seconds 
========================================================================
Received Import Request.
  Time since last request: 0.000077 seconds.
  path: Assets/Sprites/Dnk_Dev/BabyToysKit/Prefab/P_WoodenColoredCubes01_Green01.prefab
  artifactKey: Guid(d54f779700d41db468eb7590e9c82724) Importer(815301076,1909f56bfc062723c751e8b465ee728b)
Start importing Assets/Sprites/Dnk_Dev/BabyToysKit/Prefab/P_WoodenColoredCubes01_Green01.prefab using Guid(d54f779700d41db468eb7590e9c82724) Importer(815301076,1909f56bfc062723c751e8b465ee728b)  -> (artifact id: 'f91b0a551574338cfef50969f89ca42f') in 0.031554 seconds 
========================================================================
Received Import Request.
  Time since last request: 0.000028 seconds.
  path: Assets/Sprites/Dnk_Dev/BabyToysKit/Prefab/P_WoodenColoredCubes01_Yellow03.prefab
  artifactKey: Guid(d26daaff1eb897f4cb9b1d49eee98bc5) Importer(815301076,1909f56bfc062723c751e8b465ee728b)
Start importing Assets/Sprites/Dnk_Dev/BabyToysKit/Prefab/P_WoodenColoredCubes01_Yellow03.prefab using Guid(d26daaff1eb897f4cb9b1d49eee98bc5) Importer(815301076,1909f56bfc062723c751e8b465ee728b)  -> (artifact id: '2ebfce6d483f5ca7814756ef21344d2f') in 0.031296 seconds 
========================================================================
Received Import Request.
  Time since last request: 0.000041 seconds.
  path: Assets/Sprites/Dnk_Dev/BabyToysKit/Prefab/P_WoodenColoredCubes01_Blue01.prefab
  artifactKey: Guid(6b65204595781b2488d27a2b6c92cb75) Importer(815301076,1909f56bfc062723c751e8b465ee728b)
Start importing Assets/Sprites/Dnk_Dev/BabyToysKit/Prefab/P_WoodenColoredCubes01_Blue01.prefab using Guid(6b65204595781b2488d27a2b6c92cb75) Importer(815301076,1909f56bfc062723c751e8b465ee728b)  -> (artifact id: 'a5e49627dc3ff97e70150f19449121b9') in 0.031709 seconds 
Editor requested this worker to shutdown with reason: Scaling down because of idle timeout
AssetImportWorker is now disconnected from the server
Process exiting
Exiting without the bug reporter. Application will terminate with return code 0